mode: set
github.com/livp123/netxfw/internal/xdp/adapter.go:21.38,23.2 1 0
github.com/livp123/netxfw/internal/xdp/adapter.go:30.80,32.2 1 0
github.com/livp123/netxfw/internal/xdp/adapter.go:36.62,38.2 1 0
github.com/livp123/netxfw/internal/xdp/adapter.go:42.66,44.2 1 0
github.com/livp123/netxfw/internal/xdp/adapter.go:49.47,49.78 1 0
github.com/livp123/netxfw/internal/xdp/adapter.go:50.47,50.81 1 0
github.com/livp123/netxfw/internal/xdp/adapter.go:51.47,51.79 1 0
github.com/livp123/netxfw/internal/xdp/adapter.go:52.47,52.81 1 0
github.com/livp123/netxfw/internal/xdp/adapter.go:53.47,53.82 1 0
github.com/livp123/netxfw/internal/xdp/adapter.go:54.47,54.85 1 0
github.com/livp123/netxfw/internal/xdp/adapter.go:55.47,55.82 1 0
github.com/livp123/netxfw/internal/xdp/adapter.go:56.47,56.82 1 0
github.com/livp123/netxfw/internal/xdp/adapter.go:61.57,61.100 1 0
github.com/livp123/netxfw/internal/xdp/adapter.go:62.57,62.98 1 0
github.com/livp123/netxfw/internal/xdp/adapter.go:63.57,63.97 1 0
github.com/livp123/netxfw/internal/xdp/adapter.go:64.57,64.100 1 0
github.com/livp123/netxfw/internal/xdp/adapter.go:65.57,65.100 1 0
github.com/livp123/netxfw/internal/xdp/adapter.go:66.57,66.104 1 0
github.com/livp123/netxfw/internal/xdp/adapter.go:67.55,69.2 1 0
github.com/livp123/netxfw/internal/xdp/adapter.go:74.51,76.2 1 0
github.com/livp123/netxfw/internal/xdp/adapter.go:77.68,79.2 1 0
github.com/livp123/netxfw/internal/xdp/adapter.go:80.51,82.2 1 0
github.com/livp123/netxfw/internal/xdp/adapter.go:83.68,87.2 1 0
github.com/livp123/netxfw/internal/xdp/adapter.go:88.60,90.2 1 0
github.com/livp123/netxfw/internal/xdp/adapter.go:91.51,93.2 1 0
github.com/livp123/netxfw/internal/xdp/adapter.go:94.56,97.2 1 0
github.com/livp123/netxfw/internal/xdp/adapter.go:98.62,100.2 1 0
github.com/livp123/netxfw/internal/xdp/adapter.go:105.53,107.2 1 0
github.com/livp123/netxfw/internal/xdp/adapter.go:108.74,110.2 1 0
github.com/livp123/netxfw/internal/xdp/adapter.go:111.79,113.2 1 0
github.com/livp123/netxfw/internal/xdp/adapter.go:114.56,116.2 1 0
github.com/livp123/netxfw/internal/xdp/adapter.go:117.42,119.2 1 0
github.com/livp123/netxfw/internal/xdp/adapter.go:120.62,122.2 1 0
github.com/livp123/netxfw/internal/xdp/adapter.go:123.88,125.2 1 0
github.com/livp123/netxfw/internal/xdp/adapter.go:126.95,128.2 1 0
github.com/livp123/netxfw/internal/xdp/adapter.go:132.66,134.2 1 0
github.com/livp123/netxfw/internal/xdp/adapter.go:135.56,137.2 1 0
github.com/livp123/netxfw/internal/xdp/adapter.go:138.42,140.2 1 0
github.com/livp123/netxfw/internal/xdp/adapter.go:141.62,143.2 1 0
github.com/livp123/netxfw/internal/xdp/adapter.go:144.85,146.2 1 0
github.com/livp123/netxfw/internal/xdp/adapter.go:150.79,152.2 1 0
github.com/livp123/netxfw/internal/xdp/adapter.go:153.68,155.2 1 0
github.com/livp123/netxfw/internal/xdp/adapter.go:156.44,158.2 1 0
github.com/livp123/netxfw/internal/xdp/adapter.go:159.101,161.2 1 0
github.com/livp123/netxfw/internal/xdp/adapter.go:165.48,167.2 1 0
github.com/livp123/netxfw/internal/xdp/adapter.go:168.56,170.2 1 0
github.com/livp123/netxfw/internal/xdp/adapter.go:171.45,173.2 1 0
github.com/livp123/netxfw/internal/xdp/adapter.go:174.56,176.2 1 0
github.com/livp123/netxfw/internal/xdp/adapter.go:180.82,182.16 2 0
github.com/livp123/netxfw/internal/xdp/adapter.go:182.16,184.3 1 0
github.com/livp123/netxfw/internal/xdp/adapter.go:185.2,185.55 1 0
github.com/livp123/netxfw/internal/xdp/adapter.go:187.58,189.16 2 0
github.com/livp123/netxfw/internal/xdp/adapter.go:189.16,191.3 1 0
github.com/livp123/netxfw/internal/xdp/adapter.go:192.2,192.45 1 0
github.com/livp123/netxfw/internal/xdp/adapter.go:194.47,196.2 1 0
github.com/livp123/netxfw/internal/xdp/adapter.go:197.103,199.2 1 0
github.com/livp123/netxfw/internal/xdp/adapter.go:203.71,205.2 1 0
github.com/livp123/netxfw/internal/xdp/adapter.go:209.63,211.2 1 0
github.com/livp123/netxfw/internal/xdp/adapter.go:212.63,214.2 1 0
github.com/livp123/netxfw/internal/xdp/adapter.go:215.50,217.2 1 0
github.com/livp123/netxfw/internal/xdp/adapter.go:218.50,220.2 1 0
github.com/livp123/netxfw/internal/xdp/adapter.go:221.51,224.2 2 0
github.com/livp123/netxfw/internal/xdp/adapter.go:225.52,228.2 2 0
github.com/livp123/netxfw/internal/xdp/adapter.go:229.52,232.2 2 0
github.com/livp123/netxfw/internal/xdp/adapter.go:236.47,238.16 2 0
github.com/livp123/netxfw/internal/xdp/adapter.go:238.16,240.3 1 0
github.com/livp123/netxfw/internal/xdp/adapter.go:241.2,242.16 2 0
github.com/livp123/netxfw/internal/xdp/adapter.go:242.16,244.3 1 0
github.com/livp123/netxfw/internal/xdp/adapter.go:245.2,245.19 1 0
github.com/livp123/netxfw/internal/xdp/adapter.go:248.61,250.16 2 0
github.com/livp123/netxfw/internal/xdp/adapter.go:250.16,252.3 1 0
github.com/livp123/netxfw/internal/xdp/adapter.go:253.2,254.28 2 0
github.com/livp123/netxfw/internal/xdp/adapter.go:254.28,266.3 1 0
github.com/livp123/netxfw/internal/xdp/adapter.go:267.2,267.18 1 0
github.com/livp123/netxfw/internal/xdp/adapter.go:270.70,271.19 1 0
github.com/livp123/netxfw/internal/xdp/adapter.go:271.19,273.3 1 0
github.com/livp123/netxfw/internal/xdp/adapter.go:274.2,274.48 1 0
github.com/livp123/netxfw/internal/xdp/adapter.go:277.33,279.2 1 0
github.com/livp123/netxfw/internal/xdp/interfaces.go:12.48,14.16 2 1
github.com/livp123/netxfw/internal/xdp/interfaces.go:14.16,16.3 1 0
github.com/livp123/netxfw/internal/xdp/interfaces.go:17.2,18.35 2 1
github.com/livp123/netxfw/internal/xdp/interfaces.go:18.35,20.71 1 1
github.com/livp123/netxfw/internal/xdp/interfaces.go:20.71,21.30 1 1
github.com/livp123/netxfw/internal/xdp/interfaces.go:21.30,23.5 1 1
github.com/livp123/netxfw/internal/xdp/interfaces.go:26.2,26.19 1 1
github.com/livp123/netxfw/internal/xdp/interfaces.go:33.34,35.29 2 1
github.com/livp123/netxfw/internal/xdp/interfaces.go:35.29,36.33 1 1
github.com/livp123/netxfw/internal/xdp/interfaces.go:36.33,38.4 1 1
github.com/livp123/netxfw/internal/xdp/interfaces.go:40.2,40.14 1 1
github.com/livp123/netxfw/internal/xdp/lock.go:18.31,20.2 1 1
github.com/livp123/netxfw/internal/xdp/lock.go:28.90,30.16 2 1
github.com/livp123/netxfw/internal/xdp/lock.go:30.16,32.3 1 1
github.com/livp123/netxfw/internal/xdp/lock.go:33.2,42.33 7 0
github.com/livp123/netxfw/internal/xdp/lock.go:42.33,48.3 4 0
github.com/livp123/netxfw/internal/xdp/lock.go:48.8,52.3 2 0
github.com/livp123/netxfw/internal/xdp/lock.go:53.2,55.49 2 0
github.com/livp123/netxfw/internal/xdp/lock.go:55.49,57.3 1 0
github.com/livp123/netxfw/internal/xdp/lock.go:59.2,59.11 1 0
github.com/livp123/netxfw/internal/xdp/lock.go:59.11,61.21 2 0
github.com/livp123/netxfw/internal/xdp/lock.go:61.21,63.4 1 0
github.com/livp123/netxfw/internal/xdp/lock.go:64.3,64.63 1 0
github.com/livp123/netxfw/internal/xdp/lock.go:66.2,66.18 1 0
github.com/livp123/netxfw/internal/xdp/lock.go:71.64,74.2 2 0
github.com/livp123/netxfw/internal/xdp/lock.go:80.53,83.16 2 1
github.com/livp123/netxfw/internal/xdp/lock.go:83.16,85.3 1 1
github.com/livp123/netxfw/internal/xdp/lock.go:86.2,94.33 6 0
github.com/livp123/netxfw/internal/xdp/lock.go:94.33,100.3 4 0
github.com/livp123/netxfw/internal/xdp/lock.go:100.8,104.3 2 0
github.com/livp123/netxfw/internal/xdp/lock.go:105.2,107.65 2 0
github.com/livp123/netxfw/internal/xdp/lock.go:107.65,109.3 1 0
github.com/livp123/netxfw/internal/xdp/lock.go:110.2,110.12 1 0
github.com/livp123/netxfw/internal/xdp/lock.go:119.67,121.16 2 1
github.com/livp123/netxfw/internal/xdp/lock.go:121.16,123.3 1 1
github.com/livp123/netxfw/internal/xdp/lock.go:124.2,128.14 4 0
github.com/livp123/netxfw/internal/xdp/lock.go:128.14,130.3 1 0
github.com/livp123/netxfw/internal/xdp/lock.go:132.2,137.33 4 0
github.com/livp123/netxfw/internal/xdp/lock.go:137.33,142.3 4 0
github.com/livp123/netxfw/internal/xdp/lock.go:142.8,145.3 2 0
github.com/livp123/netxfw/internal/xdp/lock.go:146.2,148.29 2 0
github.com/livp123/netxfw/internal/xdp/lock.go:155.55,157.16 2 1
github.com/livp123/netxfw/internal/xdp/lock.go:157.16,159.3 1 1
github.com/livp123/netxfw/internal/xdp/lock.go:160.2,166.33 5 0
github.com/livp123/netxfw/internal/xdp/lock.go:166.33,172.3 4 0
github.com/livp123/netxfw/internal/xdp/lock.go:172.8,176.3 2 0
github.com/livp123/netxfw/internal/xdp/lock.go:177.2,179.43 2 0
github.com/livp123/netxfw/internal/xdp/lock.go:179.43,181.58 1 0
github.com/livp123/netxfw/internal/xdp/lock.go:181.58,183.4 1 0
github.com/livp123/netxfw/internal/xdp/lock.go:184.3,184.58 1 0
github.com/livp123/netxfw/internal/xdp/lock.go:186.2,186.12 1 0
github.com/livp123/netxfw/internal/xdp/lock.go:193.90,195.19 1 1
github.com/livp123/netxfw/internal/xdp/lock.go:195.19,197.3 1 1
github.com/livp123/netxfw/internal/xdp/lock.go:200.2,200.18 1 0
github.com/livp123/netxfw/internal/xdp/lock.go:200.18,201.57 1 0
github.com/livp123/netxfw/internal/xdp/lock.go:201.57,205.17 3 0
github.com/livp123/netxfw/internal/xdp/lock.go:205.17,212.36 5 0
github.com/livp123/netxfw/internal/xdp/lock.go:212.36,217.6 4 0
github.com/livp123/netxfw/internal/xdp/lock.go:217.11,220.6 2 0
github.com/livp123/netxfw/internal/xdp/lock.go:221.5,223.52 2 0
github.com/livp123/netxfw/internal/xdp/lock.go:223.52,225.6 1 0
github.com/livp123/netxfw/internal/xdp/lock.go:227.5,227.14 1 0
github.com/livp123/netxfw/internal/xdp/lock.go:227.14,229.25 2 0
github.com/livp123/netxfw/internal/xdp/lock.go:229.25,231.7 1 0
github.com/livp123/netxfw/internal/xdp/lock.go:232.6,232.38 1 0
github.com/livp123/netxfw/internal/xdp/lock.go:238.2,244.28 6 0
github.com/livp123/netxfw/internal/xdp/lock.go:244.28,247.57 2 0
github.com/livp123/netxfw/internal/xdp/lock.go:247.57,248.12 1 0
github.com/livp123/netxfw/internal/xdp/lock.go:251.3,252.22 2 0
github.com/livp123/netxfw/internal/xdp/lock.go:252.22,254.4 1 0
github.com/livp123/netxfw/internal/xdp/lock.go:255.3,256.37 2 0
github.com/livp123/netxfw/internal/xdp/lock.go:256.37,257.9 1 0
github.com/livp123/netxfw/internal/xdp/lock.go:261.2,261.31 1 0
github.com/livp123/netxfw/internal/xdp/lock.go:270.70,273.19 1 1
github.com/livp123/netxfw/internal/xdp/lock.go:273.19,275.3 1 1
github.com/livp123/netxfw/internal/xdp/lock.go:277.2,283.28 6 0
github.com/livp123/netxfw/internal/xdp/lock.go:283.28,284.47 1 0
github.com/livp123/netxfw/internal/xdp/lock.go:284.47,285.45 1 0
github.com/livp123/netxfw/internal/xdp/lock.go:285.45,287.5 1 0
github.com/livp123/netxfw/internal/xdp/lock.go:291.2,291.28 1 0
github.com/livp123/netxfw/internal/xdp/lock.go:298.108,301.18 1 0
github.com/livp123/netxfw/internal/xdp/lock.go:301.18,303.57 1 0
github.com/livp123/netxfw/internal/xdp/lock.go:303.57,307.17 3 0
github.com/livp123/netxfw/internal/xdp/lock.go:307.17,314.36 5 0
github.com/livp123/netxfw/internal/xdp/lock.go:314.36,319.6 4 0
github.com/livp123/netxfw/internal/xdp/lock.go:319.11,322.6 2 0
github.com/livp123/netxfw/internal/xdp/lock.go:323.5,325.52 2 0
github.com/livp123/netxfw/internal/xdp/lock.go:325.52,327.6 1 0
github.com/livp123/netxfw/internal/xdp/lock.go:329.5,329.14 1 0
github.com/livp123/netxfw/internal/xdp/lock.go:329.14,331.25 2 0
github.com/livp123/netxfw/internal/xdp/lock.go:331.25,333.7 1 0
github.com/livp123/netxfw/internal/xdp/lock.go:334.6,334.99 1 0
github.com/livp123/netxfw/internal/xdp/lock.go:340.2,346.28 6 0
github.com/livp123/netxfw/internal/xdp/lock.go:346.28,351.52 3 0
github.com/livp123/netxfw/internal/xdp/lock.go:351.52,353.4 1 0
github.com/livp123/netxfw/internal/xdp/lock.go:355.3,355.55 1 0
github.com/livp123/netxfw/internal/xdp/lock.go:355.55,356.12 1 0
github.com/livp123/netxfw/internal/xdp/lock.go:359.3,360.22 2 0
github.com/livp123/netxfw/internal/xdp/lock.go:360.22,362.4 1 0
github.com/livp123/netxfw/internal/xdp/lock.go:363.3,364.37 2 0
github.com/livp123/netxfw/internal/xdp/lock.go:364.37,365.9 1 0
github.com/livp123/netxfw/internal/xdp/lock.go:369.2,369.31 1 0
github.com/livp123/netxfw/internal/xdp/map_helpers.go:14.80,16.16 2 0
github.com/livp123/netxfw/internal/xdp/map_helpers.go:16.16,18.3 1 0
github.com/livp123/netxfw/internal/xdp/map_helpers.go:20.2,25.45 2 0
github.com/livp123/netxfw/internal/xdp/map_helpers.go:30.61,32.16 2 0
github.com/livp123/netxfw/internal/xdp/map_helpers.go:32.16,34.3 1 0
github.com/livp123/netxfw/internal/xdp/map_helpers.go:36.2,36.23 1 0
github.com/livp123/netxfw/internal/xdp/map_helpers.go:41.69,43.16 2 0
github.com/livp123/netxfw/internal/xdp/map_helpers.go:43.16,45.3 1 0
github.com/livp123/netxfw/internal/xdp/map_helpers.go:47.2,47.23 1 0
github.com/livp123/netxfw/internal/xdp/map_helpers.go:52.48,56.16 2 0
github.com/livp123/netxfw/internal/xdp/map_helpers.go:56.16,58.3 1 0
github.com/livp123/netxfw/internal/xdp/map_helpers.go:59.2,64.30 3 0
github.com/livp123/netxfw/internal/xdp/map_helpers.go:64.30,66.3 1 0
github.com/livp123/netxfw/internal/xdp/map_helpers.go:67.2,67.46 1 0
github.com/livp123/netxfw/internal/xdp/map_helpers.go:72.56,74.2 1 0
github.com/livp123/netxfw/internal/xdp/map_helpers.go:78.85,80.16 2 0
github.com/livp123/netxfw/internal/xdp/map_helpers.go:80.16,82.3 1 0
github.com/livp123/netxfw/internal/xdp/map_helpers.go:84.2,89.45 2 0
github.com/livp123/netxfw/internal/xdp/mock_manager.go:31.84,32.15 1 1
github.com/livp123/netxfw/internal/xdp/mock_manager.go:32.15,38.3 5 1
github.com/livp123/netxfw/internal/xdp/mock_manager.go:41.2,41.42 1 1
github.com/livp123/netxfw/internal/xdp/mock_manager.go:41.42,43.34 2 1
github.com/livp123/netxfw/internal/xdp/mock_manager.go:43.34,45.23 2 0
github.com/livp123/netxfw/internal/xdp/mock_manager.go:45.23,47.5 1 0
github.com/livp123/netxfw/internal/xdp/mock_manager.go:49.3,50.33 2 1
github.com/livp123/netxfw/internal/xdp/mock_manager.go:52.2,52.12 1 1
github.com/livp123/netxfw/internal/xdp/mock_manager.go:55.70,57.2 1 1
github.com/livp123/netxfw/internal/xdp/mock_manager.go:59.66,62.33 2 1
github.com/livp123/netxfw/internal/xdp/mock_manager.go:62.33,64.3 1 1
github.com/livp123/netxfw/internal/xdp/mock_manager.go:65.2,66.12 2 1
github.com/livp123/netxfw/internal/xdp/mock_manager.go:69.36,77.2 1 1
github.com/livp123/netxfw/internal/xdp/mock_manager.go:80.51,80.65 1 1
github.com/livp123/netxfw/internal/xdp/mock_manager.go:81.51,81.65 1 1
github.com/livp123/netxfw/internal/xdp/mock_manager.go:82.51,82.65 1 1
github.com/livp123/netxfw/internal/xdp/mock_manager.go:83.51,83.65 1 1
github.com/livp123/netxfw/internal/xdp/mock_manager.go:84.51,84.65 1 1
github.com/livp123/netxfw/internal/xdp/mock_manager.go:85.51,85.65 1 1
github.com/livp123/netxfw/internal/xdp/mock_manager.go:86.51,86.65 1 1
github.com/livp123/netxfw/internal/xdp/mock_manager.go:87.51,87.65 1 1
github.com/livp123/netxfw/internal/xdp/mock_manager.go:90.57,93.2 2 1
github.com/livp123/netxfw/internal/xdp/mock_manager.go:94.55,97.2 2 1
github.com/livp123/netxfw/internal/xdp/mock_manager.go:98.54,101.2 2 1
github.com/livp123/netxfw/internal/xdp/mock_manager.go:102.57,105.2 2 1
github.com/livp123/netxfw/internal/xdp/mock_manager.go:106.57,109.2 2 1
github.com/livp123/netxfw/internal/xdp/mock_manager.go:110.61,113.2 2 1
github.com/livp123/netxfw/internal/xdp/mock_manager.go:114.59,117.2 2 1
github.com/livp123/netxfw/internal/xdp/mock_manager.go:119.55,122.2 2 1
github.com/livp123/netxfw/internal/xdp/mock_manager.go:123.72,125.2 1 1
github.com/livp123/netxfw/internal/xdp/mock_manager.go:126.72,126.86 1 1
github.com/livp123/netxfw/internal/xdp/mock_manager.go:127.72,127.86 1 1
github.com/livp123/netxfw/internal/xdp/mock_manager.go:128.72,128.86 1 1
github.com/livp123/netxfw/internal/xdp/mock_manager.go:129.72,129.86 1 1
github.com/livp123/netxfw/internal/xdp/mock_manager.go:130.72,130.86 1 1
github.com/livp123/netxfw/internal/xdp/mock_manager.go:131.72,131.86 1 1
github.com/livp123/netxfw/internal/xdp/mock_manager.go:134.57,136.34 2 1
github.com/livp123/netxfw/internal/xdp/mock_manager.go:136.34,138.3 1 1
github.com/livp123/netxfw/internal/xdp/mock_manager.go:139.2,140.12 2 1
github.com/livp123/netxfw/internal/xdp/mock_manager.go:142.78,144.34 2 1
github.com/livp123/netxfw/internal/xdp/mock_manager.go:144.34,146.3 1 0
github.com/livp123/netxfw/internal/xdp/mock_manager.go:147.2,148.12 2 1
github.com/livp123/netxfw/internal/xdp/mock_manager.go:150.83,152.34 2 1
github.com/livp123/netxfw/internal/xdp/mock_manager.go:152.34,154.3 1 1
github.com/livp123/netxfw/internal/xdp/mock_manager.go:155.2,156.12 2 1
github.com/livp123/netxfw/internal/xdp/mock_manager.go:158.60,160.34 2 1
github.com/livp123/netxfw/internal/xdp/mock_manager.go:160.34,162.3 1 0
github.com/livp123/netxfw/internal/xdp/mock_manager.go:163.2,164.12 2 1
github.com/livp123/netxfw/internal/xdp/mock_manager.go:166.46,169.2 2 1
github.com/livp123/netxfw/internal/xdp/mock_manager.go:170.66,172.34 2 1
github.com/livp123/netxfw/internal/xdp/mock_manager.go:172.34,174.3 1 1
github.com/livp123/netxfw/internal/xdp/mock_manager.go:175.2,176.16 2 1
github.com/livp123/netxfw/internal/xdp/mock_manager.go:178.92,180.30 2 1
github.com/livp123/netxfw/internal/xdp/mock_manager.go:180.30,181.52 1 1
github.com/livp123/netxfw/internal/xdp/mock_manager.go:181.52,182.12 1 1
github.com/livp123/netxfw/internal/xdp/mock_manager.go:184.3,184.39 1 1
github.com/livp123/netxfw/internal/xdp/mock_manager.go:186.2,186.27 1 1
github.com/livp123/netxfw/internal/xdp/mock_manager.go:188.99,190.2 1 1
github.com/livp123/netxfw/internal/xdp/mock_manager.go:193.70,195.34 2 1
github.com/livp123/netxfw/internal/xdp/mock_manager.go:195.34,197.3 1 1
github.com/livp123/netxfw/internal/xdp/mock_manager.go:198.2,199.12 2 1
github.com/livp123/netxfw/internal/xdp/mock_manager.go:201.60,203.34 2 1
github.com/livp123/netxfw/internal/xdp/mock_manager.go:203.34,205.3 1 0
github.com/livp123/netxfw/internal/xdp/mock_manager.go:206.2,207.12 2 1
github.com/livp123/netxfw/internal/xdp/mock_manager.go:209.46,212.2 2 1
github.com/livp123/netxfw/internal/xdp/mock_manager.go:213.66,215.34 2 1
github.com/livp123/netxfw/internal/xdp/mock_manager.go:215.34,217.3 1 0
github.com/livp123/netxfw/internal/xdp/mock_manager.go:218.2,219.16 2 1
github.com/livp123/netxfw/internal/xdp/mock_manager.go:221.89,223.39 2 1
github.com/livp123/netxfw/internal/xdp/mock_manager.go:223.39,224.52 1 1
github.com/livp123/netxfw/internal/xdp/mock_manager.go:224.52,225.12 1 1
github.com/livp123/netxfw/internal/xdp/mock_manager.go:227.3,228.15 2 1
github.com/livp123/netxfw/internal/xdp/mock_manager.go:228.16,230.4 0 1
github.com/livp123/netxfw/internal/xdp/mock_manager.go:231.3,231.27 1 1
github.com/livp123/netxfw/internal/xdp/mock_manager.go:233.2,233.27 1 1
github.com/livp123/netxfw/internal/xdp/mock_manager.go:237.83,241.2 2 1
github.com/livp123/netxfw/internal/xdp/mock_manager.go:242.72,245.2 2 1
github.com/livp123/netxfw/internal/xdp/mock_manager.go:246.48,249.2 2 1
github.com/livp123/netxfw/internal/xdp/mock_manager.go:250.109,252.40 2 1
github.com/livp123/netxfw/internal/xdp/mock_manager.go:252.40,254.3 1 1
github.com/livp123/netxfw/internal/xdp/mock_manager.go:255.2,255.31 1 1
github.com/livp123/netxfw/internal/xdp/mock_manager.go:259.52,262.2 2 1
github.com/livp123/netxfw/internal/xdp/mock_manager.go:263.60,266.2 2 1
github.com/livp123/netxfw/internal/xdp/mock_manager.go:267.49,270.2 2 1
github.com/livp123/netxfw/internal/xdp/mock_manager.go:271.60,273.38 2 1
github.com/livp123/netxfw/internal/xdp/mock_manager.go:273.38,275.3 1 1
github.com/livp123/netxfw/internal/xdp/mock_manager.go:276.2,276.19 1 1
github.com/livp123/netxfw/internal/xdp/mock_manager.go:280.86,283.2 2 1
github.com/livp123/netxfw/internal/xdp/mock_manager.go:284.62,287.2 2 1
github.com/livp123/netxfw/internal/xdp/mock_manager.go:288.51,291.2 2 1
github.com/livp123/netxfw/internal/xdp/mock_manager.go:292.111,294.2 1 1
github.com/livp123/netxfw/internal/xdp/mock_manager.go:297.75,299.2 1 1
github.com/livp123/netxfw/internal/xdp/mock_manager.go:302.67,302.86 1 1
github.com/livp123/netxfw/internal/xdp/mock_manager.go:303.67,303.86 1 1
github.com/livp123/netxfw/internal/xdp/mock_manager.go:304.67,304.84 1 1
github.com/livp123/netxfw/internal/xdp/mock_manager.go:305.67,305.84 1 1
github.com/livp123/netxfw/internal/xdp/mock_manager.go:306.67,306.99 1 1
github.com/livp123/netxfw/internal/xdp/mock_manager.go:307.67,307.102 1 1
github.com/livp123/netxfw/internal/xdp/mock_manager.go:308.67,308.84 1 1
github.com/livp123/netxfw/internal/xdp/mock_manager.go:310.37,310.51 1 1
github.com/livp123/netxfw/internal/xdp/netxfw_bpfel.go:90.49,93.16 3 0
github.com/livp123/netxfw/internal/xdp/netxfw_bpfel.go:93.16,95.3 1 0
github.com/livp123/netxfw/internal/xdp/netxfw_bpfel.go:97.2,97.18 1 0
github.com/livp123/netxfw/internal/xdp/netxfw_bpfel.go:109.77,111.16 2 0
github.com/livp123/netxfw/internal/xdp/netxfw_bpfel.go:111.16,113.3 1 0
github.com/livp123/netxfw/internal/xdp/netxfw_bpfel.go:115.2,115.38 1 0
github.com/livp123/netxfw/internal/xdp/netxfw_bpfel.go:192.39,197.2 1 0
github.com/livp123/netxfw/internal/xdp/netxfw_bpfel.go:222.36,242.2 1 0
github.com/livp123/netxfw/internal/xdp/netxfw_bpfel.go:277.40,284.2 1 0
github.com/livp123/netxfw/internal/xdp/netxfw_bpfel.go:286.47,287.33 1 0
github.com/livp123/netxfw/internal/xdp/netxfw_bpfel.go:287.33,288.40 1 0
github.com/livp123/netxfw/internal/xdp/netxfw_bpfel.go:288.40,290.4 1 0
github.com/livp123/netxfw/internal/xdp/netxfw_bpfel.go:292.2,292.12 1 0
github.com/livp123/netxfw/internal/xdp/sync.go:22.66,27.2 2 0
github.com/livp123/netxfw/internal/xdp/sync.go:33.80,34.66 1 0
github.com/livp123/netxfw/internal/xdp/sync.go:34.66,36.3 1 0
github.com/livp123/netxfw/internal/xdp/sync.go:38.2,38.15 1 0
github.com/livp123/netxfw/internal/xdp/sync.go:38.15,41.3 2 0
github.com/livp123/netxfw/internal/xdp/sync.go:43.2,46.42 2 0
github.com/livp123/netxfw/internal/xdp/sync.go:46.42,51.98 3 0
github.com/livp123/netxfw/internal/xdp/sync.go:51.98,53.23 2 0
github.com/livp123/netxfw/internal/xdp/sync.go:53.23,55.64 2 0
github.com/livp123/netxfw/internal/xdp/sync.go:55.64,57.6 1 0
github.com/livp123/netxfw/internal/xdp/sync.go:61.3,64.23 3 0
github.com/livp123/netxfw/internal/xdp/sync.go:64.23,65.57 1 0
github.com/livp123/netxfw/internal/xdp/sync.go:65.57,67.5 1 0
github.com/livp123/netxfw/internal/xdp/sync.go:72.2,73.16 2 0
github.com/livp123/netxfw/internal/xdp/sync.go:73.16,75.3 1 0
github.com/livp123/netxfw/internal/xdp/sync.go:76.2,80.21 4 0
github.com/livp123/netxfw/internal/xdp/sync.go:80.21,84.49 2 0
github.com/livp123/netxfw/internal/xdp/sync.go:84.49,85.12 1 0
github.com/livp123/netxfw/internal/xdp/sync.go:88.3,90.17 3 0
github.com/livp123/netxfw/internal/xdp/sync.go:90.17,92.17 2 0
github.com/livp123/netxfw/internal/xdp/sync.go:92.17,94.13 2 0
github.com/livp123/netxfw/internal/xdp/sync.go:96.4,96.23 1 0
github.com/livp123/netxfw/internal/xdp/sync.go:96.23,98.5 1 0
github.com/livp123/netxfw/internal/xdp/sync.go:98.10,100.5 1 0
github.com/livp123/netxfw/internal/xdp/sync.go:101.9,103.4 1 0
github.com/livp123/netxfw/internal/xdp/sync.go:105.3,109.5 1 0
github.com/livp123/netxfw/internal/xdp/sync.go:113.2,113.28 1 0
github.com/livp123/netxfw/internal/xdp/sync.go:113.28,117.23 3 0
github.com/livp123/netxfw/internal/xdp/sync.go:117.23,118.12 1 0
github.com/livp123/netxfw/internal/xdp/sync.go:121.3,121.93 1 0
github.com/livp123/netxfw/internal/xdp/sync.go:121.93,123.4 1 0
github.com/livp123/netxfw/internal/xdp/sync.go:127.2,127.44 1 0
github.com/livp123/netxfw/internal/xdp/sync.go:127.44,129.17 2 0
github.com/livp123/netxfw/internal/xdp/sync.go:129.17,131.17 2 0
github.com/livp123/netxfw/internal/xdp/sync.go:131.17,133.24 2 0
github.com/livp123/netxfw/internal/xdp/sync.go:133.24,135.6 1 0
github.com/livp123/netxfw/internal/xdp/sync.go:136.5,136.43 1 0
github.com/livp123/netxfw/internal/xdp/sync.go:139.3,139.19 1 0
github.com/livp123/netxfw/internal/xdp/sync.go:139.19,140.78 1 0
github.com/livp123/netxfw/internal/xdp/sync.go:140.78,142.5 1 0
github.com/livp123/netxfw/internal/xdp/sync.go:147.2,147.45 1 0
github.com/livp123/netxfw/internal/xdp/sync.go:147.45,148.48 1 0
github.com/livp123/netxfw/internal/xdp/sync.go:148.48,150.4 1 0
github.com/livp123/netxfw/internal/xdp/sync.go:154.2,154.43 1 0
github.com/livp123/netxfw/internal/xdp/sync.go:154.43,156.17 2 0
github.com/livp123/netxfw/internal/xdp/sync.go:156.17,158.17 2 0
github.com/livp123/netxfw/internal/xdp/sync.go:158.17,160.24 2 0
github.com/livp123/netxfw/internal/xdp/sync.go:160.24,162.6 1 0
github.com/livp123/netxfw/internal/xdp/sync.go:163.5,163.43 1 0
github.com/livp123/netxfw/internal/xdp/sync.go:166.3,166.19 1 0
github.com/livp123/netxfw/internal/xdp/sync.go:166.19,167.75 1 0
github.com/livp123/netxfw/internal/xdp/sync.go:167.75,169.5 1 0
github.com/livp123/netxfw/internal/xdp/sync.go:174.2,174.63 1 0
github.com/livp123/netxfw/internal/xdp/sync.go:174.63,176.3 1 0
github.com/livp123/netxfw/internal/xdp/sync.go:177.2,177.77 1 0
github.com/livp123/netxfw/internal/xdp/sync.go:177.77,179.3 1 0
github.com/livp123/netxfw/internal/xdp/sync.go:180.2,180.59 1 0
github.com/livp123/netxfw/internal/xdp/sync.go:180.59,182.3 1 0
github.com/livp123/netxfw/internal/xdp/sync.go:183.2,183.63 1 0
github.com/livp123/netxfw/internal/xdp/sync.go:183.63,185.3 1 0
github.com/livp123/netxfw/internal/xdp/sync.go:186.2,186.82 1 0
github.com/livp123/netxfw/internal/xdp/sync.go:186.82,188.3 1 0
github.com/livp123/netxfw/internal/xdp/sync.go:189.2,189.68 1 0
github.com/livp123/netxfw/internal/xdp/sync.go:189.68,191.3 1 0
github.com/livp123/netxfw/internal/xdp/sync.go:192.2,192.62 1 0
github.com/livp123/netxfw/internal/xdp/sync.go:192.62,194.3 1 0
github.com/livp123/netxfw/internal/xdp/sync.go:195.2,195.36 1 0
github.com/livp123/netxfw/internal/xdp/sync.go:195.36,196.73 1 0
github.com/livp123/netxfw/internal/xdp/sync.go:196.73,198.4 1 0
github.com/livp123/netxfw/internal/xdp/sync.go:201.2,202.41 2 0
github.com/livp123/netxfw/internal/xdp/sync.go:202.41,203.78 1 0
github.com/livp123/netxfw/internal/xdp/sync.go:203.78,205.4 1 0
github.com/livp123/netxfw/internal/xdp/sync.go:210.2,212.12 2 0
github.com/livp123/netxfw/internal/xdp/sync.go:217.87,218.35 1 0
github.com/livp123/netxfw/internal/xdp/sync.go:218.35,220.3 1 0
github.com/livp123/netxfw/internal/xdp/sync.go:222.2,224.16 3 0
github.com/livp123/netxfw/internal/xdp/sync.go:224.16,227.3 2 0
github.com/livp123/netxfw/internal/xdp/sync.go:229.2,229.56 1 0
github.com/livp123/netxfw/internal/xdp/sync.go:229.56,234.3 4 0
github.com/livp123/netxfw/internal/xdp/sync.go:235.2,238.53 3 0
github.com/livp123/netxfw/internal/xdp/sync.go:238.53,242.3 3 0
github.com/livp123/netxfw/internal/xdp/sync.go:243.2,244.85 2 0
github.com/livp123/netxfw/internal/xdp/sync.go:249.62,250.33 1 0
github.com/livp123/netxfw/internal/xdp/sync.go:250.33,252.3 1 0
github.com/livp123/netxfw/internal/xdp/sync.go:254.2,258.16 3 0
github.com/livp123/netxfw/internal/xdp/sync.go:258.16,260.28 2 0
github.com/livp123/netxfw/internal/xdp/sync.go:260.28,261.25 1 0
github.com/livp123/netxfw/internal/xdp/sync.go:261.25,263.5 1 0
github.com/livp123/netxfw/internal/xdp/sync.go:263.10,265.5 1 0
github.com/livp123/netxfw/internal/xdp/sync.go:267.3,267.36 1 0
github.com/livp123/netxfw/internal/xdp/sync.go:271.2,272.16 2 0
github.com/livp123/netxfw/internal/xdp/sync.go:272.16,274.3 1 0
github.com/livp123/netxfw/internal/xdp/sync.go:277.2,278.16 2 0
github.com/livp123/netxfw/internal/xdp/sync.go:278.16,282.49 2 0
github.com/livp123/netxfw/internal/xdp/sync.go:282.49,283.38 1 0
github.com/livp123/netxfw/internal/xdp/sync.go:283.38,286.24 2 0
github.com/livp123/netxfw/internal/xdp/sync.go:286.24,293.30 6 0
github.com/livp123/netxfw/internal/xdp/sync.go:293.30,295.7 1 0
github.com/livp123/netxfw/internal/xdp/sync.go:297.6,301.8 1 0
github.com/livp123/netxfw/internal/xdp/sync.go:306.3,307.40 2 0
github.com/livp123/netxfw/internal/xdp/sync.go:311.2,311.52 1 0
github.com/livp123/netxfw/internal/xdp/sync.go:311.52,313.3 1 0
github.com/livp123/netxfw/internal/xdp/sync.go:316.2,316.62 1 0
github.com/livp123/netxfw/internal/xdp/sync.go:316.62,318.35 2 0
github.com/livp123/netxfw/internal/xdp/sync.go:318.35,324.4 1 0
github.com/livp123/netxfw/internal/xdp/sync.go:325.3,325.37 1 0
github.com/livp123/netxfw/internal/xdp/sync.go:329.2,329.27 1 0
github.com/livp123/netxfw/internal/xdp/sync.go:329.27,334.59 4 0
github.com/livp123/netxfw/internal/xdp/sync.go:334.59,336.4 1 0
github.com/livp123/netxfw/internal/xdp/sync.go:337.3,338.59 2 0
github.com/livp123/netxfw/internal/xdp/sync.go:338.59,340.4 1 0
github.com/livp123/netxfw/internal/xdp/sync.go:341.3,342.59 2 0
github.com/livp123/netxfw/internal/xdp/sync.go:342.59,344.4 1 0
github.com/livp123/netxfw/internal/xdp/sync.go:345.3,346.59 2 0
github.com/livp123/netxfw/internal/xdp/sync.go:346.59,348.4 1 0
github.com/livp123/netxfw/internal/xdp/sync.go:349.3,350.59 2 0
github.com/livp123/netxfw/internal/xdp/sync.go:350.59,352.4 1 0
github.com/livp123/netxfw/internal/xdp/sync.go:353.3,354.59 2 0
github.com/livp123/netxfw/internal/xdp/sync.go:354.59,356.4 1 0
github.com/livp123/netxfw/internal/xdp/sync.go:357.3,358.59 2 0
github.com/livp123/netxfw/internal/xdp/sync.go:358.59,360.4 1 0
github.com/livp123/netxfw/internal/xdp/sync.go:361.3,362.59 2 0
github.com/livp123/netxfw/internal/xdp/sync.go:362.59,364.4 1 0
github.com/livp123/netxfw/internal/xdp/sync.go:365.3,366.59 2 0
github.com/livp123/netxfw/internal/xdp/sync.go:366.59,368.4 1 0
github.com/livp123/netxfw/internal/xdp/sync.go:372.2,373.28 2 0
github.com/livp123/netxfw/internal/xdp/sync.go:373.28,378.3 1 0
github.com/livp123/netxfw/internal/xdp/sync.go:379.2,379.91 1 0
github.com/livp123/netxfw/internal/xdp/sync.go:379.91,381.3 1 0
github.com/livp123/netxfw/internal/xdp/sync.go:382.2,382.12 1 0
github.com/livp123/netxfw/internal/xdp/sync.go:387.31,389.28 2 0
github.com/livp123/netxfw/internal/xdp/sync.go:389.28,390.18 1 0
github.com/livp123/netxfw/internal/xdp/sync.go:390.18,391.12 1 0
github.com/livp123/netxfw/internal/xdp/sync.go:393.3,395.28 3 0
github.com/livp123/netxfw/internal/xdp/sync.go:395.28,397.4 1 0
github.com/livp123/netxfw/internal/xdp/sync.go:399.2,399.41 1 0
github.com/livp123/netxfw/internal/xdp/sync.go:404.46,410.24 5 0
github.com/livp123/netxfw/internal/xdp/sync.go:410.24,411.42 1 0
github.com/livp123/netxfw/internal/xdp/sync.go:411.42,413.4 1 0
github.com/livp123/netxfw/internal/xdp/sync.go:415.2,415.28 1 0
github.com/livp123/netxfw/internal/xdp/utils.go:12.51,14.16 2 1
github.com/livp123/netxfw/internal/xdp/utils.go:14.16,16.3 1 1
github.com/livp123/netxfw/internal/xdp/utils.go:17.2,22.33 4 1
github.com/livp123/netxfw/internal/xdp/utils.go:22.33,27.3 4 1
github.com/livp123/netxfw/internal/xdp/utils.go:27.8,30.3 2 1
github.com/livp123/netxfw/internal/xdp/utils.go:32.2,32.17 1 1
github.com/livp123/netxfw/internal/xdp/utils.go:37.76,39.16 2 0
github.com/livp123/netxfw/internal/xdp/utils.go:39.16,41.3 1 0
github.com/livp123/netxfw/internal/xdp/utils.go:42.2,48.33 5 0
github.com/livp123/netxfw/internal/xdp/utils.go:48.33,53.3 4 0
github.com/livp123/netxfw/internal/xdp/utils.go:53.8,56.3 2 0
github.com/livp123/netxfw/internal/xdp/utils.go:58.2,58.17 1 0
github.com/livp123/netxfw/internal/xdp/utils.go:63.47,66.26 2 1
github.com/livp123/netxfw/internal/xdp/utils.go:66.26,67.31 1 1
github.com/livp123/netxfw/internal/xdp/utils.go:67.31,69.9 2 0
github.com/livp123/netxfw/internal/xdp/utils.go:72.2,72.82 1 1
github.com/livp123/netxfw/internal/xdp/utils.go:72.82,80.3 2 1
github.com/livp123/netxfw/internal/xdp/utils.go:81.2,82.20 2 0
github.com/livp123/netxfw/internal/xdp/utils.go:87.45,92.26 4 1
github.com/livp123/netxfw/internal/xdp/utils.go:92.26,93.36 1 1
github.com/livp123/netxfw/internal/xdp/utils.go:93.36,95.9 2 0
github.com/livp123/netxfw/internal/xdp/utils.go:98.2,98.92 1 1
github.com/livp123/netxfw/internal/xdp/utils.go:98.92,99.22 1 1
github.com/livp123/netxfw/internal/xdp/utils.go:99.22,101.4 1 1
github.com/livp123/netxfw/internal/xdp/utils.go:103.2,103.47 1 1
github.com/livp123/netxfw/internal/xdp/xdp_config.go:16.62,17.74 1 0
github.com/livp123/netxfw/internal/xdp/xdp_config.go:17.74,19.3 1 0
github.com/livp123/netxfw/internal/xdp/xdp_config.go:22.2,26.68 5 0
github.com/livp123/netxfw/internal/xdp/xdp_config.go:33.53,35.12 2 0
github.com/livp123/netxfw/internal/xdp/xdp_config.go:35.12,37.3 1 0
github.com/livp123/netxfw/internal/xdp/xdp_config.go:38.2,38.47 1 0
github.com/livp123/netxfw/internal/xdp/xdp_config.go:45.60,47.12 2 0
github.com/livp123/netxfw/internal/xdp/xdp_config.go:47.12,49.3 1 0
github.com/livp123/netxfw/internal/xdp/xdp_config.go:50.2,50.54 1 0
github.com/livp123/netxfw/internal/xdp/xdp_config.go:57.51,59.12 2 0
github.com/livp123/netxfw/internal/xdp/xdp_config.go:59.12,61.3 1 0
github.com/livp123/netxfw/internal/xdp/xdp_config.go:62.2,62.45 1 0
github.com/livp123/netxfw/internal/xdp/xdp_config.go:69.62,70.61 1 0
github.com/livp123/netxfw/internal/xdp/xdp_config.go:70.61,72.3 1 0
github.com/livp123/netxfw/internal/xdp/xdp_config.go:73.2,73.47 1 0
github.com/livp123/netxfw/internal/xdp/xdp_config.go:80.68,82.2 1 0
github.com/livp123/netxfw/internal/xdp/xdp_config.go:88.51,90.12 2 0
github.com/livp123/netxfw/internal/xdp/xdp_config.go:90.12,92.3 1 0
github.com/livp123/netxfw/internal/xdp/xdp_config.go:93.2,93.51 1 0
github.com/livp123/netxfw/internal/xdp/xdp_config.go:100.53,102.12 2 0
github.com/livp123/netxfw/internal/xdp/xdp_config.go:102.12,104.3 1 0
github.com/livp123/netxfw/internal/xdp/xdp_config.go:105.2,105.47 1 0
github.com/livp123/netxfw/internal/xdp/xdp_config.go:112.55,114.12 2 0
github.com/livp123/netxfw/internal/xdp/xdp_config.go:114.12,116.3 1 0
github.com/livp123/netxfw/internal/xdp/xdp_config.go:117.2,117.49 1 0
github.com/livp123/netxfw/internal/xdp/xdp_config.go:124.51,126.12 2 0
github.com/livp123/netxfw/internal/xdp/xdp_config.go:126.12,128.3 1 0
github.com/livp123/netxfw/internal/xdp/xdp_config.go:129.2,129.45 1 0
github.com/livp123/netxfw/internal/xdp/xdp_config.go:136.50,138.12 2 0
github.com/livp123/netxfw/internal/xdp/xdp_config.go:138.12,140.3 1 0
github.com/livp123/netxfw/internal/xdp/xdp_config.go:141.2,141.44 1 0
github.com/livp123/netxfw/internal/xdp/xdp_config.go:148.57,150.12 2 0
github.com/livp123/netxfw/internal/xdp/xdp_config.go:150.12,152.3 1 0
github.com/livp123/netxfw/internal/xdp/xdp_config.go:153.2,153.51 1 0
github.com/livp123/netxfw/internal/xdp/xdp_config.go:160.53,162.12 2 0
github.com/livp123/netxfw/internal/xdp/xdp_config.go:162.12,164.3 1 0
github.com/livp123/netxfw/internal/xdp/xdp_config.go:165.2,165.47 1 0
github.com/livp123/netxfw/internal/xdp/xdp_config.go:172.56,174.12 2 0
github.com/livp123/netxfw/internal/xdp/xdp_config.go:174.12,176.3 1 0
github.com/livp123/netxfw/internal/xdp/xdp_config.go:177.2,177.47 1 0
github.com/livp123/netxfw/internal/xdp/xdp_config.go:184.53,186.12 2 0
github.com/livp123/netxfw/internal/xdp/xdp_config.go:186.12,188.3 1 0
github.com/livp123/netxfw/internal/xdp/xdp_config.go:189.2,189.47 1 0
github.com/livp123/netxfw/internal/xdp/xdp_config.go:196.51,198.12 2 0
github.com/livp123/netxfw/internal/xdp/xdp_config.go:198.12,200.3 1 0
github.com/livp123/netxfw/internal/xdp/xdp_config.go:201.2,201.45 1 0
github.com/livp123/netxfw/internal/xdp/xdp_config.go:208.66,210.2 1 0
github.com/livp123/netxfw/internal/xdp/xdp_lifecycle.go:27.53,28.34 1 0
github.com/livp123/netxfw/internal/xdp/xdp_lifecycle.go:28.34,30.17 2 0
github.com/livp123/netxfw/internal/xdp/xdp_lifecycle.go:30.17,32.12 2 0
github.com/livp123/netxfw/internal/xdp/xdp_lifecycle.go:36.3,39.63 3 0
github.com/livp123/netxfw/internal/xdp/xdp_lifecycle.go:39.63,40.55 1 0
github.com/livp123/netxfw/internal/xdp/xdp_lifecycle.go:40.55,44.5 3 0
github.com/livp123/netxfw/internal/xdp/xdp_lifecycle.go:44.10,48.5 3 0
github.com/livp123/netxfw/internal/xdp/xdp_lifecycle.go:51.3,51.16 1 0
github.com/livp123/netxfw/internal/xdp/xdp_lifecycle.go:51.16,61.31 2 0
github.com/livp123/netxfw/internal/xdp/xdp_lifecycle.go:61.31,74.19 2 0
github.com/livp123/netxfw/internal/xdp/xdp_lifecycle.go:74.19,78.50 2 0
github.com/livp123/netxfw/internal/xdp/xdp_lifecycle.go:78.50,81.15 3 0
github.com/livp123/netxfw/internal/xdp/xdp_lifecycle.go:83.6,85.11 3 0
github.com/livp123/netxfw/internal/xdp/xdp_lifecycle.go:87.5,87.97 1 0
github.com/livp123/netxfw/internal/xdp/xdp_lifecycle.go:93.3,100.66 4 0
github.com/livp123/netxfw/internal/xdp/xdp_lifecycle.go:100.66,101.53 1 0
github.com/livp123/netxfw/internal/xdp/xdp_lifecycle.go:101.53,105.5 3 0
github.com/livp123/netxfw/internal/xdp/xdp_lifecycle.go:105.10,108.5 2 0
github.com/livp123/netxfw/internal/xdp/xdp_lifecycle.go:111.3,111.18 1 0
github.com/livp123/netxfw/internal/xdp/xdp_lifecycle.go:111.18,117.24 2 0
github.com/livp123/netxfw/internal/xdp/xdp_lifecycle.go:117.24,119.56 2 0
github.com/livp123/netxfw/internal/xdp/xdp_lifecycle.go:119.56,122.6 2 0
github.com/livp123/netxfw/internal/xdp/xdp_lifecycle.go:122.11,124.6 1 0
github.com/livp123/netxfw/internal/xdp/xdp_lifecycle.go:125.10,127.5 1 0
github.com/livp123/netxfw/internal/xdp/xdp_lifecycle.go:130.3,130.16 1 0
github.com/livp123/netxfw/internal/xdp/xdp_lifecycle.go:130.16,132.4 1 0
github.com/livp123/netxfw/internal/xdp/xdp_lifecycle.go:134.2,134.12 1 0
github.com/livp123/netxfw/internal/xdp/xdp_lifecycle.go:141.53,142.34 1 0
github.com/livp123/netxfw/internal/xdp/xdp_lifecycle.go:142.34,145.17 3 0
github.com/livp123/netxfw/internal/xdp/xdp_lifecycle.go:145.17,150.12 2 0
github.com/livp123/netxfw/internal/xdp/xdp_lifecycle.go:152.3,152.35 1 0
github.com/livp123/netxfw/internal/xdp/xdp_lifecycle.go:152.35,154.4 1 0
github.com/livp123/netxfw/internal/xdp/xdp_lifecycle.go:154.9,157.4 2 0
github.com/livp123/netxfw/internal/xdp/xdp_lifecycle.go:160.3,161.66 2 0
github.com/livp123/netxfw/internal/xdp/xdp_lifecycle.go:161.66,162.37 1 0
github.com/livp123/netxfw/internal/xdp/xdp_lifecycle.go:162.37,164.5 1 0
github.com/livp123/netxfw/internal/xdp/xdp_lifecycle.go:164.10,167.5 2 0
github.com/livp123/netxfw/internal/xdp/xdp_lifecycle.go:170.2,170.12 1 0
github.com/livp123/netxfw/internal/xdp/xdp_lifecycle.go:178.62,180.16 2 0
github.com/livp123/netxfw/internal/xdp/xdp_lifecycle.go:180.16,181.25 1 0
github.com/livp123/netxfw/internal/xdp/xdp_lifecycle.go:181.25,183.4 1 0
github.com/livp123/netxfw/internal/xdp/xdp_lifecycle.go:184.3,184.18 1 0
github.com/livp123/netxfw/internal/xdp/xdp_lifecycle.go:187.2,188.32 2 0
github.com/livp123/netxfw/internal/xdp/xdp_lifecycle.go:188.32,189.65 1 0
github.com/livp123/netxfw/internal/xdp/xdp_lifecycle.go:189.65,192.4 2 0
github.com/livp123/netxfw/internal/xdp/xdp_lifecycle.go:194.2,194.24 1 0
github.com/livp123/netxfw/internal/xdp/xdp_lifecycle.go:201.38,202.49 1 0
github.com/livp123/netxfw/internal/xdp/xdp_lifecycle.go:202.49,204.3 1 0
github.com/livp123/netxfw/internal/xdp/xdp_lifecycle.go:205.2,205.27 1 0
github.com/livp123/netxfw/internal/xdp/xdp_lifecycle.go:212.42,213.48 1 0
github.com/livp123/netxfw/internal/xdp/xdp_lifecycle.go:213.48,215.3 1 0
github.com/livp123/netxfw/internal/xdp/xdp_lifecycle.go:217.2,217.49 1 0
github.com/livp123/netxfw/internal/xdp/xdp_lifecycle.go:217.49,218.21 1 0
github.com/livp123/netxfw/internal/xdp/xdp_lifecycle.go:218.21,220.4 1 0
github.com/livp123/netxfw/internal/xdp/xdp_lifecycle.go:221.3,223.40 3 0
github.com/livp123/netxfw/internal/xdp/xdp_lifecycle.go:223.40,225.4 1 0
github.com/livp123/netxfw/internal/xdp/xdp_lifecycle.go:228.2,243.12 15 0
github.com/livp123/netxfw/internal/xdp/xdp_lifecycle.go:248.44,250.26 2 0
github.com/livp123/netxfw/internal/xdp/xdp_lifecycle.go:250.26,252.3 1 0
github.com/livp123/netxfw/internal/xdp/xdp_lifecycle.go:253.2,258.30 6 0
github.com/livp123/netxfw/internal/xdp/xdp_lifecycle.go:258.30,260.3 1 0
github.com/livp123/netxfw/internal/xdp/xdp_lifecycle.go:261.2,263.24 3 0
github.com/livp123/netxfw/internal/xdp/xdp_lifecycle.go:263.24,265.3 1 0
github.com/livp123/netxfw/internal/xdp/xdp_lifecycle.go:266.2,268.27 3 0
github.com/livp123/netxfw/internal/xdp/xdp_manager.go:40.66,41.22 1 0
github.com/livp123/netxfw/internal/xdp/xdp_manager.go:41.22,42.75 1 0
github.com/livp123/netxfw/internal/xdp/xdp_manager.go:42.75,44.4 1 0
github.com/livp123/netxfw/internal/xdp/xdp_manager.go:46.2,46.25 1 0
github.com/livp123/netxfw/internal/xdp/xdp_manager.go:46.25,47.84 1 0
github.com/livp123/netxfw/internal/xdp/xdp_manager.go:47.84,49.4 1 0
github.com/livp123/netxfw/internal/xdp/xdp_manager.go:51.2,51.23 1 0
github.com/livp123/netxfw/internal/xdp/xdp_manager.go:51.23,52.78 1 0
github.com/livp123/netxfw/internal/xdp/xdp_manager.go:52.78,54.4 1 0
github.com/livp123/netxfw/internal/xdp/xdp_manager.go:56.2,56.25 1 0
github.com/livp123/netxfw/internal/xdp/xdp_manager.go:56.25,57.84 1 0
github.com/livp123/netxfw/internal/xdp/xdp_manager.go:57.84,59.4 1 0
github.com/livp123/netxfw/internal/xdp/xdp_manager.go:61.2,61.23 1 0
github.com/livp123/netxfw/internal/xdp/xdp_manager.go:61.23,62.84 1 0
github.com/livp123/netxfw/internal/xdp/xdp_manager.go:62.84,64.4 1 0
github.com/livp123/netxfw/internal/xdp/xdp_manager.go:66.2,66.26 1 0
github.com/livp123/netxfw/internal/xdp/xdp_manager.go:66.26,67.87 1 0
github.com/livp123/netxfw/internal/xdp/xdp_manager.go:67.87,69.4 1 0
github.com/livp123/netxfw/internal/xdp/xdp_manager.go:71.2,71.13 1 0
github.com/livp123/netxfw/internal/xdp/xdp_manager.go:79.76,81.47 1 0
github.com/livp123/netxfw/internal/xdp/xdp_manager.go:81.47,83.3 1 0
github.com/livp123/netxfw/internal/xdp/xdp_manager.go:86.2,87.16 2 0
github.com/livp123/netxfw/internal/xdp/xdp_manager.go:87.16,89.3 1 0
github.com/livp123/netxfw/internal/xdp/xdp_manager.go:92.2,92.23 1 0
github.com/livp123/netxfw/internal/xdp/xdp_manager.go:92.23,93.50 1 0
github.com/livp123/netxfw/internal/xdp/xdp_manager.go:93.50,95.4 1 0
github.com/livp123/netxfw/internal/xdp/xdp_manager.go:97.2,97.22 1 0
github.com/livp123/netxfw/internal/xdp/xdp_manager.go:97.22,98.49 1 0
github.com/livp123/netxfw/internal/xdp/xdp_manager.go:98.49,100.4 1 0
github.com/livp123/netxfw/internal/xdp/xdp_manager.go:102.2,102.25 1 0
github.com/livp123/netxfw/internal/xdp/xdp_manager.go:102.25,103.52 1 0
github.com/livp123/netxfw/internal/xdp/xdp_manager.go:103.52,105.4 1 0
github.com/livp123/netxfw/internal/xdp/xdp_manager.go:107.2,107.23 1 0
github.com/livp123/netxfw/internal/xdp/xdp_manager.go:107.23,108.50 1 0
github.com/livp123/netxfw/internal/xdp/xdp_manager.go:108.50,110.4 1 0
github.com/livp123/netxfw/internal/xdp/xdp_manager.go:112.2,112.25 1 0
github.com/livp123/netxfw/internal/xdp/xdp_manager.go:112.25,113.52 1 0
github.com/livp123/netxfw/internal/xdp/xdp_manager.go:113.52,115.4 1 0
github.com/livp123/netxfw/internal/xdp/xdp_manager.go:117.2,117.26 1 0
github.com/livp123/netxfw/internal/xdp/xdp_manager.go:117.26,118.53 1 0
github.com/livp123/netxfw/internal/xdp/xdp_manager.go:118.53,120.4 1 0
github.com/livp123/netxfw/internal/xdp/xdp_manager.go:124.2,125.55 2 0
github.com/livp123/netxfw/internal/xdp/xdp_manager.go:125.55,127.3 1 0
github.com/livp123/netxfw/internal/xdp/xdp_manager.go:129.2,150.25 2 0
github.com/livp123/netxfw/internal/xdp/xdp_manager.go:150.25,151.97 1 0
github.com/livp123/netxfw/internal/xdp/xdp_manager.go:151.97,153.4 1 0
github.com/livp123/netxfw/internal/xdp/xdp_manager.go:155.2,155.25 1 0
github.com/livp123/netxfw/internal/xdp/xdp_manager.go:155.25,156.97 1 0
github.com/livp123/netxfw/internal/xdp/xdp_manager.go:156.97,158.4 1 0
github.com/livp123/netxfw/internal/xdp/xdp_manager.go:161.2,161.21 1 0
github.com/livp123/netxfw/internal/xdp/xdp_manager.go:170.71,172.47 1 0
github.com/livp123/netxfw/internal/xdp/xdp_manager.go:172.47,174.3 1 0
github.com/livp123/netxfw/internal/xdp/xdp_manager.go:178.2,201.32 3 0
github.com/livp123/netxfw/internal/xdp/xdp_manager.go:201.32,203.17 2 0
github.com/livp123/netxfw/internal/xdp/xdp_manager.go:203.17,209.4 1 0
github.com/livp123/netxfw/internal/xdp/xdp_manager.go:209.9,213.4 1 0
github.com/livp123/netxfw/internal/xdp/xdp_manager.go:218.2,223.16 3 0
github.com/livp123/netxfw/internal/xdp/xdp_manager.go:223.16,224.53 1 0
github.com/livp123/netxfw/internal/xdp/xdp_manager.go:224.53,225.42 1 0
github.com/livp123/netxfw/internal/xdp/xdp_manager.go:225.42,226.53 1 0
github.com/livp123/netxfw/internal/xdp/xdp_manager.go:226.53,230.6 1 0
github.com/livp123/netxfw/internal/xdp/xdp_manager.go:234.3,234.57 1 0
github.com/livp123/netxfw/internal/xdp/xdp_manager.go:234.57,235.43 1 0
github.com/livp123/netxfw/internal/xdp/xdp_manager.go:235.43,237.5 1 0
github.com/livp123/netxfw/internal/xdp/xdp_manager.go:238.4,238.56 1 0
github.com/livp123/netxfw/internal/xdp/xdp_manager.go:240.8,243.56 1 0
github.com/livp123/netxfw/internal/xdp/xdp_manager.go:243.56,244.43 1 0
github.com/livp123/netxfw/internal/xdp/xdp_manager.go:244.43,246.5 1 0
github.com/livp123/netxfw/internal/xdp/xdp_manager.go:247.4,247.56 1 0
github.com/livp123/netxfw/internal/xdp/xdp_manager.go:251.2,271.15 2 0
github.com/livp123/netxfw/internal/xdp/xdp_manager.go:278.33,285.2 2 0
github.com/livp123/netxfw/internal/xdp/xdp_migration.go:15.52,17.54 1 0
github.com/livp123/netxfw/internal/xdp/xdp_migration.go:17.54,21.29 4 0
github.com/livp123/netxfw/internal/xdp/xdp_migration.go:21.29,23.4 1 0
github.com/livp123/netxfw/internal/xdp/xdp_migration.go:27.2,27.46 1 0
github.com/livp123/netxfw/internal/xdp/xdp_migration.go:27.46,31.29 4 0
github.com/livp123/netxfw/internal/xdp/xdp_migration.go:31.29,33.4 1 0
github.com/livp123/netxfw/internal/xdp/xdp_migration.go:37.2,37.52 1 0
github.com/livp123/netxfw/internal/xdp/xdp_migration.go:37.52,41.29 4 0
github.com/livp123/netxfw/internal/xdp/xdp_migration.go:41.29,43.4 1 0
github.com/livp123/netxfw/internal/xdp/xdp_migration.go:47.2,47.48 1 0
github.com/livp123/netxfw/internal/xdp/xdp_migration.go:47.48,51.29 4 0
github.com/livp123/netxfw/internal/xdp/xdp_migration.go:51.29,53.4 1 0
github.com/livp123/netxfw/internal/xdp/xdp_migration.go:57.2,57.52 1 0
github.com/livp123/netxfw/internal/xdp/xdp_migration.go:57.52,61.29 4 0
github.com/livp123/netxfw/internal/xdp/xdp_migration.go:61.29,63.4 1 0
github.com/livp123/netxfw/internal/xdp/xdp_migration.go:67.2,67.54 1 0
github.com/livp123/netxfw/internal/xdp/xdp_migration.go:67.54,72.29 5 0
github.com/livp123/netxfw/internal/xdp/xdp_migration.go:72.29,74.4 1 0
github.com/livp123/netxfw/internal/xdp/xdp_migration.go:78.2,78.60 1 0
github.com/livp123/netxfw/internal/xdp/xdp_migration.go:78.60,82.29 4 0
github.com/livp123/netxfw/internal/xdp/xdp_migration.go:82.29,84.4 1 0
github.com/livp123/netxfw/internal/xdp/xdp_migration.go:88.2,88.58 1 0
github.com/livp123/netxfw/internal/xdp/xdp_migration.go:88.58,92.29 4 0
github.com/livp123/netxfw/internal/xdp/xdp_migration.go:92.29,94.4 1 0
github.com/livp123/netxfw/internal/xdp/xdp_migration.go:98.2,98.54 1 0
github.com/livp123/netxfw/internal/xdp/xdp_migration.go:98.54,102.29 4 0
github.com/livp123/netxfw/internal/xdp/xdp_migration.go:102.29,104.4 1 0
github.com/livp123/netxfw/internal/xdp/xdp_migration.go:108.2,108.54 1 0
github.com/livp123/netxfw/internal/xdp/xdp_migration.go:108.54,112.29 4 0
github.com/livp123/netxfw/internal/xdp/xdp_migration.go:112.29,114.4 1 0
github.com/livp123/netxfw/internal/xdp/xdp_migration.go:118.2,118.48 1 0
github.com/livp123/netxfw/internal/xdp/xdp_migration.go:118.48,123.29 5 0
github.com/livp123/netxfw/internal/xdp/xdp_migration.go:123.29,125.4 1 0
github.com/livp123/netxfw/internal/xdp/xdp_migration.go:129.2,129.48 1 0
github.com/livp123/netxfw/internal/xdp/xdp_migration.go:129.48,134.29 5 0
github.com/livp123/netxfw/internal/xdp/xdp_migration.go:134.29,136.4 1 0
github.com/livp123/netxfw/internal/xdp/xdp_migration.go:140.2,140.60 1 0
github.com/livp123/netxfw/internal/xdp/xdp_migration.go:140.60,145.29 5 0
github.com/livp123/netxfw/internal/xdp/xdp_migration.go:145.29,147.4 1 0
github.com/livp123/netxfw/internal/xdp/xdp_migration.go:151.2,151.60 1 0
github.com/livp123/netxfw/internal/xdp/xdp_migration.go:151.60,156.29 5 0
github.com/livp123/netxfw/internal/xdp/xdp_migration.go:156.29,158.4 1 0
github.com/livp123/netxfw/internal/xdp/xdp_migration.go:161.2,161.12 1 0
github.com/livp123/netxfw/internal/xdp/xdp_plugin.go:16.63,17.60 1 0
github.com/livp123/netxfw/internal/xdp/xdp_plugin.go:17.60,20.3 1 0
github.com/livp123/netxfw/internal/xdp/xdp_plugin.go:22.2,23.16 2 0
github.com/livp123/netxfw/internal/xdp/xdp_plugin.go:23.16,25.3 1 0
github.com/livp123/netxfw/internal/xdp/xdp_plugin.go:28.2,29.34 2 0
github.com/livp123/netxfw/internal/xdp/xdp_plugin.go:29.34,30.25 1 0
github.com/livp123/netxfw/internal/xdp/xdp_plugin.go:30.25,32.9 2 0
github.com/livp123/netxfw/internal/xdp/xdp_plugin.go:36.2,36.21 1 0
github.com/livp123/netxfw/internal/xdp/xdp_plugin.go:36.21,38.3 1 0
github.com/livp123/netxfw/internal/xdp/xdp_plugin.go:40.2,41.16 2 0
github.com/livp123/netxfw/internal/xdp/xdp_plugin.go:41.16,43.3 1 0
github.com/livp123/netxfw/internal/xdp/xdp_plugin.go:47.2,47.79 1 0
github.com/livp123/netxfw/internal/xdp/xdp_plugin.go:47.79,50.3 2 0
github.com/livp123/netxfw/internal/xdp/xdp_plugin.go:52.2,53.12 2 0
github.com/livp123/netxfw/internal/xdp/xdp_plugin.go:60.49,61.60 1 0
github.com/livp123/netxfw/internal/xdp/xdp_plugin.go:61.60,63.3 1 0
github.com/livp123/netxfw/internal/xdp/xdp_plugin.go:65.2,65.57 1 0
github.com/livp123/netxfw/internal/xdp/xdp_plugin.go:65.57,67.3 1 0
github.com/livp123/netxfw/internal/xdp/xdp_plugin.go:69.2,70.12 2 0
github.com/livp123/netxfw/internal/xdp/xdp_rules.go:22.71,24.16 2 0
github.com/livp123/netxfw/internal/xdp/xdp_rules.go:24.16,26.3 1 0
github.com/livp123/netxfw/internal/xdp/xdp_rules.go:27.2,33.45 3 0
github.com/livp123/netxfw/internal/xdp/xdp_rules.go:33.45,35.3 1 0
github.com/livp123/netxfw/internal/xdp/xdp_rules.go:38.2,38.23 1 0
github.com/livp123/netxfw/internal/xdp/xdp_rules.go:38.23,39.66 1 0
github.com/livp123/netxfw/internal/xdp/xdp_rules.go:39.66,41.4 1 0
github.com/livp123/netxfw/internal/xdp/xdp_rules.go:41.9,43.4 1 0
github.com/livp123/netxfw/internal/xdp/xdp_rules.go:46.2,47.12 2 0
github.com/livp123/netxfw/internal/xdp/xdp_rules.go:52.64,55.53 2 0
github.com/livp123/netxfw/internal/xdp/xdp_rules.go:55.53,57.3 1 0
github.com/livp123/netxfw/internal/xdp/xdp_rules.go:58.2,58.12 1 0
github.com/livp123/netxfw/internal/xdp/xdp_rules.go:63.57,66.48 2 0
github.com/livp123/netxfw/internal/xdp/xdp_rules.go:66.48,68.3 1 0
github.com/livp123/netxfw/internal/xdp/xdp_rules.go:69.2,69.12 1 0
github.com/livp123/netxfw/internal/xdp/xdp_rules.go:74.64,79.2 3 0
github.com/livp123/netxfw/internal/xdp/xdp_rules.go:83.71,85.16 2 0
github.com/livp123/netxfw/internal/xdp/xdp_rules.go:85.16,87.3 1 0
github.com/livp123/netxfw/internal/xdp/xdp_rules.go:89.2,90.13 2 0
github.com/livp123/netxfw/internal/xdp/xdp_rules.go:90.13,92.3 1 0
github.com/livp123/netxfw/internal/xdp/xdp_rules.go:94.2,94.14 1 0
github.com/livp123/netxfw/internal/xdp/xdp_rules.go:94.14,96.20 2 0
github.com/livp123/netxfw/internal/xdp/xdp_rules.go:96.20,98.4 1 0
github.com/livp123/netxfw/internal/xdp/xdp_rules.go:101.3,112.67 7 0
github.com/livp123/netxfw/internal/xdp/xdp_rules.go:112.67,114.4 1 0
github.com/livp123/netxfw/internal/xdp/xdp_rules.go:115.8,115.21 1 0
github.com/livp123/netxfw/internal/xdp/xdp_rules.go:115.21,117.20 2 0
github.com/livp123/netxfw/internal/xdp/xdp_rules.go:117.20,119.4 1 0
github.com/livp123/netxfw/internal/xdp/xdp_rules.go:121.3,130.67 5 0
github.com/livp123/netxfw/internal/xdp/xdp_rules.go:130.67,132.4 1 0
github.com/livp123/netxfw/internal/xdp/xdp_rules.go:135.2,136.12 2 0
github.com/livp123/netxfw/internal/xdp/xdp_rules.go:143.116,153.39 5 0
github.com/livp123/netxfw/internal/xdp/xdp_rules.go:153.39,159.3 4 0
github.com/livp123/netxfw/internal/xdp/xdp_rules.go:159.8,163.3 2 0
github.com/livp123/netxfw/internal/xdp/xdp_rules.go:165.2,165.50 1 0
github.com/livp123/netxfw/internal/xdp/xdp_rules.go:172.95,174.16 2 0
github.com/livp123/netxfw/internal/xdp/xdp_rules.go:174.16,176.3 1 0
github.com/livp123/netxfw/internal/xdp/xdp_rules.go:177.2,177.61 1 0
github.com/livp123/netxfw/internal/xdp/xdp_rules.go:186.106,188.2 1 0
github.com/livp123/netxfw/internal/xdp/xdp_rules.go:194.85,200.39 4 0
github.com/livp123/netxfw/internal/xdp/xdp_rules.go:200.39,206.3 4 0
github.com/livp123/netxfw/internal/xdp/xdp_rules.go:206.8,210.3 2 0
github.com/livp123/netxfw/internal/xdp/xdp_rules.go:212.2,212.28 1 0
github.com/livp123/netxfw/internal/xdp/xdp_rules.go:219.86,221.16 2 0
github.com/livp123/netxfw/internal/xdp/xdp_rules.go:221.16,223.3 1 0
github.com/livp123/netxfw/internal/xdp/xdp_rules.go:224.2,224.53 1 0
github.com/livp123/netxfw/internal/xdp/xdp_rules.go:231.73,233.2 1 0
github.com/livp123/netxfw/internal/xdp/xdp_rules.go:239.80,243.16 2 0
github.com/livp123/netxfw/internal/xdp/xdp_rules.go:243.16,245.3 1 0
github.com/livp123/netxfw/internal/xdp/xdp_rules.go:246.2,251.30 3 0
github.com/livp123/netxfw/internal/xdp/xdp_rules.go:251.30,253.3 1 0
github.com/livp123/netxfw/internal/xdp/xdp_rules.go:256.2,256.51 1 0
github.com/livp123/netxfw/internal/xdp/xdp_rules.go:263.70,265.2 1 0
github.com/livp123/netxfw/internal/xdp/xdp_rules.go:270.61,272.2 1 0
github.com/livp123/netxfw/internal/xdp/xdp_rules.go:278.49,280.2 1 0
github.com/livp123/netxfw/internal/xdp/xdp_rules.go:284.100,286.19 2 0
github.com/livp123/netxfw/internal/xdp/xdp_rules.go:286.19,288.3 1 0
github.com/livp123/netxfw/internal/xdp/xdp_rules.go:290.2,296.28 5 0
github.com/livp123/netxfw/internal/xdp/xdp_rules.go:296.28,302.19 4 0
github.com/livp123/netxfw/internal/xdp/xdp_rules.go:302.19,305.27 3 0
github.com/livp123/netxfw/internal/xdp/xdp_rules.go:305.27,307.5 1 0
github.com/livp123/netxfw/internal/xdp/xdp_rules.go:308.9,312.4 3 0
github.com/livp123/netxfw/internal/xdp/xdp_rules.go:314.3,316.57 2 0
github.com/livp123/netxfw/internal/xdp/xdp_rules.go:316.57,317.12 1 0
github.com/livp123/netxfw/internal/xdp/xdp_rules.go:320.3,321.39 2 0
github.com/livp123/netxfw/internal/xdp/xdp_rules.go:321.39,322.12 1 0
github.com/livp123/netxfw/internal/xdp/xdp_rules.go:325.3,329.5 1 0
github.com/livp123/netxfw/internal/xdp/xdp_rules.go:331.2,331.33 1 0
github.com/livp123/netxfw/internal/xdp/xdp_rules.go:338.106,341.16 3 0
github.com/livp123/netxfw/internal/xdp/xdp_rules.go:341.16,343.3 1 0
github.com/livp123/netxfw/internal/xdp/xdp_rules.go:345.2,345.31 1 0
github.com/livp123/netxfw/internal/xdp/xdp_rules.go:345.31,348.20 3 0
github.com/livp123/netxfw/internal/xdp/xdp_rules.go:348.20,350.4 1 0
github.com/livp123/netxfw/internal/xdp/xdp_rules.go:351.3,351.25 1 0
github.com/livp123/netxfw/internal/xdp/xdp_rules.go:353.2,353.29 1 0
github.com/livp123/netxfw/internal/xdp/xdp_rules.go:359.66,365.16 4 0
github.com/livp123/netxfw/internal/xdp/xdp_rules.go:365.16,367.3 1 0
github.com/livp123/netxfw/internal/xdp/xdp_rules.go:373.2,377.29 4 0
github.com/livp123/netxfw/internal/xdp/xdp_rules.go:377.29,379.3 1 0
github.com/livp123/netxfw/internal/xdp/xdp_rules.go:380.2,380.35 1 0
github.com/livp123/netxfw/internal/xdp/xdp_rules.go:380.35,383.3 1 0
github.com/livp123/netxfw/internal/xdp/xdp_rules.go:384.2,384.19 1 0
github.com/livp123/netxfw/internal/xdp/xdp_rules.go:391.56,393.2 1 0
github.com/livp123/netxfw/internal/xdp/xdp_rules.go:398.93,403.16 4 0
github.com/livp123/netxfw/internal/xdp/xdp_rules.go:403.16,409.3 4 0
github.com/livp123/netxfw/internal/xdp/xdp_rules.go:409.8,412.17 2 0
github.com/livp123/netxfw/internal/xdp/xdp_rules.go:412.17,414.4 1 0
github.com/livp123/netxfw/internal/xdp/xdp_rules.go:415.3,416.38 2 0
github.com/livp123/netxfw/internal/xdp/xdp_rules.go:419.2,423.53 2 0
github.com/livp123/netxfw/internal/xdp/xdp_rules.go:429.94,431.16 2 0
github.com/livp123/netxfw/internal/xdp/xdp_rules.go:431.16,433.3 1 0
github.com/livp123/netxfw/internal/xdp/xdp_rules.go:434.2,434.61 1 0
github.com/livp123/netxfw/internal/xdp/xdp_rules.go:441.80,443.2 1 0
github.com/livp123/netxfw/internal/xdp/xdp_rules.go:448.89,453.16 4 0
github.com/livp123/netxfw/internal/xdp/xdp_rules.go:453.16,461.22 5 0
github.com/livp123/netxfw/internal/xdp/xdp_rules.go:461.22,467.4 5 0
github.com/livp123/netxfw/internal/xdp/xdp_rules.go:469.8,472.17 2 0
github.com/livp123/netxfw/internal/xdp/xdp_rules.go:472.17,474.4 1 0
github.com/livp123/netxfw/internal/xdp/xdp_rules.go:475.3,479.22 3 0
github.com/livp123/netxfw/internal/xdp/xdp_rules.go:479.22,483.4 3 0
github.com/livp123/netxfw/internal/xdp/xdp_rules.go:486.2,486.31 1 0
github.com/livp123/netxfw/internal/xdp/xdp_rules.go:492.90,494.16 2 0
github.com/livp123/netxfw/internal/xdp/xdp_rules.go:494.16,496.3 1 0
github.com/livp123/netxfw/internal/xdp/xdp_rules.go:497.2,497.64 1 0
github.com/livp123/netxfw/internal/xdp/xdp_rules.go:504.63,506.2 1 0
github.com/livp123/netxfw/internal/xdp/xdp_rules.go:511.115,515.19 3 0
github.com/livp123/netxfw/internal/xdp/xdp_rules.go:515.19,517.3 1 0
github.com/livp123/netxfw/internal/xdp/xdp_rules.go:519.2,523.28 4 0
github.com/livp123/netxfw/internal/xdp/xdp_rules.go:523.28,529.19 4 0
github.com/livp123/netxfw/internal/xdp/xdp_rules.go:529.19,533.4 3 0
github.com/livp123/netxfw/internal/xdp/xdp_rules.go:533.9,537.4 3 0
github.com/livp123/netxfw/internal/xdp/xdp_rules.go:539.3,541.57 2 0
github.com/livp123/netxfw/internal/xdp/xdp_rules.go:541.57,542.12 1 0
github.com/livp123/netxfw/internal/xdp/xdp_rules.go:545.3,546.39 2 0
github.com/livp123/netxfw/internal/xdp/xdp_rules.go:546.39,547.12 1 0
github.com/livp123/netxfw/internal/xdp/xdp_rules.go:550.3,553.4 1 0
github.com/livp123/netxfw/internal/xdp/xdp_rules.go:556.2,556.26 1 0
github.com/livp123/netxfw/internal/xdp/xdp_rules.go:563.103,565.2 1 0
github.com/livp123/netxfw/internal/xdp/xdp_rules.go:570.37,574.2 1 0
github.com/livp123/netxfw/internal/xdp/xdp_rules.go:577.77,581.29 4 0
github.com/livp123/netxfw/internal/xdp/xdp_rules.go:581.29,583.3 1 0
github.com/livp123/netxfw/internal/xdp/xdp_rules.go:584.2,584.25 1 0
github.com/livp123/netxfw/internal/xdp/xdp_rules.go:590.43,591.14 1 0
github.com/livp123/netxfw/internal/xdp/xdp_rules.go:591.14,593.3 1 0
github.com/livp123/netxfw/internal/xdp/xdp_rules.go:594.2,596.16 3 0
github.com/livp123/netxfw/internal/xdp/xdp_rules.go:596.16,598.3 1 0
github.com/livp123/netxfw/internal/xdp/xdp_rules.go:599.2,599.25 1 0
github.com/livp123/netxfw/internal/xdp/xdp_rules.go:599.25,601.3 1 0
github.com/livp123/netxfw/internal/xdp/xdp_rules.go:602.2,602.12 1 0
github.com/livp123/netxfw/internal/xdp/xdp_rules.go:608.43,609.14 1 0
github.com/livp123/netxfw/internal/xdp/xdp_rules.go:609.14,611.3 1 0
github.com/livp123/netxfw/internal/xdp/xdp_rules.go:612.2,614.16 3 0
github.com/livp123/netxfw/internal/xdp/xdp_rules.go:614.16,616.3 1 0
github.com/livp123/netxfw/internal/xdp/xdp_rules.go:617.2,617.25 1 0
github.com/livp123/netxfw/internal/xdp/xdp_rules.go:617.25,619.3 1 0
github.com/livp123/netxfw/internal/xdp/xdp_rules.go:620.2,620.12 1 0
github.com/livp123/netxfw/internal/xdp/xdp_rules.go:626.40,627.14 1 0
github.com/livp123/netxfw/internal/xdp/xdp_rules.go:627.14,629.3 1 0
github.com/livp123/netxfw/internal/xdp/xdp_rules.go:630.2,634.28 5 0
github.com/livp123/netxfw/internal/xdp/xdp_rules.go:634.28,636.3 1 0
github.com/livp123/netxfw/internal/xdp/xdp_rules.go:637.2,637.35 1 0
github.com/livp123/netxfw/internal/xdp/xdp_rules.go:637.35,639.3 1 0
github.com/livp123/netxfw/internal/xdp/xdp_rules.go:641.2,641.25 1 0
github.com/livp123/netxfw/internal/xdp/xdp_rules.go:641.25,643.3 1 0
github.com/livp123/netxfw/internal/xdp/xdp_rules.go:644.2,644.12 1 0
github.com/livp123/netxfw/internal/xdp/xdp_rules.go:650.38,651.14 1 0
github.com/livp123/netxfw/internal/xdp/xdp_rules.go:651.14,653.3 1 0
github.com/livp123/netxfw/internal/xdp/xdp_rules.go:654.2,661.28 6 0
github.com/livp123/netxfw/internal/xdp/xdp_rules.go:661.28,663.3 1 0
github.com/livp123/netxfw/internal/xdp/xdp_rules.go:664.2,664.35 1 0
github.com/livp123/netxfw/internal/xdp/xdp_rules.go:664.35,666.3 1 0
github.com/livp123/netxfw/internal/xdp/xdp_rules.go:668.2,668.25 1 0
github.com/livp123/netxfw/internal/xdp/xdp_rules.go:668.25,670.3 1 0
github.com/livp123/netxfw/internal/xdp/xdp_rules.go:671.2,671.12 1 0
github.com/livp123/netxfw/internal/xdp/xdp_stats.go:19.67,20.30 1 0
github.com/livp123/netxfw/internal/xdp/xdp_stats.go:20.30,22.3 1 0
github.com/livp123/netxfw/internal/xdp/xdp_stats.go:23.2,23.66 1 0
github.com/livp123/netxfw/internal/xdp/xdp_stats.go:30.67,31.30 1 0
github.com/livp123/netxfw/internal/xdp/xdp_stats.go:31.30,33.3 1 0
github.com/livp123/netxfw/internal/xdp/xdp_stats.go:34.2,34.66 1 0
github.com/livp123/netxfw/internal/xdp/xdp_stats.go:42.72,44.2 1 0
github.com/livp123/netxfw/internal/xdp/xdp_stats.go:51.72,53.2 1 0
github.com/livp123/netxfw/internal/xdp/xdp_stats.go:59.84,65.31 5 0
github.com/livp123/netxfw/internal/xdp/xdp_stats.go:65.31,67.28 2 0
github.com/livp123/netxfw/internal/xdp/xdp_stats.go:67.28,69.4 1 0
github.com/livp123/netxfw/internal/xdp/xdp_stats.go:71.3,71.21 1 0
github.com/livp123/netxfw/internal/xdp/xdp_stats.go:71.21,74.20 3 0
github.com/livp123/netxfw/internal/xdp/xdp_stats.go:74.20,76.5 1 0
github.com/livp123/netxfw/internal/xdp/xdp_stats.go:76.10,78.5 1 0
github.com/livp123/netxfw/internal/xdp/xdp_stats.go:80.4,86.6 1 0
github.com/livp123/netxfw/internal/xdp/xdp_stats.go:89.2,89.35 1 0
github.com/livp123/netxfw/internal/xdp/xdp_stats.go:89.35,91.3 1 0
github.com/livp123/netxfw/internal/xdp/xdp_stats.go:93.2,93.21 1 0
github.com/livp123/netxfw/internal/xdp/xdp_stats.go:100.47,106.60 4 0
github.com/livp123/netxfw/internal/xdp/xdp_stats.go:106.60,107.30 1 0
github.com/livp123/netxfw/internal/xdp/xdp_stats.go:107.30,109.4 1 0
github.com/livp123/netxfw/internal/xdp/xdp_stats.go:113.2,114.60 2 0
github.com/livp123/netxfw/internal/xdp/xdp_stats.go:114.60,115.30 1 0
github.com/livp123/netxfw/internal/xdp/xdp_stats.go:115.30,117.4 1 0
github.com/livp123/netxfw/internal/xdp/xdp_stats.go:120.2,120.29 1 0
github.com/livp123/netxfw/internal/xdp/xdp_stats.go:126.44,127.14 1 0
github.com/livp123/netxfw/internal/xdp/xdp_stats.go:127.14,129.3 1 0
github.com/livp123/netxfw/internal/xdp/xdp_stats.go:130.2,135.28 5 0
github.com/livp123/netxfw/internal/xdp/xdp_stats.go:135.28,137.3 1 0
github.com/livp123/netxfw/internal/xdp/xdp_stats.go:138.2,138.26 1 0
github.com/livp123/netxfw/internal/xdp/xdp_stats.go:144.58,145.14 1 0
github.com/livp123/netxfw/internal/xdp/xdp_stats.go:145.14,147.3 1 0
github.com/livp123/netxfw/internal/xdp/xdp_stats.go:148.2,150.48 3 0
github.com/livp123/netxfw/internal/xdp/xdp_stats.go:150.48,152.3 1 0
github.com/livp123/netxfw/internal/xdp/xdp_stats.go:153.2,154.27 2 0
github.com/livp123/netxfw/internal/xdp/xdp_stats.go:154.27,156.3 1 0
github.com/livp123/netxfw/internal/xdp/xdp_stats.go:157.2,157.19 1 0
github.com/livp123/netxfw/internal/xdp/xdp_stats.go:164.50,166.2 1 0
github.com/livp123/netxfw/internal/xdp/xdp_stats.go:172.50,174.2 1 0
github.com/livp123/netxfw/internal/xdp/xdp_stats.go:180.54,184.2 2 0
github.com/livp123/netxfw/internal/xdp/xdp_stats.go:190.55,193.2 2 0
github.com/livp123/netxfw/internal/xdp/xdp_stats.go:199.55,202.2 2 0
github.com/livp123/netxfw/internal/xdp/xdp_stats.go:208.68,209.27 1 0
github.com/livp123/netxfw/internal/xdp/xdp_stats.go:209.27,211.3 1 0
github.com/livp123/netxfw/internal/xdp/xdp_stats.go:212.2,212.52 1 0
github.com/livp123/netxfw/internal/xdp/xdp_stats.go:219.73,226.28 5 0
github.com/livp123/netxfw/internal/xdp/xdp_stats.go:226.28,230.79 2 0
github.com/livp123/netxfw/internal/xdp/xdp_stats.go:230.79,232.4 1 0
github.com/livp123/netxfw/internal/xdp/xdp_stats.go:232.9,234.4 1 0
github.com/livp123/netxfw/internal/xdp/xdp_stats.go:236.3,236.79 1 0
github.com/livp123/netxfw/internal/xdp/xdp_stats.go:236.79,238.4 1 0
github.com/livp123/netxfw/internal/xdp/xdp_stats.go:238.9,240.4 1 0
github.com/livp123/netxfw/internal/xdp/xdp_stats.go:242.3,250.35 2 0
github.com/livp123/netxfw/internal/xdp/xdp_stats.go:252.2,252.35 1 0
github.com/livp123/netxfw/internal/xdp/xdp_stats.go:252.35,254.3 1 0
github.com/livp123/netxfw/internal/xdp/xdp_stats.go:256.2,256.21 1 0
github.com/livp123/netxfw/internal/xdp/xdp_types.go:83.40,85.2 1 0
github.com/livp123/netxfw/internal/xdp/xdp_types.go:87.43,89.2 1 0
github.com/livp123/netxfw/internal/xdp/xdp_types.go:91.41,93.2 1 0
github.com/livp123/netxfw/internal/xdp/xdp_types.go:95.43,97.2 1 0
github.com/livp123/netxfw/internal/xdp/xdp_types.go:99.44,101.2 1 0
github.com/livp123/netxfw/internal/xdp/xdp_types.go:103.47,105.2 1 0
github.com/livp123/netxfw/internal/xdp/xdp_types.go:107.44,109.2 1 0
github.com/livp123/netxfw/internal/xdp/xdp_types.go:111.44,113.2 1 0
github.com/livp123/netxfw/internal/xdp/xdp_utils.go:12.32,16.2 3 1
github.com/livp123/netxfw/internal/xdp/xdp_utils.go:24.40,25.14 1 1
github.com/livp123/netxfw/internal/xdp/xdp_utils.go:25.14,27.3 1 1
github.com/livp123/netxfw/internal/xdp/xdp_utils.go:30.2,30.77 1 1
