mode: atomic
github.com/livp123/netxfw/pkg/sdk/blacklist.go:42.48,43.51 1 9
github.com/livp123/netxfw/pkg/sdk/blacklist.go:43.51,45.3 1 0
github.com/livp123/netxfw/pkg/sdk/blacklist.go:46.2,46.23 1 9
github.com/livp123/netxfw/pkg/sdk/blacklist.go:46.23,48.3 1 9
github.com/livp123/netxfw/pkg/sdk/blacklist.go:49.2,49.12 1 9
github.com/livp123/netxfw/pkg/sdk/blacklist.go:52.84,53.68 1 1
github.com/livp123/netxfw/pkg/sdk/blacklist.go:53.68,55.3 1 0
github.com/livp123/netxfw/pkg/sdk/blacklist.go:56.2,56.23 1 1
github.com/livp123/netxfw/pkg/sdk/blacklist.go:56.23,58.3 1 1
github.com/livp123/netxfw/pkg/sdk/blacklist.go:59.2,59.12 1 1
github.com/livp123/netxfw/pkg/sdk/blacklist.go:62.69,63.65 1 0
github.com/livp123/netxfw/pkg/sdk/blacklist.go:63.65,65.3 1 0
github.com/livp123/netxfw/pkg/sdk/blacklist.go:66.2,66.23 1 0
github.com/livp123/netxfw/pkg/sdk/blacklist.go:66.23,68.3 1 0
github.com/livp123/netxfw/pkg/sdk/blacklist.go:69.2,69.12 1 0
github.com/livp123/netxfw/pkg/sdk/blacklist.go:72.51,74.2 1 1
github.com/livp123/netxfw/pkg/sdk/blacklist.go:76.39,78.2 1 1
github.com/livp123/netxfw/pkg/sdk/blacklist.go:80.59,82.2 1 2
github.com/livp123/netxfw/pkg/sdk/blacklist.go:84.82,86.2 1 2
github.com/livp123/netxfw/pkg/sdk/conntrack.go:19.58,21.2 1 1
github.com/livp123/netxfw/pkg/sdk/conntrack.go:23.46,25.2 1 1
github.com/livp123/netxfw/pkg/sdk/eventbus.go:27.78,34.2 1 10
github.com/livp123/netxfw/pkg/sdk/eventbus.go:56.37,60.2 1 26
github.com/livp123/netxfw/pkg/sdk/eventbus.go:63.80,67.2 3 1
github.com/livp123/netxfw/pkg/sdk/eventbus.go:70.83,72.2 0 0
github.com/livp123/netxfw/pkg/sdk/eventbus.go:75.48,79.48 3 10
github.com/livp123/netxfw/pkg/sdk/eventbus.go:79.48,80.36 1 1
github.com/livp123/netxfw/pkg/sdk/eventbus.go:80.36,83.4 1 1
github.com/livp123/netxfw/pkg/sdk/rule.go:59.70,61.2 1 2
github.com/livp123/netxfw/pkg/sdk/rule.go:63.59,65.2 1 1
github.com/livp123/netxfw/pkg/sdk/rule.go:67.34,69.2 1 1
github.com/livp123/netxfw/pkg/sdk/rule.go:71.91,73.2 1 2
github.com/livp123/netxfw/pkg/sdk/rule.go:75.80,77.2 1 1
github.com/livp123/netxfw/pkg/sdk/rule.go:79.69,81.2 1 1
github.com/livp123/netxfw/pkg/sdk/rule.go:83.89,85.2 1 1
github.com/livp123/netxfw/pkg/sdk/rule.go:87.49,89.2 1 2
github.com/livp123/netxfw/pkg/sdk/rule.go:91.57,93.2 1 1
github.com/livp123/netxfw/pkg/sdk/rule.go:95.74,97.2 1 2
github.com/livp123/netxfw/pkg/sdk/rule.go:99.57,101.2 1 1
github.com/livp123/netxfw/pkg/sdk/rule.go:103.104,105.2 1 1
github.com/livp123/netxfw/pkg/sdk/sdk.go:33.58,35.2 1 3
github.com/livp123/netxfw/pkg/sdk/sdk.go:37.59,39.2 1 5
github.com/livp123/netxfw/pkg/sdk/sdk.go:41.42,43.2 1 1
github.com/livp123/netxfw/pkg/sdk/sdk.go:47.40,61.2 2 26
github.com/livp123/netxfw/pkg/sdk/sdk.go:67.45,69.2 1 0
github.com/livp123/netxfw/pkg/sdk/security.go:24.58,26.2 1 2
github.com/livp123/netxfw/pkg/sdk/security.go:28.58,30.2 1 2
github.com/livp123/netxfw/pkg/sdk/security.go:32.60,34.2 1 1
github.com/livp123/netxfw/pkg/sdk/security.go:36.56,38.2 1 1
github.com/livp123/netxfw/pkg/sdk/security.go:40.55,42.2 1 1
github.com/livp123/netxfw/pkg/sdk/security.go:44.56,46.2 1 1
github.com/livp123/netxfw/pkg/sdk/security.go:48.73,50.2 1 1
github.com/livp123/netxfw/pkg/sdk/security.go:52.58,54.2 1 1
github.com/livp123/netxfw/pkg/sdk/security.go:56.56,58.2 1 1
github.com/livp123/netxfw/pkg/sdk/security.go:60.73,62.2 1 1
github.com/livp123/netxfw/pkg/sdk/stats.go:27.59,29.16 2 1
github.com/livp123/netxfw/pkg/sdk/stats.go:29.16,31.3 1 0
github.com/livp123/netxfw/pkg/sdk/stats.go:32.2,33.16 2 1
github.com/livp123/netxfw/pkg/sdk/stats.go:33.16,35.3 1 0
github.com/livp123/netxfw/pkg/sdk/stats.go:36.2,36.24 1 1
github.com/livp123/netxfw/pkg/sdk/stats.go:39.65,41.2 1 1
github.com/livp123/netxfw/pkg/sdk/stats.go:43.65,45.2 1 1
github.com/livp123/netxfw/pkg/sdk/stats.go:47.53,50.2 2 2
github.com/livp123/netxfw/pkg/sdk/sync.go:25.60,27.2 1 0
github.com/livp123/netxfw/pkg/sdk/sync.go:29.73,31.2 1 0
github.com/livp123/netxfw/pkg/sdk/sync.go:33.67,35.2 1 0
github.com/livp123/netxfw/pkg/sdk/whitelist.go:36.61,38.2 1 7
github.com/livp123/netxfw/pkg/sdk/whitelist.go:40.69,42.2 1 1
github.com/livp123/netxfw/pkg/sdk/whitelist.go:44.51,46.2 1 1
github.com/livp123/netxfw/pkg/sdk/whitelist.go:48.39,50.2 1 1
github.com/livp123/netxfw/pkg/sdk/whitelist.go:52.59,54.2 1 2
github.com/livp123/netxfw/pkg/sdk/whitelist.go:56.79,58.2 1 2
github.com/livp123/netxfw/pkg/sdk/blacklist.go:42.48,43.51 1 0
github.com/livp123/netxfw/pkg/sdk/blacklist.go:43.51,45.3 1 0
github.com/livp123/netxfw/pkg/sdk/blacklist.go:46.2,46.23 1 0
github.com/livp123/netxfw/pkg/sdk/blacklist.go:46.23,48.3 1 0
github.com/livp123/netxfw/pkg/sdk/blacklist.go:49.2,49.12 1 0
github.com/livp123/netxfw/pkg/sdk/blacklist.go:52.84,53.68 1 0
github.com/livp123/netxfw/pkg/sdk/blacklist.go:53.68,55.3 1 0
github.com/livp123/netxfw/pkg/sdk/blacklist.go:56.2,56.23 1 0
github.com/livp123/netxfw/pkg/sdk/blacklist.go:56.23,58.3 1 0
github.com/livp123/netxfw/pkg/sdk/blacklist.go:59.2,59.12 1 0
github.com/livp123/netxfw/pkg/sdk/blacklist.go:62.69,63.65 1 0
github.com/livp123/netxfw/pkg/sdk/blacklist.go:63.65,65.3 1 0
github.com/livp123/netxfw/pkg/sdk/blacklist.go:66.2,66.23 1 0
github.com/livp123/netxfw/pkg/sdk/blacklist.go:66.23,68.3 1 0
github.com/livp123/netxfw/pkg/sdk/blacklist.go:69.2,69.12 1 0
github.com/livp123/netxfw/pkg/sdk/blacklist.go:72.51,74.2 1 0
github.com/livp123/netxfw/pkg/sdk/blacklist.go:76.39,78.2 1 0
github.com/livp123/netxfw/pkg/sdk/blacklist.go:80.59,82.2 1 0
github.com/livp123/netxfw/pkg/sdk/blacklist.go:84.82,86.2 1 0
github.com/livp123/netxfw/pkg/sdk/conntrack.go:19.58,21.2 1 0
github.com/livp123/netxfw/pkg/sdk/conntrack.go:23.46,25.2 1 0
github.com/livp123/netxfw/pkg/sdk/eventbus.go:27.78,34.2 1 0
github.com/livp123/netxfw/pkg/sdk/eventbus.go:56.37,60.2 1 0
github.com/livp123/netxfw/pkg/sdk/eventbus.go:63.80,67.2 3 0
github.com/livp123/netxfw/pkg/sdk/eventbus.go:70.83,72.2 0 0
github.com/livp123/netxfw/pkg/sdk/eventbus.go:75.48,79.48 3 0
github.com/livp123/netxfw/pkg/sdk/eventbus.go:79.48,80.36 1 0
github.com/livp123/netxfw/pkg/sdk/eventbus.go:80.36,83.4 1 0
github.com/livp123/netxfw/pkg/sdk/rule.go:59.70,61.2 1 0
github.com/livp123/netxfw/pkg/sdk/rule.go:63.59,65.2 1 0
github.com/livp123/netxfw/pkg/sdk/rule.go:67.34,69.2 1 0
github.com/livp123/netxfw/pkg/sdk/rule.go:71.91,73.2 1 0
github.com/livp123/netxfw/pkg/sdk/rule.go:75.80,77.2 1 0
github.com/livp123/netxfw/pkg/sdk/rule.go:79.69,81.2 1 0
github.com/livp123/netxfw/pkg/sdk/rule.go:83.89,85.2 1 0
github.com/livp123/netxfw/pkg/sdk/rule.go:87.49,89.2 1 0
github.com/livp123/netxfw/pkg/sdk/rule.go:91.57,93.2 1 0
github.com/livp123/netxfw/pkg/sdk/rule.go:95.74,97.2 1 0
github.com/livp123/netxfw/pkg/sdk/rule.go:99.57,101.2 1 0
github.com/livp123/netxfw/pkg/sdk/rule.go:103.104,105.2 1 0
github.com/livp123/netxfw/pkg/sdk/sdk.go:33.58,35.2 1 0
github.com/livp123/netxfw/pkg/sdk/sdk.go:37.59,39.2 1 0
github.com/livp123/netxfw/pkg/sdk/sdk.go:41.42,43.2 1 0
github.com/livp123/netxfw/pkg/sdk/sdk.go:47.40,61.2 2 0
github.com/livp123/netxfw/pkg/sdk/sdk.go:67.45,69.2 1 0
github.com/livp123/netxfw/pkg/sdk/security.go:24.58,26.2 1 0
github.com/livp123/netxfw/pkg/sdk/security.go:28.58,30.2 1 0
github.com/livp123/netxfw/pkg/sdk/security.go:32.60,34.2 1 0
github.com/livp123/netxfw/pkg/sdk/security.go:36.56,38.2 1 0
github.com/livp123/netxfw/pkg/sdk/security.go:40.55,42.2 1 0
github.com/livp123/netxfw/pkg/sdk/security.go:44.56,46.2 1 0
github.com/livp123/netxfw/pkg/sdk/security.go:48.73,50.2 1 0
github.com/livp123/netxfw/pkg/sdk/security.go:52.58,54.2 1 0
github.com/livp123/netxfw/pkg/sdk/security.go:56.56,58.2 1 0
github.com/livp123/netxfw/pkg/sdk/security.go:60.73,62.2 1 0
github.com/livp123/netxfw/pkg/sdk/stats.go:27.59,29.16 2 0
github.com/livp123/netxfw/pkg/sdk/stats.go:29.16,31.3 1 0
github.com/livp123/netxfw/pkg/sdk/stats.go:32.2,33.16 2 0
github.com/livp123/netxfw/pkg/sdk/stats.go:33.16,35.3 1 0
github.com/livp123/netxfw/pkg/sdk/stats.go:36.2,36.24 1 0
github.com/livp123/netxfw/pkg/sdk/stats.go:39.65,41.2 1 0
github.com/livp123/netxfw/pkg/sdk/stats.go:43.65,45.2 1 0
github.com/livp123/netxfw/pkg/sdk/stats.go:47.53,50.2 2 0
github.com/livp123/netxfw/pkg/sdk/sync.go:25.60,27.2 1 0
github.com/livp123/netxfw/pkg/sdk/sync.go:29.73,31.2 1 0
github.com/livp123/netxfw/pkg/sdk/sync.go:33.67,35.2 1 0
github.com/livp123/netxfw/pkg/sdk/whitelist.go:36.61,38.2 1 0
github.com/livp123/netxfw/pkg/sdk/whitelist.go:40.69,42.2 1 0
github.com/livp123/netxfw/pkg/sdk/whitelist.go:44.51,46.2 1 0
github.com/livp123/netxfw/pkg/sdk/whitelist.go:48.39,50.2 1 0
github.com/livp123/netxfw/pkg/sdk/whitelist.go:52.59,54.2 1 0
github.com/livp123/netxfw/pkg/sdk/whitelist.go:56.79,58.2 1 0
github.com/livp123/netxfw/pkg/sdk/mock/mock.go:15.62,18.2 2 1
github.com/livp123/netxfw/pkg/sdk/mock/mock.go:20.56,23.2 2 1
github.com/livp123/netxfw/pkg/sdk/mock/mock.go:25.72,28.2 2 1
github.com/livp123/netxfw/pkg/sdk/mock/mock.go:30.72,33.2 2 1
github.com/livp123/netxfw/pkg/sdk/mock/mock.go:40.61,43.2 2 1
github.com/livp123/netxfw/pkg/sdk/mock/mock.go:45.81,48.2 2 1
github.com/livp123/netxfw/pkg/sdk/mock/mock.go:55.61,58.2 2 1
github.com/livp123/netxfw/pkg/sdk/mock/mock.go:60.61,63.2 2 1
github.com/livp123/netxfw/pkg/sdk/mock/mock.go:65.63,68.2 2 1
github.com/livp123/netxfw/pkg/sdk/mock/mock.go:70.59,73.2 2 1
github.com/livp123/netxfw/pkg/sdk/mock/mock.go:75.58,78.2 2 1
github.com/livp123/netxfw/pkg/sdk/mock/mock.go:80.59,83.2 2 1
github.com/livp123/netxfw/pkg/sdk/mock/mock.go:85.76,88.2 2 1
github.com/livp123/netxfw/pkg/sdk/mock/mock.go:90.61,93.2 2 1
github.com/livp123/netxfw/pkg/sdk/mock/mock.go:95.59,98.2 2 1
github.com/livp123/netxfw/pkg/sdk/mock/mock.go:100.76,103.2 2 1
github.com/livp123/netxfw/pkg/sdk/mock/mock.go:113.47,116.2 2 1
github.com/livp123/netxfw/pkg/sdk/mock/mock.go:118.53,121.2 2 0
