mode: set
github.com/livp123/netxfw/internal/utils/fileutil/fileutil.go:11.76,14.16 3 1
github.com/livp123/netxfw/internal/utils/fileutil/fileutil.go:14.16,16.3 1 0
github.com/livp123/netxfw/internal/utils/fileutil/fileutil.go:17.2,19.47 2 1
github.com/livp123/netxfw/internal/utils/fileutil/fileutil.go:19.47,22.3 2 0
github.com/livp123/netxfw/internal/utils/fileutil/fileutil.go:23.2,23.44 1 1
github.com/livp123/netxfw/internal/utils/fileutil/fileutil.go:23.44,26.3 2 0
github.com/livp123/netxfw/internal/utils/fileutil/fileutil.go:27.2,27.39 1 1
github.com/livp123/netxfw/internal/utils/fileutil/fileutil.go:27.39,30.3 2 0
github.com/livp123/netxfw/internal/utils/fileutil/fileutil.go:31.2,31.40 1 1
github.com/livp123/netxfw/internal/utils/fileutil/fileutil.go:31.40,33.3 1 0
github.com/livp123/netxfw/internal/utils/fileutil/fileutil.go:35.2,35.44 1 1
github.com/livp123/netxfw/internal/utils/fileutil/fileutil.go:40.51,41.20 1 1
github.com/livp123/netxfw/internal/utils/fileutil/fileutil.go:41.20,43.3 1 1
github.com/livp123/netxfw/internal/utils/fileutil/fileutil.go:44.2,44.53 1 1
github.com/livp123/netxfw/internal/utils/fileutil/fileutil.go:44.53,46.3 1 1
github.com/livp123/netxfw/internal/utils/fileutil/fileutil.go:47.2,48.16 2 1
github.com/livp123/netxfw/internal/utils/fileutil/fileutil.go:48.16,50.3 1 0
github.com/livp123/netxfw/internal/utils/fileutil/fileutil.go:51.2,52.60 2 1
github.com/livp123/netxfw/internal/utils/fileutil/fileutil.go:52.60,54.20 2 1
github.com/livp123/netxfw/internal/utils/fileutil/fileutil.go:54.20,56.4 1 1
github.com/livp123/netxfw/internal/utils/fileutil/fileutil.go:58.2,58.19 1 1
github.com/livp123/netxfw/internal/utils/fileutil/fileutil.go:63.48,64.20 1 1
github.com/livp123/netxfw/internal/utils/fileutil/fileutil.go:64.20,66.3 1 1
github.com/livp123/netxfw/internal/utils/fileutil/fileutil.go:67.2,68.16 2 1
github.com/livp123/netxfw/internal/utils/fileutil/fileutil.go:68.16,70.3 1 0
github.com/livp123/netxfw/internal/utils/fileutil/fileutil.go:71.2,76.59 3 1
github.com/livp123/netxfw/internal/utils/fileutil/fileutil.go:76.59,78.3 1 1
github.com/livp123/netxfw/internal/utils/fileutil/fileutil.go:80.2,81.12 2 1
github.com/livp123/netxfw/internal/utils/fileutil/fileutil.go:86.50,87.20 1 1
github.com/livp123/netxfw/internal/utils/fileutil/fileutil.go:87.20,89.3 1 1
github.com/livp123/netxfw/internal/utils/fileutil/fileutil.go:90.2,91.16 2 1
github.com/livp123/netxfw/internal/utils/fileutil/fileutil.go:91.16,93.3 1 0
github.com/livp123/netxfw/internal/utils/fileutil/fileutil.go:95.2,97.26 3 1
github.com/livp123/netxfw/internal/utils/fileutil/fileutil.go:97.26,99.39 2 1
github.com/livp123/netxfw/internal/utils/fileutil/fileutil.go:99.39,101.4 1 1
github.com/livp123/netxfw/internal/utils/fileutil/fileutil.go:104.2,104.80 1 1
github.com/livp123/netxfw/internal/utils/ipmerge/ipmerge.go:13.103,17.16 2 1
github.com/livp123/netxfw/internal/utils/ipmerge/ipmerge.go:17.16,19.3 1 0
github.com/livp123/netxfw/internal/utils/ipmerge/ipmerge.go:21.2,21.20 1 1
github.com/livp123/netxfw/internal/utils/ipmerge/ipmerge.go:21.20,23.3 1 1
github.com/livp123/netxfw/internal/utils/ipmerge/ipmerge.go:27.2,27.16 1 1
github.com/livp123/netxfw/internal/utils/ipmerge/ipmerge.go:27.16,29.3 1 0
github.com/livp123/netxfw/internal/utils/ipmerge/ipmerge.go:29.8,29.24 1 1
github.com/livp123/netxfw/internal/utils/ipmerge/ipmerge.go:29.24,31.3 1 0
github.com/livp123/netxfw/internal/utils/ipmerge/ipmerge.go:32.2,32.16 1 1
github.com/livp123/netxfw/internal/utils/ipmerge/ipmerge.go:32.16,34.3 1 0
github.com/livp123/netxfw/internal/utils/ipmerge/ipmerge.go:34.8,34.25 1 1
github.com/livp123/netxfw/internal/utils/ipmerge/ipmerge.go:34.25,36.3 1 0
github.com/livp123/netxfw/internal/utils/ipmerge/ipmerge.go:42.2,45.27 3 1
github.com/livp123/netxfw/internal/utils/ipmerge/ipmerge.go:45.27,47.17 2 1
github.com/livp123/netxfw/internal/utils/ipmerge/ipmerge.go:47.17,48.12 1 0
github.com/livp123/netxfw/internal/utils/ipmerge/ipmerge.go:51.3,53.12 3 1
github.com/livp123/netxfw/internal/utils/ipmerge/ipmerge.go:53.12,55.4 1 1
github.com/livp123/netxfw/internal/utils/ipmerge/ipmerge.go:59.3,59.34 1 1
github.com/livp123/netxfw/internal/utils/ipmerge/ipmerge.go:59.34,61.12 2 1
github.com/livp123/netxfw/internal/utils/ipmerge/ipmerge.go:66.3,68.17 3 1
github.com/livp123/netxfw/internal/utils/ipmerge/ipmerge.go:68.17,72.12 2 0
github.com/livp123/netxfw/internal/utils/ipmerge/ipmerge.go:74.3,76.51 2 1
github.com/livp123/netxfw/internal/utils/ipmerge/ipmerge.go:81.2,81.39 1 1
github.com/livp123/netxfw/internal/utils/ipmerge/ipmerge.go:81.39,82.33 1 1
github.com/livp123/netxfw/internal/utils/ipmerge/ipmerge.go:82.33,86.4 1 1
github.com/livp123/netxfw/internal/utils/ipmerge/ipmerge.go:86.9,90.4 1 1
github.com/livp123/netxfw/internal/utils/ipmerge/ipmerge.go:95.2,95.31 1 1
github.com/livp123/netxfw/internal/utils/ipmerge/ipmerge.go:102.51,106.26 3 1
github.com/livp123/netxfw/internal/utils/ipmerge/ipmerge.go:106.26,107.14 1 1
github.com/livp123/netxfw/internal/utils/ipmerge/ipmerge.go:107.14,108.12 1 0
github.com/livp123/netxfw/internal/utils/ipmerge/ipmerge.go:110.3,111.17 2 1
github.com/livp123/netxfw/internal/utils/ipmerge/ipmerge.go:111.17,114.18 2 1
github.com/livp123/netxfw/internal/utils/ipmerge/ipmerge.go:114.18,116.13 1 0
github.com/livp123/netxfw/internal/utils/ipmerge/ipmerge.go:118.4,118.50 1 1
github.com/livp123/netxfw/internal/utils/ipmerge/ipmerge.go:119.9,122.4 1 1
github.com/livp123/netxfw/internal/utils/ipmerge/ipmerge.go:124.3,127.18 3 1
github.com/livp123/netxfw/internal/utils/ipmerge/ipmerge.go:127.18,129.4 1 1
github.com/livp123/netxfw/internal/utils/ipmerge/ipmerge.go:129.9,131.4 1 1
github.com/livp123/netxfw/internal/utils/ipmerge/ipmerge.go:134.2,138.29 4 1
github.com/livp123/netxfw/internal/utils/ipmerge/ipmerge.go:138.29,140.3 1 1
github.com/livp123/netxfw/internal/utils/ipmerge/ipmerge.go:141.2,141.29 1 1
github.com/livp123/netxfw/internal/utils/ipmerge/ipmerge.go:141.29,143.3 1 1
github.com/livp123/netxfw/internal/utils/ipmerge/ipmerge.go:144.2,144.20 1 1
github.com/livp123/netxfw/internal/utils/ipmerge/ipmerge.go:152.46,167.20 4 1
github.com/livp123/netxfw/internal/utils/ipmerge/ipmerge.go:167.20,169.3 1 1
github.com/livp123/netxfw/internal/utils/ipmerge/ipmerge.go:173.2,173.17 1 1
github.com/livp123/netxfw/internal/utils/ipmerge/ipmerge.go:173.17,182.26 3 1
github.com/livp123/netxfw/internal/utils/ipmerge/ipmerge.go:182.26,194.26 1 1
github.com/livp123/netxfw/internal/utils/ipmerge/ipmerge.go:194.26,196.29 2 1
github.com/livp123/netxfw/internal/utils/ipmerge/ipmerge.go:196.29,198.6 1 1
github.com/livp123/netxfw/internal/utils/ipmerge/ipmerge.go:202.5,203.19 2 1
github.com/livp123/netxfw/internal/utils/ipmerge/ipmerge.go:206.3,206.30 1 1
github.com/livp123/netxfw/internal/utils/ipmerge/ipmerge.go:209.2,211.26 3 1
github.com/livp123/netxfw/internal/utils/ipmerge/ipmerge.go:211.26,212.28 1 1
github.com/livp123/netxfw/internal/utils/ipmerge/ipmerge.go:212.28,214.31 2 1
github.com/livp123/netxfw/internal/utils/ipmerge/ipmerge.go:214.31,216.5 1 1
github.com/livp123/netxfw/internal/utils/ipmerge/ipmerge.go:217.4,218.18 2 1
github.com/livp123/netxfw/internal/utils/ipmerge/ipmerge.go:221.2,221.30 1 1
github.com/livp123/netxfw/internal/utils/ipmerge/ipmerge.go:224.46,225.22 1 1
github.com/livp123/netxfw/internal/utils/ipmerge/ipmerge.go:225.22,227.3 1 1
github.com/livp123/netxfw/internal/utils/ipmerge/ipmerge.go:230.2,230.41 1 1
github.com/livp123/netxfw/internal/utils/ipmerge/ipmerge.go:230.41,232.3 1 1
github.com/livp123/netxfw/internal/utils/ipmerge/ipmerge.go:234.2,237.35 3 1
github.com/livp123/netxfw/internal/utils/ipmerge/ipmerge.go:237.35,254.30 5 1
github.com/livp123/netxfw/internal/utils/ipmerge/ipmerge.go:254.30,256.34 1 1
github.com/livp123/netxfw/internal/utils/ipmerge/ipmerge.go:256.34,258.5 1 1
github.com/livp123/netxfw/internal/utils/ipmerge/ipmerge.go:259.9,262.4 2 1
github.com/livp123/netxfw/internal/utils/ipmerge/ipmerge.go:264.2,265.15 2 1
github.com/livp123/netxfw/internal/utils/ipmerge/ipmerge.go:268.39,270.2 1 1
github.com/livp123/netxfw/internal/utils/ipmerge/ipmerge.go:272.51,275.30 2 1
github.com/livp123/netxfw/internal/utils/ipmerge/ipmerge.go:275.30,313.52 5 1
github.com/livp123/netxfw/internal/utils/ipmerge/ipmerge.go:313.52,322.30 4 1
github.com/livp123/netxfw/internal/utils/ipmerge/ipmerge.go:322.30,326.31 2 1
github.com/livp123/netxfw/internal/utils/ipmerge/ipmerge.go:326.31,329.6 1 1
github.com/livp123/netxfw/internal/utils/ipmerge/ipmerge.go:330.5,331.25 2 1
github.com/livp123/netxfw/internal/utils/ipmerge/ipmerge.go:331.25,334.6 1 0
github.com/livp123/netxfw/internal/utils/ipmerge/ipmerge.go:335.5,336.10 2 1
github.com/livp123/netxfw/internal/utils/ipmerge/ipmerge.go:340.3,340.13 1 1
github.com/livp123/netxfw/internal/utils/ipmerge/ipmerge.go:340.13,345.4 2 0
github.com/livp123/netxfw/internal/utils/ipmerge/ipmerge.go:348.2,348.14 1 0
github.com/livp123/netxfw/internal/utils/ipmerge/ipmerge.go:351.44,352.14 1 1
github.com/livp123/netxfw/internal/utils/ipmerge/ipmerge.go:352.14,356.3 3 1
github.com/livp123/netxfw/internal/utils/ipmerge/ipmerge.go:357.2,361.14 3 1
github.com/livp123/netxfw/internal/utils/ipmerge/ipmerge.go:361.14,363.3 1 1
github.com/livp123/netxfw/internal/utils/ipmerge/ipmerge.go:364.2,365.40 2 1
github.com/livp123/netxfw/internal/utils/ipmerge/ipmerge.go:368.41,369.12 1 1
github.com/livp123/netxfw/internal/utils/ipmerge/ipmerge.go:369.12,371.3 1 0
github.com/livp123/netxfw/internal/utils/ipmerge/ipmerge.go:372.2,373.27 2 1
github.com/livp123/netxfw/internal/utils/ipmerge/ipmerge.go:373.27,376.3 2 1
github.com/livp123/netxfw/internal/utils/ipmerge/ipmerge.go:377.2,377.27 1 1
github.com/livp123/netxfw/internal/utils/ipmerge/ipmerge.go:377.27,380.3 2 1
github.com/livp123/netxfw/internal/utils/ipmerge/ipmerge.go:381.2,381.27 1 1
github.com/livp123/netxfw/internal/utils/ipmerge/ipmerge.go:381.27,384.3 2 0
github.com/livp123/netxfw/internal/utils/ipmerge/ipmerge.go:385.2,385.27 1 1
github.com/livp123/netxfw/internal/utils/ipmerge/ipmerge.go:385.27,388.3 2 1
github.com/livp123/netxfw/internal/utils/ipmerge/ipmerge.go:389.2,389.27 1 1
github.com/livp123/netxfw/internal/utils/ipmerge/ipmerge.go:389.27,391.3 1 1
github.com/livp123/netxfw/internal/utils/ipmerge/ipmerge.go:392.2,392.10 1 1
github.com/livp123/netxfw/internal/utils/ipmerge/ipmerge.go:395.41,396.12 1 1
github.com/livp123/netxfw/internal/utils/ipmerge/ipmerge.go:396.12,398.3 1 0
github.com/livp123/netxfw/internal/utils/ipmerge/ipmerge.go:399.2,400.27 2 1
github.com/livp123/netxfw/internal/utils/ipmerge/ipmerge.go:400.27,403.3 2 1
github.com/livp123/netxfw/internal/utils/ipmerge/ipmerge.go:404.2,404.23 1 1
github.com/livp123/netxfw/internal/utils/ipmerge/ipmerge.go:404.23,407.3 2 1
github.com/livp123/netxfw/internal/utils/ipmerge/ipmerge.go:408.2,408.21 1 1
github.com/livp123/netxfw/internal/utils/ipmerge/ipmerge.go:408.21,411.3 2 0
github.com/livp123/netxfw/internal/utils/ipmerge/ipmerge.go:412.2,412.20 1 1
github.com/livp123/netxfw/internal/utils/ipmerge/ipmerge.go:412.20,415.3 2 0
github.com/livp123/netxfw/internal/utils/ipmerge/ipmerge.go:416.2,416.20 1 1
github.com/livp123/netxfw/internal/utils/ipmerge/ipmerge.go:416.20,419.3 2 1
github.com/livp123/netxfw/internal/utils/ipmerge/ipmerge.go:420.2,420.20 1 1
github.com/livp123/netxfw/internal/utils/ipmerge/ipmerge.go:420.20,422.3 1 1
github.com/livp123/netxfw/internal/utils/ipmerge/ipmerge.go:423.2,423.10 1 1
github.com/livp123/netxfw/internal/utils/iputil/iputil.go:11.32,13.16 2 1
github.com/livp123/netxfw/internal/utils/iputil/iputil.go:13.16,15.3 1 1
github.com/livp123/netxfw/internal/utils/iputil/iputil.go:16.2,16.37 1 1
github.com/livp123/netxfw/internal/utils/iputil/iputil.go:29.41,31.16 2 1
github.com/livp123/netxfw/internal/utils/iputil/iputil.go:31.16,33.3 1 1
github.com/livp123/netxfw/internal/utils/iputil/iputil.go:34.2,34.14 1 1
github.com/livp123/netxfw/internal/utils/iputil/iputil.go:40.46,42.16 2 1
github.com/livp123/netxfw/internal/utils/iputil/iputil.go:42.16,44.3 1 1
github.com/livp123/netxfw/internal/utils/iputil/iputil.go:46.2,47.15 2 1
github.com/livp123/netxfw/internal/utils/iputil/iputil.go:47.15,49.3 1 1
github.com/livp123/netxfw/internal/utils/iputil/iputil.go:51.2,52.21 2 1
github.com/livp123/netxfw/internal/utils/iputil/iputil.go:52.21,54.3 1 1
github.com/livp123/netxfw/internal/utils/iputil/iputil.go:55.2,58.8 1 1
github.com/livp123/netxfw/internal/utils/iputil/iputil.go:63.56,65.16 2 1
github.com/livp123/netxfw/internal/utils/iputil/iputil.go:65.16,69.3 1 1
github.com/livp123/netxfw/internal/utils/iputil/iputil.go:73.2,76.16 3 1
github.com/livp123/netxfw/internal/utils/iputil/iputil.go:76.16,78.3 1 1
github.com/livp123/netxfw/internal/utils/iputil/iputil.go:80.2,80.30 1 1
github.com/livp123/netxfw/internal/utils/iputil/iputil.go:80.30,82.3 1 1
github.com/livp123/netxfw/internal/utils/iputil/iputil.go:84.2,84.22 1 1
github.com/livp123/netxfw/internal/utils/iputil/iputil.go:84.22,86.3 1 1
github.com/livp123/netxfw/internal/utils/iputil/iputil.go:88.2,88.30 1 1
github.com/livp123/netxfw/internal/utils/iputil/iputil.go:93.31,95.2 1 1
github.com/livp123/netxfw/internal/utils/iputil/iputil.go:99.33,102.2 2 1
github.com/livp123/netxfw/internal/config/helpers.go:17.49,19.2 1 1
github.com/livp123/netxfw/internal/config/helpers.go:41.40,42.17 1 1
github.com/livp123/netxfw/internal/config/helpers.go:42.17,44.3 1 1
github.com/livp123/netxfw/internal/config/helpers.go:45.2,45.30 1 1
github.com/livp123/netxfw/internal/config/helpers.go:50.31,52.2 1 1
github.com/livp123/netxfw/internal/config/helpers.go:56.31,58.2 1 1
github.com/livp123/netxfw/internal/config/helpers.go:62.45,64.2 1 1
github.com/livp123/netxfw/internal/config/interface.go:51.36,53.2 1 1
github.com/livp123/netxfw/internal/config/interface.go:59.29,60.30 1 1
github.com/livp123/netxfw/internal/config/interface.go:60.30,62.3 1 0
github.com/livp123/netxfw/internal/config/interface.go:63.2,63.26 1 1
github.com/livp123/netxfw/internal/config/interface.go:68.26,70.2 1 1
github.com/livp123/netxfw/internal/config/manager.go:19.57,23.2 1 1
github.com/livp123/netxfw/internal/config/manager.go:27.45,32.16 4 1
github.com/livp123/netxfw/internal/config/manager.go:32.16,34.3 1 1
github.com/livp123/netxfw/internal/config/manager.go:36.2,37.12 2 1
github.com/livp123/netxfw/internal/config/manager.go:42.45,46.22 3 1
github.com/livp123/netxfw/internal/config/manager.go:46.22,48.3 1 0
github.com/livp123/netxfw/internal/config/manager.go:50.2,50.57 1 1
github.com/livp123/netxfw/internal/config/manager.go:55.58,59.22 3 1
github.com/livp123/netxfw/internal/config/manager.go:59.22,61.3 1 1
github.com/livp123/netxfw/internal/config/manager.go:64.2,65.17 2 1
github.com/livp123/netxfw/internal/config/manager.go:70.70,75.2 3 1
github.com/livp123/netxfw/internal/config/manager.go:79.60,83.22 3 1
github.com/livp123/netxfw/internal/config/manager.go:83.22,85.3 1 1
github.com/livp123/netxfw/internal/config/manager.go:87.2,88.17 2 1
github.com/livp123/netxfw/internal/config/manager.go:93.58,97.22 3 1
github.com/livp123/netxfw/internal/config/manager.go:97.22,99.3 1 1
github.com/livp123/netxfw/internal/config/manager.go:101.2,102.16 2 1
github.com/livp123/netxfw/internal/config/manager.go:107.66,111.22 3 1
github.com/livp123/netxfw/internal/config/manager.go:111.22,113.3 1 1
github.com/livp123/netxfw/internal/config/manager.go:115.2,116.20 2 1
github.com/livp123/netxfw/internal/config/manager.go:121.66,125.22 3 1
github.com/livp123/netxfw/internal/config/manager.go:125.22,127.3 1 1
github.com/livp123/netxfw/internal/config/manager.go:129.2,130.20 2 0
github.com/livp123/netxfw/internal/config/manager.go:135.70,139.22 3 1
github.com/livp123/netxfw/internal/config/manager.go:139.22,141.3 1 1
github.com/livp123/netxfw/internal/config/manager.go:143.2,144.22 2 0
github.com/livp123/netxfw/internal/config/manager.go:149.70,153.22 3 1
github.com/livp123/netxfw/internal/config/manager.go:153.22,155.3 1 1
github.com/livp123/netxfw/internal/config/manager.go:157.2,158.22 2 0
github.com/livp123/netxfw/internal/config/manager.go:163.60,167.22 3 1
github.com/livp123/netxfw/internal/config/manager.go:167.22,169.3 1 1
github.com/livp123/netxfw/internal/config/manager.go:171.2,172.17 2 0
github.com/livp123/netxfw/internal/config/manager.go:177.68,181.22 3 1
github.com/livp123/netxfw/internal/config/manager.go:181.22,183.3 1 1
github.com/livp123/netxfw/internal/config/manager.go:185.2,186.21 2 0
github.com/livp123/netxfw/internal/config/manager.go:191.70,195.22 3 1
github.com/livp123/netxfw/internal/config/manager.go:195.22,197.3 1 1
github.com/livp123/netxfw/internal/config/manager.go:199.2,200.22 2 0
github.com/livp123/netxfw/internal/config/manager.go:205.56,209.22 3 1
github.com/livp123/netxfw/internal/config/manager.go:209.22,211.3 1 1
github.com/livp123/netxfw/internal/config/manager.go:213.2,214.15 2 0
github.com/livp123/netxfw/internal/config/manager.go:219.58,223.22 3 1
github.com/livp123/netxfw/internal/config/manager.go:223.22,225.3 1 1
github.com/livp123/netxfw/internal/config/manager.go:227.2,228.16 2 0
github.com/livp123/netxfw/internal/config/manager.go:233.66,237.22 3 1
github.com/livp123/netxfw/internal/config/manager.go:237.22,239.3 1 1
github.com/livp123/netxfw/internal/config/manager.go:241.2,242.20 2 0
github.com/livp123/netxfw/internal/config/manager.go:247.69,251.22 3 1
github.com/livp123/netxfw/internal/config/manager.go:251.22,253.3 1 1
github.com/livp123/netxfw/internal/config/manager.go:258.66,262.22 3 1
github.com/livp123/netxfw/internal/config/manager.go:262.22,264.3 1 0
github.com/livp123/netxfw/internal/config/manager.go:269.78,273.22 3 1
github.com/livp123/netxfw/internal/config/manager.go:273.22,275.3 1 0
github.com/livp123/netxfw/internal/config/manager.go:280.78,284.22 3 1
github.com/livp123/netxfw/internal/config/manager.go:284.22,286.3 1 0
github.com/livp123/netxfw/internal/config/manager.go:291.84,295.22 3 1
github.com/livp123/netxfw/internal/config/manager.go:295.22,297.3 1 0
github.com/livp123/netxfw/internal/config/manager.go:302.84,306.22 3 1
github.com/livp123/netxfw/internal/config/manager.go:306.22,308.3 1 0
github.com/livp123/netxfw/internal/config/manager.go:313.69,317.22 3 1
github.com/livp123/netxfw/internal/config/manager.go:317.22,319.3 1 0
github.com/livp123/netxfw/internal/config/manager.go:324.81,328.22 3 1
github.com/livp123/netxfw/internal/config/manager.go:328.22,330.3 1 0
github.com/livp123/netxfw/internal/config/manager.go:335.84,339.22 3 1
github.com/livp123/netxfw/internal/config/manager.go:339.22,341.3 1 0
github.com/livp123/netxfw/internal/config/manager.go:346.63,350.22 3 1
github.com/livp123/netxfw/internal/config/manager.go:350.22,352.3 1 0
github.com/livp123/netxfw/internal/config/manager.go:357.66,361.22 3 1
github.com/livp123/netxfw/internal/config/manager.go:361.22,363.3 1 0
github.com/livp123/netxfw/internal/config/manager.go:368.78,372.22 3 1
github.com/livp123/netxfw/internal/config/manager.go:372.22,374.3 1 0
github.com/livp123/netxfw/internal/config/manager.go:379.49,381.2 1 1
github.com/livp123/netxfw/internal/config/manager.go:385.43,389.22 3 1
github.com/livp123/netxfw/internal/config/manager.go:389.22,391.3 1 1
github.com/livp123/netxfw/internal/config/manager.go:393.2,393.29 1 1
github.com/livp123/netxfw/internal/binary/format.go:25.50,27.50 1 1
github.com/livp123/netxfw/internal/binary/format.go:27.50,29.3 1 0
github.com/livp123/netxfw/internal/binary/format.go:32.2,32.52 1 1
github.com/livp123/netxfw/internal/binary/format.go:32.52,34.3 1 0
github.com/livp123/netxfw/internal/binary/format.go:37.2,37.52 1 1
github.com/livp123/netxfw/internal/binary/format.go:37.52,39.3 1 0
github.com/livp123/netxfw/internal/binary/format.go:41.2,44.28 3 1
github.com/livp123/netxfw/internal/binary/format.go:44.28,45.15 1 1
github.com/livp123/netxfw/internal/binary/format.go:45.15,47.4 1 1
github.com/livp123/netxfw/internal/binary/format.go:47.9,49.4 1 1
github.com/livp123/netxfw/internal/binary/format.go:53.2,53.87 1 1
github.com/livp123/netxfw/internal/binary/format.go:53.87,55.3 1 0
github.com/livp123/netxfw/internal/binary/format.go:58.2,58.87 1 1
github.com/livp123/netxfw/internal/binary/format.go:58.87,60.3 1 0
github.com/livp123/netxfw/internal/binary/format.go:63.2,63.32 1 1
github.com/livp123/netxfw/internal/binary/format.go:63.32,64.48 1 1
github.com/livp123/netxfw/internal/binary/format.go:64.48,66.4 1 0
github.com/livp123/netxfw/internal/binary/format.go:67.3,67.57 1 1
github.com/livp123/netxfw/internal/binary/format.go:67.57,69.4 1 0
github.com/livp123/netxfw/internal/binary/format.go:73.2,73.32 1 1
github.com/livp123/netxfw/internal/binary/format.go:73.32,74.49 1 1
github.com/livp123/netxfw/internal/binary/format.go:74.49,76.4 1 0
github.com/livp123/netxfw/internal/binary/format.go:77.3,77.57 1 1
github.com/livp123/netxfw/internal/binary/format.go:77.57,79.4 1 0
github.com/livp123/netxfw/internal/binary/format.go:82.2,82.12 1 1
github.com/livp123/netxfw/internal/binary/format.go:87.44,89.49 2 1
github.com/livp123/netxfw/internal/binary/format.go:89.49,91.3 1 1
github.com/livp123/netxfw/internal/binary/format.go:92.2,92.28 1 1
github.com/livp123/netxfw/internal/binary/format.go:92.28,94.3 1 1
github.com/livp123/netxfw/internal/binary/format.go:96.2,97.51 2 1
github.com/livp123/netxfw/internal/binary/format.go:97.51,99.3 1 1
github.com/livp123/netxfw/internal/binary/format.go:100.2,100.27 1 1
github.com/livp123/netxfw/internal/binary/format.go:100.27,102.3 1 1
github.com/livp123/netxfw/internal/binary/format.go:105.2,106.52 2 1
github.com/livp123/netxfw/internal/binary/format.go:106.52,108.3 1 0
github.com/livp123/netxfw/internal/binary/format.go:110.2,111.72 2 1
github.com/livp123/netxfw/internal/binary/format.go:111.72,113.3 1 0
github.com/livp123/netxfw/internal/binary/format.go:115.2,116.72 2 1
github.com/livp123/netxfw/internal/binary/format.go:116.72,118.3 1 0
github.com/livp123/netxfw/internal/binary/format.go:120.2,123.41 2 1
github.com/livp123/netxfw/internal/binary/format.go:123.41,125.47 2 1
github.com/livp123/netxfw/internal/binary/format.go:125.47,127.4 1 0
github.com/livp123/netxfw/internal/binary/format.go:128.3,129.51 2 1
github.com/livp123/netxfw/internal/binary/format.go:129.51,131.4 1 0
github.com/livp123/netxfw/internal/binary/format.go:132.3,136.5 1 1
github.com/livp123/netxfw/internal/binary/format.go:140.2,140.41 1 1
github.com/livp123/netxfw/internal/binary/format.go:140.41,142.47 2 1
github.com/livp123/netxfw/internal/binary/format.go:142.47,144.4 1 0
github.com/livp123/netxfw/internal/binary/format.go:145.3,146.51 2 1
github.com/livp123/netxfw/internal/binary/format.go:146.51,148.4 1 0
github.com/livp123/netxfw/internal/binary/format.go:149.3,153.5 1 1
github.com/livp123/netxfw/internal/binary/format.go:156.2,156.21 1 1
github.com/livp123/netxfw/internal/engine/tinyml.go:15.38,17.2 1 1
github.com/livp123/netxfw/internal/engine/tinyml.go:21.53,27.2 3 1
github.com/livp123/netxfw/internal/engine/tinyml.go:31.68,32.20 1 1
github.com/livp123/netxfw/internal/engine/tinyml.go:32.20,34.3 1 1
github.com/livp123/netxfw/internal/engine/tinyml.go:37.2,37.17 1 1
github.com/livp123/netxfw/internal/optimizer/optimizer.go:13.55,15.42 2 1
github.com/livp123/netxfw/internal/optimizer/optimizer.go:15.42,22.17 4 1
github.com/livp123/netxfw/internal/optimizer/optimizer.go:22.17,25.4 2 1
github.com/livp123/netxfw/internal/optimizer/optimizer.go:27.3,27.54 1 1
github.com/livp123/netxfw/internal/optimizer/optimizer.go:30.2,31.39 2 1
github.com/livp123/netxfw/internal/optimizer/optimizer.go:31.39,33.17 2 1
github.com/livp123/netxfw/internal/optimizer/optimizer.go:33.17,35.4 1 0
github.com/livp123/netxfw/internal/optimizer/optimizer.go:36.3,36.31 1 1
github.com/livp123/netxfw/internal/optimizer/optimizer.go:36.31,38.16 2 1
github.com/livp123/netxfw/internal/optimizer/optimizer.go:38.16,40.5 1 1
github.com/livp123/netxfw/internal/optimizer/optimizer.go:41.4,41.46 1 1
github.com/livp123/netxfw/internal/optimizer/optimizer.go:44.2,44.35 1 1
github.com/livp123/netxfw/internal/optimizer/optimizer.go:49.57,56.41 3 1
github.com/livp123/netxfw/internal/optimizer/optimizer.go:56.41,59.3 2 1
github.com/livp123/netxfw/internal/optimizer/optimizer.go:60.2,61.39 2 1
github.com/livp123/netxfw/internal/optimizer/optimizer.go:61.39,63.17 2 1
github.com/livp123/netxfw/internal/optimizer/optimizer.go:63.17,65.4 1 0
github.com/livp123/netxfw/internal/optimizer/optimizer.go:66.3,66.31 1 1
github.com/livp123/netxfw/internal/optimizer/optimizer.go:66.31,72.4 1 1
github.com/livp123/netxfw/internal/optimizer/optimizer.go:74.2,74.33 1 1
github.com/livp123/netxfw/cmd/netxfw/main.go:7.13,11.2 1 0
github.com/livp123/netxfw/cmd/netxfw/commands/root.go:24.60,28.20 2 0
github.com/livp123/netxfw/cmd/netxfw/commands/root.go:28.20,30.4 1 0
github.com/livp123/netxfw/cmd/netxfw/commands/root.go:32.3,33.17 2 0
github.com/livp123/netxfw/cmd/netxfw/commands/root.go:33.17,40.4 1 0
github.com/livp123/netxfw/cmd/netxfw/commands/root.go:40.9,42.4 1 0
github.com/livp123/netxfw/cmd/netxfw/commands/root.go:46.3,47.22 2 0
github.com/livp123/netxfw/cmd/netxfw/commands/root.go:51.13,79.2 16 1
github.com/livp123/netxfw/cmd/netxfw/commands/root.go:81.16,82.42 1 0
github.com/livp123/netxfw/cmd/netxfw/commands/root.go:82.42,85.3 2 0
github.com/livp123/netxfw/internal/core/engine/base.go:14.36,16.2 1 1
github.com/livp123/netxfw/internal/core/engine/base.go:18.89,23.2 4 1
github.com/livp123/netxfw/internal/core/engine/base.go:25.36,28.2 2 1
github.com/livp123/netxfw/internal/core/engine/base.go:30.60,34.2 3 1
github.com/livp123/netxfw/internal/core/engine/base.go:36.35,38.2 1 1
github.com/livp123/netxfw/internal/core/engine/base.go:40.35,41.21 1 1
github.com/livp123/netxfw/internal/core/engine/base.go:41.21,43.3 1 0
github.com/livp123/netxfw/internal/core/engine/base.go:45.2,45.71 1 1
github.com/livp123/netxfw/internal/core/engine/base.go:45.71,47.3 1 0
github.com/livp123/netxfw/internal/core/engine/base.go:48.2,48.85 1 1
github.com/livp123/netxfw/internal/core/engine/base.go:48.85,50.3 1 0
github.com/livp123/netxfw/internal/core/engine/base.go:51.2,51.67 1 1
github.com/livp123/netxfw/internal/core/engine/base.go:51.67,53.3 1 0
github.com/livp123/netxfw/internal/core/engine/base.go:54.2,54.71 1 1
github.com/livp123/netxfw/internal/core/engine/base.go:54.71,56.3 1 0
github.com/livp123/netxfw/internal/core/engine/base.go:57.2,57.77 1 1
github.com/livp123/netxfw/internal/core/engine/base.go:57.77,59.3 1 0
github.com/livp123/netxfw/internal/core/engine/base.go:60.2,60.75 1 1
github.com/livp123/netxfw/internal/core/engine/base.go:60.75,62.3 1 0
github.com/livp123/netxfw/internal/core/engine/base.go:63.2,63.67 1 1
github.com/livp123/netxfw/internal/core/engine/base.go:63.67,65.3 1 0
github.com/livp123/netxfw/internal/core/engine/base.go:66.2,66.65 1 1
github.com/livp123/netxfw/internal/core/engine/base.go:66.65,68.3 1 0
github.com/livp123/netxfw/internal/core/engine/base.go:69.2,69.53 1 1
github.com/livp123/netxfw/internal/core/engine/base.go:69.53,70.91 1 0
github.com/livp123/netxfw/internal/core/engine/base.go:70.91,72.4 1 0
github.com/livp123/netxfw/internal/core/engine/base.go:74.2,74.12 1 1
github.com/livp123/netxfw/internal/core/engine/conntrack.go:16.41,18.2 1 1
github.com/livp123/netxfw/internal/core/engine/conntrack.go:20.94,25.2 4 1
github.com/livp123/netxfw/internal/core/engine/conntrack.go:27.41,30.2 2 1
github.com/livp123/netxfw/internal/core/engine/conntrack.go:32.65,36.2 3 1
github.com/livp123/netxfw/internal/core/engine/conntrack.go:38.40,40.2 1 1
github.com/livp123/netxfw/internal/core/engine/conntrack.go:42.40,43.21 1 1
github.com/livp123/netxfw/internal/core/engine/conntrack.go:43.21,45.3 1 0
github.com/livp123/netxfw/internal/core/engine/conntrack.go:46.2,46.65 1 1
github.com/livp123/netxfw/internal/core/engine/conntrack.go:46.65,49.3 2 0
github.com/livp123/netxfw/internal/core/engine/conntrack.go:50.2,50.23 1 1
github.com/livp123/netxfw/internal/core/engine/conntrack.go:50.23,52.3 1 0
github.com/livp123/netxfw/internal/core/engine/conntrack.go:54.2,56.31 3 1
github.com/livp123/netxfw/internal/core/engine/conntrack.go:56.31,58.17 2 1
github.com/livp123/netxfw/internal/core/engine/conntrack.go:58.17,60.4 1 0
github.com/livp123/netxfw/internal/core/engine/conntrack.go:61.8,63.3 1 0
github.com/livp123/netxfw/internal/core/engine/conntrack.go:65.2,65.67 1 1
github.com/livp123/netxfw/internal/core/engine/conntrack.go:65.67,67.3 1 0
github.com/livp123/netxfw/internal/core/engine/conntrack.go:68.2,68.12 1 1
github.com/livp123/netxfw/internal/core/engine/port.go:14.36,16.2 1 1
github.com/livp123/netxfw/internal/core/engine/port.go:18.89,23.2 4 1
github.com/livp123/netxfw/internal/core/engine/port.go:25.36,28.2 2 1
github.com/livp123/netxfw/internal/core/engine/port.go:30.60,34.2 3 1
github.com/livp123/netxfw/internal/core/engine/port.go:36.35,38.2 1 1
github.com/livp123/netxfw/internal/core/engine/port.go:40.35,41.21 1 1
github.com/livp123/netxfw/internal/core/engine/port.go:41.21,43.3 1 0
github.com/livp123/netxfw/internal/core/engine/port.go:46.2,47.16 2 1
github.com/livp123/netxfw/internal/core/engine/port.go:47.16,49.3 1 0
github.com/livp123/netxfw/internal/core/engine/port.go:49.8,51.46 2 1
github.com/livp123/netxfw/internal/core/engine/port.go:51.46,53.4 1 1
github.com/livp123/netxfw/internal/core/engine/port.go:54.3,55.37 2 1
github.com/livp123/netxfw/internal/core/engine/port.go:55.37,57.4 1 0
github.com/livp123/netxfw/internal/core/engine/port.go:59.3,59.35 1 1
github.com/livp123/netxfw/internal/core/engine/port.go:59.35,60.27 1 0
github.com/livp123/netxfw/internal/core/engine/port.go:60.27,61.61 1 0
github.com/livp123/netxfw/internal/core/engine/port.go:61.61,63.6 1 0
github.com/livp123/netxfw/internal/core/engine/port.go:67.3,67.34 1 1
github.com/livp123/netxfw/internal/core/engine/port.go:67.34,68.28 1 1
github.com/livp123/netxfw/internal/core/engine/port.go:68.28,69.53 1 1
github.com/livp123/netxfw/internal/core/engine/port.go:69.53,71.6 1 0
github.com/livp123/netxfw/internal/core/engine/port.go:77.2,77.53 1 1
github.com/livp123/netxfw/internal/core/engine/port.go:77.53,79.3 1 0
github.com/livp123/netxfw/internal/core/engine/port.go:80.2,80.44 1 1
github.com/livp123/netxfw/internal/core/engine/port.go:80.44,81.82 1 1
github.com/livp123/netxfw/internal/core/engine/port.go:81.82,83.4 1 0
github.com/livp123/netxfw/internal/core/engine/port.go:86.2,86.12 1 1
github.com/livp123/netxfw/internal/core/engine/ratelimit.go:22.41,24.2 1 1
github.com/livp123/netxfw/internal/core/engine/ratelimit.go:26.94,35.2 8 1
github.com/livp123/netxfw/internal/core/engine/ratelimit.go:37.41,39.33 2 1
github.com/livp123/netxfw/internal/core/engine/ratelimit.go:39.33,41.3 1 0
github.com/livp123/netxfw/internal/core/engine/ratelimit.go:42.2,43.12 2 1
github.com/livp123/netxfw/internal/core/engine/ratelimit.go:46.65,50.2 3 1
github.com/livp123/netxfw/internal/core/engine/ratelimit.go:52.40,53.23 1 1
github.com/livp123/netxfw/internal/core/engine/ratelimit.go:53.23,55.3 1 0
github.com/livp123/netxfw/internal/core/engine/ratelimit.go:56.2,56.12 1 1
github.com/livp123/netxfw/internal/core/engine/ratelimit.go:59.46,63.6 3 1
github.com/livp123/netxfw/internal/core/engine/ratelimit.go:63.6,64.10 1 1
github.com/livp123/netxfw/internal/core/engine/ratelimit.go:65.21,66.10 1 0
github.com/livp123/netxfw/internal/core/engine/ratelimit.go:67.19,70.18 2 0
github.com/livp123/netxfw/internal/core/engine/ratelimit.go:70.18,71.13 1 0
github.com/livp123/netxfw/internal/core/engine/ratelimit.go:74.4,75.27 2 0
github.com/livp123/netxfw/internal/core/engine/ratelimit.go:75.27,77.27 2 0
github.com/livp123/netxfw/internal/core/engine/ratelimit.go:77.27,80.27 2 0
github.com/livp123/netxfw/internal/core/engine/ratelimit.go:80.27,82.7 1 0
github.com/livp123/netxfw/internal/core/engine/ratelimit.go:85.4,85.27 1 0
github.com/livp123/netxfw/internal/core/engine/ratelimit.go:90.40,91.21 1 1
github.com/livp123/netxfw/internal/core/engine/ratelimit.go:91.21,93.3 1 0
github.com/livp123/netxfw/internal/core/engine/ratelimit.go:95.2,95.71 1 1
github.com/livp123/netxfw/internal/core/engine/ratelimit.go:95.71,97.3 1 0
github.com/livp123/netxfw/internal/core/engine/ratelimit.go:98.2,98.67 1 1
github.com/livp123/netxfw/internal/core/engine/ratelimit.go:98.67,100.3 1 0
github.com/livp123/netxfw/internal/core/engine/ratelimit.go:101.2,101.36 1 1
github.com/livp123/netxfw/internal/core/engine/ratelimit.go:101.36,102.73 1 0
github.com/livp123/netxfw/internal/core/engine/ratelimit.go:102.73,103.58 1 0
github.com/livp123/netxfw/internal/core/engine/ratelimit.go:103.58,105.5 1 0
github.com/livp123/netxfw/internal/core/engine/ratelimit.go:110.2,111.16 2 1
github.com/livp123/netxfw/internal/core/engine/ratelimit.go:111.16,114.3 2 0
github.com/livp123/netxfw/internal/core/engine/ratelimit.go:116.2,117.38 2 1
github.com/livp123/netxfw/internal/core/engine/ratelimit.go:117.38,119.17 2 1
github.com/livp123/netxfw/internal/core/engine/ratelimit.go:119.17,121.17 2 1
github.com/livp123/netxfw/internal/core/engine/ratelimit.go:121.17,127.5 1 1
github.com/livp123/netxfw/internal/core/engine/ratelimit.go:128.9,134.4 1 0
github.com/livp123/netxfw/internal/core/engine/ratelimit.go:137.2,137.36 1 1
github.com/livp123/netxfw/internal/core/engine/ratelimit.go:137.36,144.3 1 0
github.com/livp123/netxfw/internal/core/engine/ratelimit.go:147.2,147.31 1 1
github.com/livp123/netxfw/internal/core/engine/ratelimit.go:147.31,148.45 1 0
github.com/livp123/netxfw/internal/core/engine/ratelimit.go:148.45,151.4 1 0
github.com/livp123/netxfw/internal/core/engine/ratelimit.go:154.2,154.36 1 1
github.com/livp123/netxfw/internal/core/engine/ratelimit.go:154.36,156.84 2 1
github.com/livp123/netxfw/internal/core/engine/ratelimit.go:156.84,158.4 1 0
github.com/livp123/netxfw/internal/core/engine/ratelimit.go:160.2,160.12 1 1
github.com/livp123/netxfw/internal/plugins/agent/logengine/action_blacklist.go:41.77,50.2 3 1
github.com/livp123/netxfw/internal/plugins/agent/logengine/action_blacklist.go:53.97,54.9 1 1
github.com/livp123/netxfw/internal/plugins/agent/logengine/action_blacklist.go:55.79,56.13 1 1
github.com/livp123/netxfw/internal/plugins/agent/logengine/action_blacklist.go:57.10,58.69 1 0
github.com/livp123/netxfw/internal/plugins/agent/logengine/action_blacklist.go:63.35,65.2 1 1
github.com/livp123/netxfw/internal/plugins/agent/logengine/action_blacklist.go:67.34,68.6 1 1
github.com/livp123/netxfw/internal/plugins/agent/logengine/action_blacklist.go:68.6,69.10 1 1
github.com/livp123/netxfw/internal/plugins/agent/logengine/action_blacklist.go:70.21,71.10 1 1
github.com/livp123/netxfw/internal/plugins/agent/logengine/action_blacklist.go:72.30,73.18 1 1
github.com/livp123/netxfw/internal/plugins/agent/logengine/action_blacklist.go:78.55,79.44 1 1
github.com/livp123/netxfw/internal/plugins/agent/logengine/action_blacklist.go:79.44,81.3 1 1
github.com/livp123/netxfw/internal/plugins/agent/logengine/action_blacklist.go:83.2,84.24 2 0
github.com/livp123/netxfw/internal/plugins/agent/logengine/action_blacklist.go:85.20,86.69 1 0
github.com/livp123/netxfw/internal/plugins/agent/logengine/action_blacklist.go:87.21,88.66 1 0
github.com/livp123/netxfw/internal/plugins/agent/logengine/action_blacklist.go:89.17,91.9 1 0
github.com/livp123/netxfw/internal/plugins/agent/logengine/action_blacklist.go:94.2,94.16 1 0
github.com/livp123/netxfw/internal/plugins/agent/logengine/action_blacklist.go:94.16,96.3 1 0
github.com/livp123/netxfw/internal/plugins/agent/logengine/checkpoint.go:27.65,34.2 1 1
github.com/livp123/netxfw/internal/plugins/agent/logengine/checkpoint.go:37.37,42.16 4 1
github.com/livp123/netxfw/internal/plugins/agent/logengine/checkpoint.go:42.16,43.26 1 1
github.com/livp123/netxfw/internal/plugins/agent/logengine/checkpoint.go:43.26,45.4 1 0
github.com/livp123/netxfw/internal/plugins/agent/logengine/checkpoint.go:46.3,46.9 1 1
github.com/livp123/netxfw/internal/plugins/agent/logengine/checkpoint.go:49.2,49.58 1 1
github.com/livp123/netxfw/internal/plugins/agent/logengine/checkpoint.go:49.58,51.3 1 0
github.com/livp123/netxfw/internal/plugins/agent/logengine/checkpoint.go:55.37,60.16 4 1
github.com/livp123/netxfw/internal/plugins/agent/logengine/checkpoint.go:60.16,63.3 2 0
github.com/livp123/netxfw/internal/plugins/agent/logengine/checkpoint.go:66.2,66.61 1 1
github.com/livp123/netxfw/internal/plugins/agent/logengine/checkpoint.go:66.61,69.3 2 0
github.com/livp123/netxfw/internal/plugins/agent/logengine/checkpoint.go:71.2,71.58 1 1
github.com/livp123/netxfw/internal/plugins/agent/logengine/checkpoint.go:71.58,73.3 1 0
github.com/livp123/netxfw/internal/plugins/agent/logengine/checkpoint.go:77.38,80.12 3 1
github.com/livp123/netxfw/internal/plugins/agent/logengine/checkpoint.go:80.12,81.7 1 1
github.com/livp123/netxfw/internal/plugins/agent/logengine/checkpoint.go:81.7,82.11 1 1
github.com/livp123/netxfw/internal/plugins/agent/logengine/checkpoint.go:83.23,84.14 1 0
github.com/livp123/netxfw/internal/plugins/agent/logengine/checkpoint.go:85.19,86.11 1 1
github.com/livp123/netxfw/internal/plugins/agent/logengine/checkpoint.go:93.37,94.22 1 1
github.com/livp123/netxfw/internal/plugins/agent/logengine/checkpoint.go:94.22,96.3 1 1
github.com/livp123/netxfw/internal/plugins/agent/logengine/checkpoint.go:97.2,98.11 2 1
github.com/livp123/netxfw/internal/plugins/agent/logengine/checkpoint.go:102.70,106.2 3 1
github.com/livp123/netxfw/internal/plugins/agent/logengine/checkpoint.go:110.81,115.14 4 1
github.com/livp123/netxfw/internal/plugins/agent/logengine/checkpoint.go:116.15,117.46 1 1
github.com/livp123/netxfw/internal/plugins/agent/logengine/checkpoint.go:118.16,119.9 1 1
github.com/livp123/netxfw/internal/plugins/agent/logengine/checkpoint.go:119.9,122.18 2 1
github.com/livp123/netxfw/internal/plugins/agent/logengine/checkpoint.go:122.18,123.34 1 1
github.com/livp123/netxfw/internal/plugins/agent/logengine/checkpoint.go:123.34,126.6 2 1
github.com/livp123/netxfw/internal/plugins/agent/logengine/checkpoint.go:128.5,128.58 1 1
github.com/livp123/netxfw/internal/plugins/agent/logengine/checkpoint.go:132.3,132.46 1 1
github.com/livp123/netxfw/internal/plugins/agent/logengine/checkpoint.go:133.13,134.46 1 1
github.com/livp123/netxfw/internal/plugins/agent/logengine/checkpoint.go:135.10,137.46 1 1
github.com/livp123/netxfw/internal/plugins/agent/logengine/counter.go:34.41,35.20 1 1
github.com/livp123/netxfw/internal/plugins/agent/logengine/counter.go:35.20,37.3 1 1
github.com/livp123/netxfw/internal/plugins/agent/logengine/counter.go:38.2,40.28 1 1
github.com/livp123/netxfw/internal/plugins/agent/logengine/counter.go:40.28,42.5 1 0
github.com/livp123/netxfw/internal/plugins/agent/logengine/counter.go:48.2,48.35 1 1
github.com/livp123/netxfw/internal/plugins/agent/logengine/counter.go:48.35,52.3 1 1
github.com/livp123/netxfw/internal/plugins/agent/logengine/counter.go:53.2,53.10 1 1
github.com/livp123/netxfw/internal/plugins/agent/logengine/counter.go:56.57,59.14 2 1
github.com/livp123/netxfw/internal/plugins/agent/logengine/counter.go:59.14,63.3 2 1
github.com/livp123/netxfw/internal/plugins/agent/logengine/counter.go:63.8,70.3 5 1
github.com/livp123/netxfw/internal/plugins/agent/logengine/counter.go:72.2,73.32 2 1
github.com/livp123/netxfw/internal/plugins/agent/logengine/counter.go:77.38,84.25 6 1
github.com/livp123/netxfw/internal/plugins/agent/logengine/counter.go:84.25,91.3 4 1
github.com/livp123/netxfw/internal/plugins/agent/logengine/counter.go:91.8,94.70 1 1
github.com/livp123/netxfw/internal/plugins/agent/logengine/counter.go:94.70,96.4 1 0
github.com/livp123/netxfw/internal/plugins/agent/logengine/counter.go:99.2,102.30 2 1
github.com/livp123/netxfw/internal/plugins/agent/logengine/counter.go:102.30,105.15 2 0
github.com/livp123/netxfw/internal/plugins/agent/logengine/counter.go:105.15,106.18 1 0
github.com/livp123/netxfw/internal/plugins/agent/logengine/counter.go:106.18,108.34 1 0
github.com/livp123/netxfw/internal/plugins/agent/logengine/counter.go:108.34,110.6 1 0
github.com/livp123/netxfw/internal/plugins/agent/logengine/counter.go:111.10,114.39 1 0
github.com/livp123/netxfw/internal/plugins/agent/logengine/counter.go:114.39,117.6 2 0
github.com/livp123/netxfw/internal/plugins/agent/logengine/counter.go:119.4,120.23 2 0
github.com/livp123/netxfw/internal/plugins/agent/logengine/counter.go:122.8,122.37 1 1
github.com/livp123/netxfw/internal/plugins/agent/logengine/counter.go:122.38,126.3 0 0
github.com/livp123/netxfw/internal/plugins/agent/logengine/counter.go:128.2,129.16 2 1
github.com/livp123/netxfw/internal/plugins/agent/logengine/counter.go:133.63,134.40 1 1
github.com/livp123/netxfw/internal/plugins/agent/logengine/counter.go:134.40,136.3 1 1
github.com/livp123/netxfw/internal/plugins/agent/logengine/counter.go:138.2,143.9 5 1
github.com/livp123/netxfw/internal/plugins/agent/logengine/counter.go:143.9,145.3 1 1
github.com/livp123/netxfw/internal/plugins/agent/logengine/counter.go:147.2,150.34 3 1
github.com/livp123/netxfw/internal/plugins/agent/logengine/counter.go:150.34,152.3 1 0
github.com/livp123/netxfw/internal/plugins/agent/logengine/counter.go:154.2,156.37 2 1
github.com/livp123/netxfw/internal/plugins/agent/logengine/counter.go:156.37,158.29 2 1
github.com/livp123/netxfw/internal/plugins/agent/logengine/counter.go:158.29,160.12 1 0
github.com/livp123/netxfw/internal/plugins/agent/logengine/counter.go:162.3,162.33 1 1
github.com/livp123/netxfw/internal/plugins/agent/logengine/counter.go:162.33,164.12 1 0
github.com/livp123/netxfw/internal/plugins/agent/logengine/counter.go:167.3,168.35 2 1
github.com/livp123/netxfw/internal/plugins/agent/logengine/counter.go:171.2,171.14 1 1
github.com/livp123/netxfw/internal/plugins/agent/logengine/counter.go:176.42,178.2 1 1
github.com/livp123/netxfw/internal/plugins/agent/logengine/counter.go:181.29,184.35 3 1
github.com/livp123/netxfw/internal/plugins/agent/logengine/counter.go:184.35,187.39 3 1
github.com/livp123/netxfw/internal/plugins/agent/logengine/counter.go:187.39,188.35 1 1
github.com/livp123/netxfw/internal/plugins/agent/logengine/counter.go:188.35,192.5 2 1
github.com/livp123/netxfw/internal/plugins/agent/logengine/counter.go:194.3,194.17 1 1
github.com/livp123/netxfw/internal/plugins/agent/logengine/extractor_ip.go:11.36,13.2 1 1
github.com/livp123/netxfw/internal/plugins/agent/logengine/extractor_ip.go:16.60,18.2 1 1
github.com/livp123/netxfw/internal/plugins/agent/logengine/extractor_ip.go:21.85,26.33 3 1
github.com/livp123/netxfw/internal/plugins/agent/logengine/extractor_ip.go:26.33,28.18 2 1
github.com/livp123/netxfw/internal/plugins/agent/logengine/extractor_ip.go:28.18,29.19 1 1
github.com/livp123/netxfw/internal/plugins/agent/logengine/extractor_ip.go:29.19,31.5 1 1
github.com/livp123/netxfw/internal/plugins/agent/logengine/extractor_ip.go:32.9,33.19 1 1
github.com/livp123/netxfw/internal/plugins/agent/logengine/extractor_ip.go:33.19,37.28 2 1
github.com/livp123/netxfw/internal/plugins/agent/logengine/extractor_ip.go:37.28,38.61 1 1
github.com/livp123/netxfw/internal/plugins/agent/logengine/extractor_ip.go:38.61,40.7 1 1
github.com/livp123/netxfw/internal/plugins/agent/logengine/extractor_ip.go:42.5,42.15 1 1
github.com/livp123/netxfw/internal/plugins/agent/logengine/extractor_ip.go:47.2,47.17 1 1
github.com/livp123/netxfw/internal/plugins/agent/logengine/extractor_ip.go:47.17,49.26 2 1
github.com/livp123/netxfw/internal/plugins/agent/logengine/extractor_ip.go:49.26,50.59 1 1
github.com/livp123/netxfw/internal/plugins/agent/logengine/extractor_ip.go:50.59,52.5 1 1
github.com/livp123/netxfw/internal/plugins/agent/logengine/extractor_ip.go:56.2,56.23 1 1
github.com/livp123/netxfw/internal/plugins/agent/logengine/extractor_ip.go:59.28,64.2 1 1
github.com/livp123/netxfw/internal/plugins/agent/logengine/extractor_ip.go:66.47,67.19 1 1
github.com/livp123/netxfw/internal/plugins/agent/logengine/extractor_ip.go:67.19,69.3 1 1
github.com/livp123/netxfw/internal/plugins/agent/logengine/extractor_ip.go:71.2,72.32 2 1
github.com/livp123/netxfw/internal/plugins/agent/logengine/extractor_ip.go:72.32,74.34 2 1
github.com/livp123/netxfw/internal/plugins/agent/logengine/extractor_ip.go:74.34,75.24 1 1
github.com/livp123/netxfw/internal/plugins/agent/logengine/extractor_ip.go:75.24,77.10 2 1
github.com/livp123/netxfw/internal/plugins/agent/logengine/extractor_ip.go:80.3,80.17 1 1
github.com/livp123/netxfw/internal/plugins/agent/logengine/extractor_ip.go:80.17,83.4 2 1
github.com/livp123/netxfw/internal/plugins/agent/logengine/extractor_ip.go:85.2,85.24 1 1
github.com/livp123/netxfw/internal/plugins/agent/logengine/pipeline.go:30.96,31.22 1 1
github.com/livp123/netxfw/internal/plugins/agent/logengine/pipeline.go:31.22,33.3 1 1
github.com/livp123/netxfw/internal/plugins/agent/logengine/pipeline.go:35.2,52.61 4 1
github.com/livp123/netxfw/internal/plugins/agent/logengine/pipeline.go:52.61,54.3 1 0
github.com/livp123/netxfw/internal/plugins/agent/logengine/pipeline.go:56.2,56.11 1 1
github.com/livp123/netxfw/internal/plugins/agent/logengine/pipeline.go:60.30,64.16 3 0
github.com/livp123/netxfw/internal/plugins/agent/logengine/pipeline.go:64.16,66.3 1 0
github.com/livp123/netxfw/internal/plugins/agent/logengine/pipeline.go:67.2,78.41 5 0
github.com/livp123/netxfw/internal/plugins/agent/logengine/pipeline.go:78.41,81.3 2 0
github.com/livp123/netxfw/internal/plugins/agent/logengine/pipeline.go:84.2,84.36 1 0
github.com/livp123/netxfw/internal/plugins/agent/logengine/pipeline.go:87.29,91.17 3 1
github.com/livp123/netxfw/internal/plugins/agent/logengine/pipeline.go:91.17,93.3 1 1
github.com/livp123/netxfw/internal/plugins/agent/logengine/pipeline.go:94.2,100.22 6 0
github.com/livp123/netxfw/internal/plugins/agent/logengine/pipeline.go:100.22,102.3 1 0
github.com/livp123/netxfw/internal/plugins/agent/logengine/pipeline.go:103.2,103.14 1 0
github.com/livp123/netxfw/internal/plugins/agent/logengine/pipeline.go:106.35,109.6 3 0
github.com/livp123/netxfw/internal/plugins/agent/logengine/pipeline.go:109.6,110.10 1 0
github.com/livp123/netxfw/internal/plugins/agent/logengine/pipeline.go:111.22,112.10 1 0
github.com/livp123/netxfw/internal/plugins/agent/logengine/pipeline.go:113.19,114.24 1 0
github.com/livp123/netxfw/internal/plugins/agent/logengine/pipeline.go:119.37,125.38 3 0
github.com/livp123/netxfw/internal/plugins/agent/logengine/pipeline.go:125.38,135.20 3 0
github.com/livp123/netxfw/internal/plugins/agent/logengine/pipeline.go:135.20,136.12 1 0
github.com/livp123/netxfw/internal/plugins/agent/logengine/pipeline.go:139.3,139.26 1 0
github.com/livp123/netxfw/internal/plugins/agent/logengine/pipeline.go:139.26,261.15 2 0
github.com/livp123/netxfw/internal/plugins/agent/logengine/pipeline.go:261.15,263.5 1 0
github.com/livp123/netxfw/internal/plugins/agent/logengine/pipeline.go:268.108,269.61 1 0
github.com/livp123/netxfw/internal/plugins/agent/logengine/pipeline.go:269.61,271.3 1 0
github.com/livp123/netxfw/internal/plugins/agent/logengine/pipeline.go:271.8,274.3 1 0
github.com/livp123/netxfw/internal/plugins/agent/logengine/pipeline.go:278.68,280.61 2 0
github.com/livp123/netxfw/internal/plugins/agent/logengine/pipeline.go:280.61,282.3 1 0
github.com/livp123/netxfw/internal/plugins/agent/logengine/pipeline.go:284.2,285.12 2 0
github.com/livp123/netxfw/internal/plugins/agent/logengine/pipeline.go:290.47,292.2 1 1
github.com/livp123/netxfw/internal/plugins/agent/logengine/pipeline.go:296.41,298.2 1 1
github.com/livp123/netxfw/internal/plugins/agent/logengine/pipeline.go:302.55,306.36 2 0
github.com/livp123/netxfw/internal/plugins/agent/logengine/pipeline.go:306.36,307.19 1 0
github.com/livp123/netxfw/internal/plugins/agent/logengine/pipeline.go:307.19,310.17 2 0
github.com/livp123/netxfw/internal/plugins/agent/logengine/pipeline.go:310.17,312.5 1 0
github.com/livp123/netxfw/internal/plugins/agent/logengine/pipeline.go:313.4,313.25 1 0
github.com/livp123/netxfw/internal/plugins/agent/logengine/pipeline.go:317.2,317.16 1 0
github.com/livp123/netxfw/internal/plugins/agent/logengine/plugin.go:22.41,24.2 1 1
github.com/livp123/netxfw/internal/plugins/agent/logengine/plugin.go:28.49,30.2 1 1
github.com/livp123/netxfw/internal/plugins/agent/logengine/plugin.go:34.62,38.2 3 0
github.com/livp123/netxfw/internal/plugins/agent/logengine/plugin.go:42.64,47.21 4 0
github.com/livp123/netxfw/internal/plugins/agent/logengine/plugin.go:47.21,48.22 1 0
github.com/livp123/netxfw/internal/plugins/agent/logengine/plugin.go:48.22,51.4 2 0
github.com/livp123/netxfw/internal/plugins/agent/logengine/plugin.go:52.3,52.13 1 0
github.com/livp123/netxfw/internal/plugins/agent/logengine/plugin.go:55.2,55.21 1 0
github.com/livp123/netxfw/internal/plugins/agent/logengine/plugin.go:55.21,57.37 1 0
github.com/livp123/netxfw/internal/plugins/agent/logengine/plugin.go:57.37,59.4 1 0
github.com/livp123/netxfw/internal/plugins/agent/logengine/plugin.go:60.3,60.22 1 0
github.com/livp123/netxfw/internal/plugins/agent/logengine/plugin.go:64.2,64.38 1 0
github.com/livp123/netxfw/internal/plugins/agent/logengine/plugin.go:69.63,70.23 1 1
github.com/livp123/netxfw/internal/plugins/agent/logengine/plugin.go:70.23,72.3 1 1
github.com/livp123/netxfw/internal/plugins/agent/logengine/plugin.go:74.2,78.12 5 0
github.com/livp123/netxfw/internal/plugins/agent/logengine/plugin.go:83.40,84.21 1 1
github.com/livp123/netxfw/internal/plugins/agent/logengine/plugin.go:84.21,86.3 1 1
github.com/livp123/netxfw/internal/plugins/agent/logengine/plugin.go:87.2,87.12 1 1
github.com/livp123/netxfw/internal/plugins/agent/logengine/plugin.go:92.55,98.2 1 1
github.com/livp123/netxfw/internal/plugins/agent/logengine/plugin.go:102.70,103.31 1 1
github.com/livp123/netxfw/internal/plugins/agent/logengine/plugin.go:103.31,105.3 1 1
github.com/livp123/netxfw/internal/plugins/agent/logengine/plugin.go:106.2,106.38 1 1
github.com/livp123/netxfw/internal/plugins/agent/logengine/plugin.go:106.38,108.3 1 1
github.com/livp123/netxfw/internal/plugins/agent/logengine/plugin.go:109.2,109.12 1 1
github.com/livp123/netxfw/internal/plugins/agent/logengine/rule_engine.go:55.26,59.3 1 1
github.com/livp123/netxfw/internal/plugins/agent/logengine/rule_engine.go:68.23,77.2 8 1
github.com/livp123/netxfw/internal/plugins/agent/logengine/rule_engine.go:80.33,81.21 1 1
github.com/livp123/netxfw/internal/plugins/agent/logengine/rule_engine.go:81.21,84.33 2 1
github.com/livp123/netxfw/internal/plugins/agent/logengine/rule_engine.go:84.33,86.4 1 1
github.com/livp123/netxfw/internal/plugins/agent/logengine/rule_engine.go:86.9,88.4 1 0
github.com/livp123/netxfw/internal/plugins/agent/logengine/rule_engine.go:89.3,89.30 1 1
github.com/livp123/netxfw/internal/plugins/agent/logengine/rule_engine.go:89.30,91.4 1 1
github.com/livp123/netxfw/internal/plugins/agent/logengine/rule_engine.go:92.3,92.24 1 1
github.com/livp123/netxfw/internal/plugins/agent/logengine/rule_engine.go:94.2,94.17 1 1
github.com/livp123/netxfw/internal/plugins/agent/logengine/rule_engine.go:98.42,101.29 3 1
github.com/livp123/netxfw/internal/plugins/agent/logengine/rule_engine.go:101.29,103.3 1 1
github.com/livp123/netxfw/internal/plugins/agent/logengine/rule_engine.go:104.2,104.12 1 1
github.com/livp123/netxfw/internal/plugins/agent/logengine/rule_engine.go:108.38,111.15 3 1
github.com/livp123/netxfw/internal/plugins/agent/logengine/rule_engine.go:111.15,113.16 2 1
github.com/livp123/netxfw/internal/plugins/agent/logengine/rule_engine.go:113.16,115.4 1 1
github.com/livp123/netxfw/internal/plugins/agent/logengine/rule_engine.go:116.3,116.22 1 1
github.com/livp123/netxfw/internal/plugins/agent/logengine/rule_engine.go:117.8,119.3 1 1
github.com/livp123/netxfw/internal/plugins/agent/logengine/rule_engine.go:121.2,123.23 3 1
github.com/livp123/netxfw/internal/plugins/agent/logengine/rule_engine.go:123.23,125.3 1 0
github.com/livp123/netxfw/internal/plugins/agent/logengine/rule_engine.go:127.2,127.23 1 1
github.com/livp123/netxfw/internal/plugins/agent/logengine/rule_engine.go:127.23,129.16 2 1
github.com/livp123/netxfw/internal/plugins/agent/logengine/rule_engine.go:129.16,131.4 1 0
github.com/livp123/netxfw/internal/plugins/agent/logengine/rule_engine.go:132.3,132.36 1 1
github.com/livp123/netxfw/internal/plugins/agent/logengine/rule_engine.go:135.2,136.15 2 1
github.com/livp123/netxfw/internal/plugins/agent/logengine/rule_engine.go:136.15,138.3 1 0
github.com/livp123/netxfw/internal/plugins/agent/logengine/rule_engine.go:139.2,139.30 1 1
github.com/livp123/netxfw/internal/plugins/agent/logengine/rule_engine.go:144.45,146.53 2 1
github.com/livp123/netxfw/internal/plugins/agent/logengine/rule_engine.go:146.53,148.3 1 1
github.com/livp123/netxfw/internal/plugins/agent/logengine/rule_engine.go:149.2,149.12 1 1
github.com/livp123/netxfw/internal/plugins/agent/logengine/rule_engine.go:154.38,157.29 3 1
github.com/livp123/netxfw/internal/plugins/agent/logengine/rule_engine.go:157.29,159.19 2 1
github.com/livp123/netxfw/internal/plugins/agent/logengine/rule_engine.go:159.19,161.4 1 1
github.com/livp123/netxfw/internal/plugins/agent/logengine/rule_engine.go:161.9,163.20 2 1
github.com/livp123/netxfw/internal/plugins/agent/logengine/rule_engine.go:163.20,165.5 1 1
github.com/livp123/netxfw/internal/plugins/agent/logengine/rule_engine.go:168.2,168.12 1 1
github.com/livp123/netxfw/internal/plugins/agent/logengine/rule_engine.go:173.42,175.9 2 1
github.com/livp123/netxfw/internal/plugins/agent/logengine/rule_engine.go:175.9,178.17 3 1
github.com/livp123/netxfw/internal/plugins/agent/logengine/rule_engine.go:178.17,181.4 2 1
github.com/livp123/netxfw/internal/plugins/agent/logengine/rule_engine.go:182.3,183.34 2 1
github.com/livp123/netxfw/internal/plugins/agent/logengine/rule_engine.go:185.2,186.9 2 1
github.com/livp123/netxfw/internal/plugins/agent/logengine/rule_engine.go:186.9,188.3 1 0
github.com/livp123/netxfw/internal/plugins/agent/logengine/rule_engine.go:189.2,189.28 1 1
github.com/livp123/netxfw/internal/plugins/agent/logengine/rule_engine.go:192.37,193.20 1 1
github.com/livp123/netxfw/internal/plugins/agent/logengine/rule_engine.go:193.20,196.3 2 1
github.com/livp123/netxfw/internal/plugins/agent/logengine/rule_engine.go:197.2,198.12 2 1
github.com/livp123/netxfw/internal/plugins/agent/logengine/rule_engine.go:202.36,204.2 1 0
github.com/livp123/netxfw/internal/plugins/agent/logengine/rule_engine.go:208.40,210.2 1 1
github.com/livp123/netxfw/internal/plugins/agent/logengine/rule_engine.go:214.41,216.2 1 1
github.com/livp123/netxfw/internal/plugins/agent/logengine/rule_engine.go:220.39,222.2 1 1
github.com/livp123/netxfw/internal/plugins/agent/logengine/rule_engine.go:225.66,226.30 1 1
github.com/livp123/netxfw/internal/plugins/agent/logengine/rule_engine.go:227.14,228.43 1 1
github.com/livp123/netxfw/internal/plugins/agent/logengine/rule_engine.go:229.14,230.37 1 1
github.com/livp123/netxfw/internal/plugins/agent/logengine/rule_engine.go:231.10,232.15 1 0
github.com/livp123/netxfw/internal/plugins/agent/logengine/rule_engine.go:236.67,237.30 1 1
github.com/livp123/netxfw/internal/plugins/agent/logengine/rule_engine.go:238.14,239.73 1 1
github.com/livp123/netxfw/internal/plugins/agent/logengine/rule_engine.go:240.14,241.71 1 1
github.com/livp123/netxfw/internal/plugins/agent/logengine/rule_engine.go:242.10,243.15 1 0
github.com/livp123/netxfw/internal/plugins/agent/logengine/rule_engine.go:247.43,248.25 1 1
github.com/livp123/netxfw/internal/plugins/agent/logengine/rule_engine.go:249.14,250.36 1 1
github.com/livp123/netxfw/internal/plugins/agent/logengine/rule_engine.go:251.14,252.30 1 1
github.com/livp123/netxfw/internal/plugins/agent/logengine/rule_engine.go:253.10,254.12 1 0
github.com/livp123/netxfw/internal/plugins/agent/logengine/rule_engine.go:258.38,260.25 2 1
github.com/livp123/netxfw/internal/plugins/agent/logengine/rule_engine.go:261.14,262.10 1 1
github.com/livp123/netxfw/internal/plugins/agent/logengine/rule_engine.go:263.14,264.18 1 1
github.com/livp123/netxfw/internal/plugins/agent/logengine/rule_engine.go:265.10,266.11 1 1
github.com/livp123/netxfw/internal/plugins/agent/logengine/rule_engine.go:268.2,269.51 2 1
github.com/livp123/netxfw/internal/plugins/agent/logengine/rule_engine.go:269.51,271.3 1 1
github.com/livp123/netxfw/internal/plugins/agent/logengine/rule_engine.go:272.2,272.10 1 1
github.com/livp123/netxfw/internal/plugins/agent/logengine/rule_engine.go:275.58,276.37 1 1
github.com/livp123/netxfw/internal/plugins/agent/logengine/rule_engine.go:276.37,278.3 1 1
github.com/livp123/netxfw/internal/plugins/agent/logengine/rule_engine.go:280.2,280.43 1 1
github.com/livp123/netxfw/internal/plugins/agent/logengine/rule_engine.go:280.43,282.10 2 0
github.com/livp123/netxfw/internal/plugins/agent/logengine/rule_engine.go:282.10,284.4 1 0
github.com/livp123/netxfw/internal/plugins/agent/logengine/rule_engine.go:285.3,285.31 1 0
github.com/livp123/netxfw/internal/plugins/agent/logengine/rule_engine.go:288.2,291.16 4 1
github.com/livp123/netxfw/internal/plugins/agent/logengine/rule_engine.go:291.16,293.3 1 0
github.com/livp123/netxfw/internal/plugins/agent/logengine/rule_engine.go:295.2,295.42 1 1
github.com/livp123/netxfw/internal/plugins/agent/logengine/rule_engine.go:295.42,298.3 2 1
github.com/livp123/netxfw/internal/plugins/agent/logengine/rule_engine.go:300.2,300.27 1 1
github.com/livp123/netxfw/internal/plugins/agent/logengine/rule_engine.go:303.40,305.16 2 1
github.com/livp123/netxfw/internal/plugins/agent/logengine/rule_engine.go:305.16,307.3 1 1
github.com/livp123/netxfw/internal/plugins/agent/logengine/rule_engine.go:308.2,308.32 1 1
github.com/livp123/netxfw/internal/plugins/agent/logengine/rule_engine.go:312.69,319.2 3 1
github.com/livp123/netxfw/internal/plugins/agent/logengine/rule_engine.go:322.72,324.30 2 1
github.com/livp123/netxfw/internal/plugins/agent/logengine/rule_engine.go:324.30,328.16 2 1
github.com/livp123/netxfw/internal/plugins/agent/logengine/rule_engine.go:328.16,333.44 4 0
github.com/livp123/netxfw/internal/plugins/agent/logengine/rule_engine.go:333.44,335.39 2 0
github.com/livp123/netxfw/internal/plugins/agent/logengine/rule_engine.go:335.39,339.6 3 0
github.com/livp123/netxfw/internal/plugins/agent/logengine/rule_engine.go:340.5,340.54 1 0
github.com/livp123/netxfw/internal/plugins/agent/logengine/rule_engine.go:344.4,348.34 5 0
github.com/livp123/netxfw/internal/plugins/agent/logengine/rule_engine.go:348.34,350.5 1 0
github.com/livp123/netxfw/internal/plugins/agent/logengine/rule_engine.go:353.4,355.29 3 0
github.com/livp123/netxfw/internal/plugins/agent/logengine/rule_engine.go:355.29,357.5 1 0
github.com/livp123/netxfw/internal/plugins/agent/logengine/rule_engine.go:360.4,362.29 3 0
github.com/livp123/netxfw/internal/plugins/agent/logengine/rule_engine.go:362.29,364.5 1 0
github.com/livp123/netxfw/internal/plugins/agent/logengine/rule_engine.go:367.4,367.23 1 0
github.com/livp123/netxfw/internal/plugins/agent/logengine/rule_engine.go:367.23,371.5 3 0
github.com/livp123/netxfw/internal/plugins/agent/logengine/rule_engine.go:374.4,375.25 2 0
github.com/livp123/netxfw/internal/plugins/agent/logengine/rule_engine.go:375.25,377.5 1 0
github.com/livp123/netxfw/internal/plugins/agent/logengine/rule_engine.go:378.4,378.24 1 0
github.com/livp123/netxfw/internal/plugins/agent/logengine/rule_engine.go:378.24,380.5 1 0
github.com/livp123/netxfw/internal/plugins/agent/logengine/rule_engine.go:381.4,381.25 1 0
github.com/livp123/netxfw/internal/plugins/agent/logengine/rule_engine.go:381.25,383.5 1 0
github.com/livp123/netxfw/internal/plugins/agent/logengine/rule_engine.go:385.4,385.25 1 0
github.com/livp123/netxfw/internal/plugins/agent/logengine/rule_engine.go:385.25,387.5 1 0
github.com/livp123/netxfw/internal/plugins/agent/logengine/rule_engine.go:387.10,389.5 1 0
github.com/livp123/netxfw/internal/plugins/agent/logengine/rule_engine.go:392.3,392.24 1 1
github.com/livp123/netxfw/internal/plugins/agent/logengine/rule_engine.go:392.24,394.21 2 1
github.com/livp123/netxfw/internal/plugins/agent/logengine/rule_engine.go:394.21,396.5 1 0
github.com/livp123/netxfw/internal/plugins/agent/logengine/rule_engine.go:410.4,410.77 1 1
github.com/livp123/netxfw/internal/plugins/agent/logengine/rule_engine.go:421.3,428.17 4 1
github.com/livp123/netxfw/internal/plugins/agent/logengine/rule_engine.go:428.17,430.4 1 0
github.com/livp123/netxfw/internal/plugins/agent/logengine/rule_engine.go:434.3,436.36 3 1
github.com/livp123/netxfw/internal/plugins/agent/logengine/rule_engine.go:436.36,437.56 1 1
github.com/livp123/netxfw/internal/plugins/agent/logengine/rule_engine.go:437.56,439.5 1 1
github.com/livp123/netxfw/internal/plugins/agent/logengine/rule_engine.go:439.10,441.5 1 0
github.com/livp123/netxfw/internal/plugins/agent/logengine/rule_engine.go:448.3,451.17 3 1
github.com/livp123/netxfw/internal/plugins/agent/logengine/rule_engine.go:452.23,453.23 1 0
github.com/livp123/netxfw/internal/plugins/agent/logengine/rule_engine.go:454.65,455.27 1 1
github.com/livp123/netxfw/internal/plugins/agent/logengine/rule_engine.go:459.51,460.26 1 1
github.com/livp123/netxfw/internal/plugins/agent/logengine/rule_engine.go:461.11,463.82 1 0
github.com/livp123/netxfw/internal/plugins/agent/logengine/rule_engine.go:463.82,466.17 2 0
github.com/livp123/netxfw/internal/plugins/agent/logengine/rule_engine.go:466.17,468.25 2 0
github.com/livp123/netxfw/internal/plugins/agent/logengine/rule_engine.go:468.25,469.61 1 0
github.com/livp123/netxfw/internal/plugins/agent/logengine/rule_engine.go:469.61,471.8 1 0
github.com/livp123/netxfw/internal/plugins/agent/logengine/rule_engine.go:474.10,477.5 2 0
github.com/livp123/netxfw/internal/plugins/agent/logengine/rule_engine.go:481.3,492.5 2 1
github.com/livp123/netxfw/internal/plugins/agent/logengine/rule_engine.go:494.2,495.12 2 1
github.com/livp123/netxfw/internal/plugins/agent/logengine/rule_engine.go:500.46,510.49 2 1
github.com/livp123/netxfw/internal/plugins/agent/logengine/rule_engine.go:510.49,513.3 2 1
github.com/livp123/netxfw/internal/plugins/agent/logengine/rule_engine.go:514.2,514.12 1 1
github.com/livp123/netxfw/internal/plugins/agent/logengine/rule_engine.go:517.45,518.19 1 1
github.com/livp123/netxfw/internal/plugins/agent/logengine/rule_engine.go:518.19,520.3 1 1
github.com/livp123/netxfw/internal/plugins/agent/logengine/rule_engine.go:521.2,521.23 1 1
github.com/livp123/netxfw/internal/plugins/agent/logengine/rule_engine.go:521.23,523.3 1 1
github.com/livp123/netxfw/internal/plugins/agent/logengine/rule_engine.go:524.2,524.73 1 1
github.com/livp123/netxfw/internal/plugins/agent/logengine/rule_engine.go:524.73,525.39 1 1
github.com/livp123/netxfw/internal/plugins/agent/logengine/rule_engine.go:525.39,527.4 1 1
github.com/livp123/netxfw/internal/plugins/agent/logengine/rule_engine.go:529.2,530.27 2 1
github.com/livp123/netxfw/internal/plugins/agent/logengine/rule_engine.go:530.27,532.3 1 1
github.com/livp123/netxfw/internal/plugins/agent/logengine/rule_engine.go:533.2,533.14 1 1
github.com/livp123/netxfw/internal/plugins/agent/logengine/rule_engine.go:537.105,539.38 2 1
github.com/livp123/netxfw/internal/plugins/agent/logengine/rule_engine.go:539.38,541.3 1 0
github.com/livp123/netxfw/internal/plugins/agent/logengine/rule_engine.go:543.2,545.23 3 1
github.com/livp123/netxfw/internal/plugins/agent/logengine/rule_engine.go:545.23,547.3 1 0
github.com/livp123/netxfw/internal/plugins/agent/logengine/rule_engine.go:548.2,548.15 1 1
github.com/livp123/netxfw/internal/plugins/agent/logengine/rule_engine.go:548.15,551.3 2 1
github.com/livp123/netxfw/internal/plugins/agent/logengine/rule_engine.go:553.2,559.30 6 1
github.com/livp123/netxfw/internal/plugins/agent/logengine/rule_engine.go:559.30,560.42 1 1
github.com/livp123/netxfw/internal/plugins/agent/logengine/rule_engine.go:560.42,561.12 1 0
github.com/livp123/netxfw/internal/plugins/agent/logengine/rule_engine.go:564.3,565.17 2 1
github.com/livp123/netxfw/internal/plugins/agent/logengine/rule_engine.go:565.17,566.12 1 0
github.com/livp123/netxfw/internal/plugins/agent/logengine/rule_engine.go:568.3,568.50 1 1
github.com/livp123/netxfw/internal/plugins/agent/logengine/rule_engine.go:568.50,570.4 1 1
github.com/livp123/netxfw/internal/plugins/agent/logengine/rule_engine.go:572.2,572.32 1 1
github.com/livp123/netxfw/internal/plugins/agent/logengine/tailer.go:23.74,30.2 1 1
github.com/livp123/netxfw/internal/plugins/agent/logengine/tailer.go:34.49,38.32 3 0
github.com/livp123/netxfw/internal/plugins/agent/logengine/tailer.go:38.32,39.27 1 0
github.com/livp123/netxfw/internal/plugins/agent/logengine/tailer.go:39.27,40.12 1 0
github.com/livp123/netxfw/internal/plugins/agent/logengine/tailer.go:42.3,44.28 3 0
github.com/livp123/netxfw/internal/plugins/agent/logengine/tailer.go:48.57,64.16 5 0
github.com/livp123/netxfw/internal/plugins/agent/logengine/tailer.go:64.16,67.3 2 0
github.com/livp123/netxfw/internal/plugins/agent/logengine/tailer.go:69.2,71.12 2 0
github.com/livp123/netxfw/internal/plugins/agent/logengine/tailer.go:71.12,72.34 1 0
github.com/livp123/netxfw/internal/plugins/agent/logengine/tailer.go:72.34,73.23 1 0
github.com/livp123/netxfw/internal/plugins/agent/logengine/tailer.go:73.23,75.13 2 0
github.com/livp123/netxfw/internal/plugins/agent/logengine/tailer.go:77.4,83.45 2 0
github.com/livp123/netxfw/internal/plugins/agent/logengine/tailer.go:83.45,85.5 1 0
github.com/livp123/netxfw/internal/plugins/agent/logengine/tailer.go:87.3,87.14 1 0
github.com/livp123/netxfw/internal/plugins/agent/logengine/tailer.go:92.25,93.33 1 0
github.com/livp123/netxfw/internal/plugins/agent/logengine/tailer.go:93.33,95.3 1 0
github.com/livp123/netxfw/internal/plugins/agent/logengine/tailer.go:96.2,97.17 2 0
github.com/livp123/netxfw/internal/plugins/agent/logengine/tokenizer.go:12.32,14.2 1 1
github.com/livp123/netxfw/internal/plugins/agent/logengine/tokenizer.go:21.49,23.17 1 0
github.com/livp123/netxfw/internal/plugins/agent/logengine/tokenizer.go:23.17,25.3 1 0
github.com/livp123/netxfw/internal/plugins/agent/logengine/tokenizer.go:31.2,31.25 1 0
github.com/livp123/netxfw/internal/plugins/agent/logengine/tokenizer.go:31.25,33.3 1 0
github.com/livp123/netxfw/internal/plugins/agent/logengine/tokenizer.go:35.2,35.33 1 0
github.com/livp123/netxfw/cmd/netxfw/commands/agent/limit.go:27.47,31.17 3 1
github.com/livp123/netxfw/cmd/netxfw/commands/agent/limit.go:31.17,34.4 2 0
github.com/livp123/netxfw/cmd/netxfw/commands/agent/limit.go:36.3,38.17 3 1
github.com/livp123/netxfw/cmd/netxfw/commands/agent/limit.go:38.17,40.4 1 0
github.com/livp123/netxfw/cmd/netxfw/commands/agent/limit.go:41.3,42.17 2 1
github.com/livp123/netxfw/cmd/netxfw/commands/agent/limit.go:42.17,44.4 1 0
github.com/livp123/netxfw/cmd/netxfw/commands/agent/limit.go:47.3,47.66 1 1
github.com/livp123/netxfw/cmd/netxfw/commands/agent/limit.go:47.66,50.4 2 0
github.com/livp123/netxfw/cmd/netxfw/commands/agent/limit.go:51.3,51.83 1 1
github.com/livp123/netxfw/cmd/netxfw/commands/agent/limit.go:62.47,66.17 3 1
github.com/livp123/netxfw/cmd/netxfw/commands/agent/limit.go:66.17,69.4 2 0
github.com/livp123/netxfw/cmd/netxfw/commands/agent/limit.go:71.3,74.56 2 1
github.com/livp123/netxfw/cmd/netxfw/commands/agent/limit.go:74.56,77.4 2 0
github.com/livp123/netxfw/cmd/netxfw/commands/agent/limit.go:78.3,78.55 1 1
github.com/livp123/netxfw/cmd/netxfw/commands/agent/limit.go:88.47,90.17 2 1
github.com/livp123/netxfw/cmd/netxfw/commands/agent/limit.go:90.17,93.4 2 0
github.com/livp123/netxfw/cmd/netxfw/commands/agent/limit.go:95.3,98.20 3 1
github.com/livp123/netxfw/cmd/netxfw/commands/agent/limit.go:98.20,99.61 1 0
github.com/livp123/netxfw/cmd/netxfw/commands/agent/limit.go:99.61,101.22 2 0
github.com/livp123/netxfw/cmd/netxfw/commands/agent/limit.go:101.22,103.6 1 0
github.com/livp123/netxfw/cmd/netxfw/commands/agent/limit.go:104.10,106.5 1 0
github.com/livp123/netxfw/cmd/netxfw/commands/agent/limit.go:109.3,110.17 2 1
github.com/livp123/netxfw/cmd/netxfw/commands/agent/limit.go:110.17,112.4 1 0
github.com/livp123/netxfw/cmd/netxfw/commands/agent/limit.go:114.3,115.31 2 1
github.com/livp123/netxfw/cmd/netxfw/commands/agent/limit.go:115.31,117.4 1 1
github.com/livp123/netxfw/cmd/netxfw/commands/agent/limit.go:121.13,125.2 3 1
github.com/livp123/netxfw/cmd/netxfw/commands/agent/perf.go:33.47,37.17 3 0
github.com/livp123/netxfw/cmd/netxfw/commands/agent/perf.go:37.17,40.4 2 0
github.com/livp123/netxfw/cmd/netxfw/commands/agent/perf.go:42.3,42.49 1 0
github.com/livp123/netxfw/cmd/netxfw/commands/agent/perf.go:42.49,45.4 2 0
github.com/livp123/netxfw/cmd/netxfw/commands/agent/perf.go:57.47,61.17 3 0
github.com/livp123/netxfw/cmd/netxfw/commands/agent/perf.go:61.17,64.4 2 0
github.com/livp123/netxfw/cmd/netxfw/commands/agent/perf.go:66.3,66.43 1 0
github.com/livp123/netxfw/cmd/netxfw/commands/agent/perf.go:66.43,69.4 2 0
github.com/livp123/netxfw/cmd/netxfw/commands/agent/perf.go:81.47,85.17 3 0
github.com/livp123/netxfw/cmd/netxfw/commands/agent/perf.go:85.17,88.4 2 0
github.com/livp123/netxfw/cmd/netxfw/commands/agent/perf.go:90.3,90.46 1 0
github.com/livp123/netxfw/cmd/netxfw/commands/agent/perf.go:90.46,93.4 2 0
github.com/livp123/netxfw/cmd/netxfw/commands/agent/perf.go:105.47,109.17 3 0
github.com/livp123/netxfw/cmd/netxfw/commands/agent/perf.go:109.17,112.4 2 0
github.com/livp123/netxfw/cmd/netxfw/commands/agent/perf.go:114.3,114.45 1 0
github.com/livp123/netxfw/cmd/netxfw/commands/agent/perf.go:114.45,117.4 2 0
github.com/livp123/netxfw/cmd/netxfw/commands/agent/perf.go:129.47,133.17 3 0
github.com/livp123/netxfw/cmd/netxfw/commands/agent/perf.go:133.17,136.4 2 0
github.com/livp123/netxfw/cmd/netxfw/commands/agent/perf.go:138.3,139.17 2 0
github.com/livp123/netxfw/cmd/netxfw/commands/agent/perf.go:139.17,142.4 2 0
github.com/livp123/netxfw/cmd/netxfw/commands/agent/perf.go:144.3,145.63 2 0
github.com/livp123/netxfw/cmd/netxfw/commands/agent/perf.go:153.13,164.2 7 1
github.com/livp123/netxfw/cmd/netxfw/commands/agent/perf.go:168.62,170.16 2 0
github.com/livp123/netxfw/cmd/netxfw/commands/agent/perf.go:170.16,172.3 1 0
github.com/livp123/netxfw/cmd/netxfw/commands/agent/perf.go:174.2,175.26 2 0
github.com/livp123/netxfw/cmd/netxfw/commands/agent/perf.go:175.26,177.3 1 0
github.com/livp123/netxfw/cmd/netxfw/commands/agent/perf.go:179.2,180.9 2 0
github.com/livp123/netxfw/cmd/netxfw/commands/agent/perf.go:180.9,182.3 1 0
github.com/livp123/netxfw/cmd/netxfw/commands/agent/perf.go:184.2,184.23 1 0
github.com/livp123/netxfw/cmd/netxfw/commands/agent/perf.go:189.45,191.16 2 0
github.com/livp123/netxfw/cmd/netxfw/commands/agent/perf.go:191.16,193.3 1 0
github.com/livp123/netxfw/cmd/netxfw/commands/agent/perf.go:195.2,209.39 10 0
github.com/livp123/netxfw/cmd/netxfw/commands/agent/perf.go:209.39,213.3 3 0
github.com/livp123/netxfw/cmd/netxfw/commands/agent/perf.go:216.2,236.12 15 0
github.com/livp123/netxfw/cmd/netxfw/commands/agent/perf.go:241.39,243.16 2 0
github.com/livp123/netxfw/cmd/netxfw/commands/agent/perf.go:243.16,245.3 1 0
github.com/livp123/netxfw/cmd/netxfw/commands/agent/perf.go:247.2,257.42 8 0
github.com/livp123/netxfw/cmd/netxfw/commands/agent/perf.go:257.42,260.3 1 0
github.com/livp123/netxfw/cmd/netxfw/commands/agent/perf.go:263.2,278.12 13 0
github.com/livp123/netxfw/cmd/netxfw/commands/agent/perf.go:283.42,285.16 2 0
github.com/livp123/netxfw/cmd/netxfw/commands/agent/perf.go:285.16,287.3 1 0
github.com/livp123/netxfw/cmd/netxfw/commands/agent/perf.go:289.2,308.12 14 0
github.com/livp123/netxfw/cmd/netxfw/commands/agent/perf.go:313.41,315.16 2 0
github.com/livp123/netxfw/cmd/netxfw/commands/agent/perf.go:315.16,317.3 1 0
github.com/livp123/netxfw/cmd/netxfw/commands/agent/perf.go:321.2,322.16 2 0
github.com/livp123/netxfw/cmd/netxfw/commands/agent/perf.go:322.16,324.3 1 0
github.com/livp123/netxfw/cmd/netxfw/commands/agent/perf.go:326.2,367.22 27 0
github.com/livp123/netxfw/cmd/netxfw/commands/agent/perf.go:367.22,369.3 1 0
github.com/livp123/netxfw/cmd/netxfw/commands/agent/perf.go:371.2,371.12 1 0
github.com/livp123/netxfw/cmd/netxfw/commands/agent/perf.go:376.58,377.22 1 0
github.com/livp123/netxfw/cmd/netxfw/commands/agent/perf.go:377.22,379.3 1 0
github.com/livp123/netxfw/cmd/netxfw/commands/agent/perf.go:380.2,384.16 1 0
github.com/livp123/netxfw/cmd/netxfw/commands/agent/perf.go:389.70,391.2 1 0
github.com/livp123/netxfw/cmd/netxfw/commands/agent/perf.go:395.38,396.13 1 0
github.com/livp123/netxfw/cmd/netxfw/commands/agent/perf.go:396.13,398.3 1 0
github.com/livp123/netxfw/cmd/netxfw/commands/agent/perf.go:399.2,399.15 1 0
github.com/livp123/netxfw/cmd/netxfw/commands/agent/perf.go:399.15,401.3 1 0
github.com/livp123/netxfw/cmd/netxfw/commands/agent/perf.go:402.2,402.18 1 0
github.com/livp123/netxfw/cmd/netxfw/commands/agent/perf.go:402.18,404.3 1 0
github.com/livp123/netxfw/cmd/netxfw/commands/agent/perf.go:405.2,405.21 1 0
github.com/livp123/netxfw/cmd/netxfw/commands/agent/perf.go:405.21,407.3 1 0
github.com/livp123/netxfw/cmd/netxfw/commands/agent/perf.go:408.2,408.53 1 0
github.com/livp123/netxfw/cmd/netxfw/commands/agent/perf.go:413.36,414.14 1 0
github.com/livp123/netxfw/cmd/netxfw/commands/agent/perf.go:414.14,416.3 1 0
github.com/livp123/netxfw/cmd/netxfw/commands/agent/perf.go:417.2,417.17 1 0
github.com/livp123/netxfw/cmd/netxfw/commands/agent/perf.go:417.17,419.3 1 0
github.com/livp123/netxfw/cmd/netxfw/commands/agent/perf.go:420.2,420.20 1 0
github.com/livp123/netxfw/cmd/netxfw/commands/agent/perf.go:420.20,422.3 1 0
github.com/livp123/netxfw/cmd/netxfw/commands/agent/perf.go:423.2,423.52 1 0
github.com/livp123/netxfw/cmd/netxfw/commands/agent/perf.go:428.35,429.14 1 0
github.com/livp123/netxfw/cmd/netxfw/commands/agent/perf.go:429.14,431.3 1 0
github.com/livp123/netxfw/cmd/netxfw/commands/agent/perf.go:432.2,432.17 1 0
github.com/livp123/netxfw/cmd/netxfw/commands/agent/perf.go:432.17,434.3 1 0
github.com/livp123/netxfw/cmd/netxfw/commands/agent/perf.go:435.2,435.20 1 0
github.com/livp123/netxfw/cmd/netxfw/commands/agent/perf.go:435.20,437.3 1 0
github.com/livp123/netxfw/cmd/netxfw/commands/agent/perf.go:438.2,438.53 1 0
github.com/livp123/netxfw/cmd/netxfw/commands/agent/port.go:27.47,31.17 3 1
github.com/livp123/netxfw/cmd/netxfw/commands/agent/port.go:31.17,34.4 2 0
github.com/livp123/netxfw/cmd/netxfw/commands/agent/port.go:36.3,36.20 1 1
github.com/livp123/netxfw/cmd/netxfw/commands/agent/port.go:36.20,38.4 1 0
github.com/livp123/netxfw/cmd/netxfw/commands/agent/port.go:39.3,40.17 2 1
github.com/livp123/netxfw/cmd/netxfw/commands/agent/port.go:40.17,42.4 1 0
github.com/livp123/netxfw/cmd/netxfw/commands/agent/port.go:45.3,45.56 1 1
github.com/livp123/netxfw/cmd/netxfw/commands/agent/port.go:45.56,48.4 2 0
github.com/livp123/netxfw/cmd/netxfw/commands/agent/port.go:49.3,49.56 1 1
github.com/livp123/netxfw/cmd/netxfw/commands/agent/port.go:60.47,64.17 3 1
github.com/livp123/netxfw/cmd/netxfw/commands/agent/port.go:64.17,67.4 2 0
github.com/livp123/netxfw/cmd/netxfw/commands/agent/port.go:69.3,70.17 2 1
github.com/livp123/netxfw/cmd/netxfw/commands/agent/port.go:70.17,72.4 1 0
github.com/livp123/netxfw/cmd/netxfw/commands/agent/port.go:75.3,75.64 1 1
github.com/livp123/netxfw/cmd/netxfw/commands/agent/port.go:75.64,78.4 2 0
github.com/livp123/netxfw/cmd/netxfw/commands/agent/port.go:79.3,79.60 1 1
github.com/livp123/netxfw/cmd/netxfw/commands/agent/port.go:83.13,86.2 2 1
github.com/livp123/netxfw/cmd/netxfw/commands/agent/quick.go:15.48,18.16 3 1
github.com/livp123/netxfw/cmd/netxfw/commands/agent/quick.go:18.16,21.3 2 0
github.com/livp123/netxfw/cmd/netxfw/commands/agent/quick.go:22.2,22.10 1 1
github.com/livp123/netxfw/cmd/netxfw/commands/agent/quick.go:30.47,33.50 2 1
github.com/livp123/netxfw/cmd/netxfw/commands/agent/quick.go:33.50,36.4 2 0
github.com/livp123/netxfw/cmd/netxfw/commands/agent/quick.go:37.3,37.51 1 1
github.com/livp123/netxfw/cmd/netxfw/commands/agent/quick.go:46.47,49.53 2 1
github.com/livp123/netxfw/cmd/netxfw/commands/agent/quick.go:49.53,52.4 2 0
github.com/livp123/netxfw/cmd/netxfw/commands/agent/quick.go:53.3,53.55 1 1
github.com/livp123/netxfw/cmd/netxfw/commands/agent/quick.go:62.47,66.20 3 1
github.com/livp123/netxfw/cmd/netxfw/commands/agent/quick.go:66.20,68.18 2 1
github.com/livp123/netxfw/cmd/netxfw/commands/agent/quick.go:68.18,70.5 1 0
github.com/livp123/netxfw/cmd/netxfw/commands/agent/quick.go:71.4,71.20 1 1
github.com/livp123/netxfw/cmd/netxfw/commands/agent/quick.go:74.3,74.56 1 1
github.com/livp123/netxfw/cmd/netxfw/commands/agent/quick.go:74.56,77.4 2 0
github.com/livp123/netxfw/cmd/netxfw/commands/agent/quick.go:78.3,78.68 1 1
github.com/livp123/netxfw/cmd/netxfw/commands/agent/quick.go:87.47,90.53 2 1
github.com/livp123/netxfw/cmd/netxfw/commands/agent/quick.go:90.53,93.4 2 0
github.com/livp123/netxfw/cmd/netxfw/commands/agent/quick.go:94.3,94.55 1 1
github.com/livp123/netxfw/cmd/netxfw/commands/agent/quick.go:102.47,105.95 2 0
github.com/livp123/netxfw/cmd/netxfw/commands/agent/quick.go:105.95,106.46 1 0
github.com/livp123/netxfw/cmd/netxfw/commands/agent/quick.go:106.46,109.5 2 0
github.com/livp123/netxfw/cmd/netxfw/commands/agent/quick.go:110.4,110.40 1 0
github.com/livp123/netxfw/cmd/netxfw/commands/agent/quick.go:115.14,116.2 0 1
github.com/livp123/netxfw/cmd/netxfw/commands/agent/rule.go:35.47,39.17 3 1
github.com/livp123/netxfw/cmd/netxfw/commands/agent/rule.go:39.17,42.4 2 0
github.com/livp123/netxfw/cmd/netxfw/commands/agent/rule.go:44.3,44.21 1 1
github.com/livp123/netxfw/cmd/netxfw/commands/agent/rule.go:44.21,47.4 2 0
github.com/livp123/netxfw/cmd/netxfw/commands/agent/rule.go:49.3,57.17 6 1
github.com/livp123/netxfw/cmd/netxfw/commands/agent/rule.go:57.17,62.4 2 1
github.com/livp123/netxfw/cmd/netxfw/commands/agent/rule.go:62.9,70.4 3 1
github.com/livp123/netxfw/cmd/netxfw/commands/agent/rule.go:74.3,75.29 2 1
github.com/livp123/netxfw/cmd/netxfw/commands/agent/rule.go:75.29,78.17 1 1
github.com/livp123/netxfw/cmd/netxfw/commands/agent/rule.go:78.17,79.61 1 1
github.com/livp123/netxfw/cmd/netxfw/commands/agent/rule.go:79.61,82.6 2 0
github.com/livp123/netxfw/cmd/netxfw/commands/agent/rule.go:88.3,88.29 1 1
github.com/livp123/netxfw/cmd/netxfw/commands/agent/rule.go:88.29,90.4 1 1
github.com/livp123/netxfw/cmd/netxfw/commands/agent/rule.go:94.3,95.27 2 1
github.com/livp123/netxfw/cmd/netxfw/commands/agent/rule.go:95.27,97.4 1 1
github.com/livp123/netxfw/cmd/netxfw/commands/agent/rule.go:97.9,97.33 1 1
github.com/livp123/netxfw/cmd/netxfw/commands/agent/rule.go:97.33,99.4 1 1
github.com/livp123/netxfw/cmd/netxfw/commands/agent/rule.go:99.9,99.29 1 1
github.com/livp123/netxfw/cmd/netxfw/commands/agent/rule.go:99.29,102.4 2 0
github.com/livp123/netxfw/cmd/netxfw/commands/agent/rule.go:102.9,105.4 1 1
github.com/livp123/netxfw/cmd/netxfw/commands/agent/rule.go:109.3,109.15 1 1
github.com/livp123/netxfw/cmd/netxfw/commands/agent/rule.go:109.15,115.15 2 1
github.com/livp123/netxfw/cmd/netxfw/commands/agent/rule.go:115.15,117.5 1 1
github.com/livp123/netxfw/cmd/netxfw/commands/agent/rule.go:119.4,119.70 1 1
github.com/livp123/netxfw/cmd/netxfw/commands/agent/rule.go:119.70,122.5 2 0
github.com/livp123/netxfw/cmd/netxfw/commands/agent/rule.go:123.4,123.69 1 1
github.com/livp123/netxfw/cmd/netxfw/commands/agent/rule.go:124.9,126.15 1 1
github.com/livp123/netxfw/cmd/netxfw/commands/agent/rule.go:126.15,128.50 1 1
github.com/livp123/netxfw/cmd/netxfw/commands/agent/rule.go:128.50,131.6 2 0
github.com/livp123/netxfw/cmd/netxfw/commands/agent/rule.go:133.5,134.50 2 1
github.com/livp123/netxfw/cmd/netxfw/commands/agent/rule.go:135.10,137.47 1 1
github.com/livp123/netxfw/cmd/netxfw/commands/agent/rule.go:137.47,140.6 2 0
github.com/livp123/netxfw/cmd/netxfw/commands/agent/rule.go:142.5,143.51 2 1
github.com/livp123/netxfw/cmd/netxfw/commands/agent/rule.go:155.47,157.17 2 0
github.com/livp123/netxfw/cmd/netxfw/commands/agent/rule.go:157.17,160.4 2 0
github.com/livp123/netxfw/cmd/netxfw/commands/agent/rule.go:162.3,165.20 3 0
github.com/livp123/netxfw/cmd/netxfw/commands/agent/rule.go:165.20,166.61 1 0
[...]
github.com/livp123/netxfw/internal/core/util.go:28.2,29.16 2 1
github.com/livp123/netxfw/internal/core/util.go:29.16,31.3 1 1
github.com/livp123/netxfw/internal/core/util.go:33.2,34.45 2 1
github.com/livp123/netxfw/internal/daemon/agent.go:15.64,22.47 5 0
github.com/livp123/netxfw/internal/daemon/agent.go:22.47,24.3 1 0
github.com/livp123/netxfw/internal/daemon/agent.go:25.2,29.48 3 0
github.com/livp123/netxfw/internal/daemon/agent.go:29.48,32.3 2 0
github.com/livp123/netxfw/internal/daemon/agent.go:34.2,35.22 2 0
github.com/livp123/netxfw/internal/daemon/agent.go:35.22,38.3 2 0
github.com/livp123/netxfw/internal/daemon/agent.go:41.2,43.32 2 0
github.com/livp123/netxfw/internal/daemon/agent.go:43.32,45.3 1 0
github.com/livp123/netxfw/internal/daemon/agent.go:48.2,49.25 2 0
github.com/livp123/netxfw/internal/daemon/agent.go:49.25,52.3 2 0
github.com/livp123/netxfw/internal/daemon/agent.go:52.8,57.17 3 0
github.com/livp123/netxfw/internal/daemon/agent.go:57.17,59.4 1 0
github.com/livp123/netxfw/internal/daemon/agent.go:60.3,62.36 2 0
github.com/livp123/netxfw/internal/daemon/agent.go:67.2,67.59 1 0
github.com/livp123/netxfw/internal/daemon/agent.go:67.59,69.3 1 0
github.com/livp123/netxfw/internal/daemon/agent.go:69.8,71.3 1 0
github.com/livp123/netxfw/internal/daemon/agent.go:74.2,75.47 2 0
github.com/livp123/netxfw/internal/daemon/agent.go:75.47,77.3 1 0
github.com/livp123/netxfw/internal/daemon/agent.go:79.2,88.41 3 0
github.com/livp123/netxfw/internal/daemon/agent.go:88.41,89.43 1 0
github.com/livp123/netxfw/internal/daemon/agent.go:89.43,91.12 2 0
github.com/livp123/netxfw/internal/daemon/agent.go:93.3,93.44 1 0
github.com/livp123/netxfw/internal/daemon/agent.go:93.44,95.4 1 0
github.com/livp123/netxfw/internal/daemon/agent.go:96.3,96.16 1 0
github.com/livp123/netxfw/internal/daemon/agent.go:96.16,96.32 1 0
github.com/livp123/netxfw/internal/daemon/agent.go:100.2,105.45 5 0
github.com/livp123/netxfw/internal/daemon/check.go:17.45,23.16 5 0
github.com/livp123/netxfw/internal/daemon/check.go:23.16,25.3 1 0
github.com/livp123/netxfw/internal/daemon/check.go:27.2,28.41 2 0
github.com/livp123/netxfw/internal/daemon/check.go:28.41,29.41 1 0
github.com/livp123/netxfw/internal/daemon/check.go:29.41,32.12 3 0
github.com/livp123/netxfw/internal/daemon/check.go:34.3,34.62 1 0
github.com/livp123/netxfw/internal/daemon/check.go:37.2,37.14 1 0
github.com/livp123/netxfw/internal/daemon/check.go:37.14,39.3 1 0
github.com/livp123/netxfw/internal/daemon/check.go:39.8,41.3 1 0
github.com/livp123/netxfw/internal/daemon/common.go:23.39,24.51 1 1
github.com/livp123/netxfw/internal/daemon/common.go:24.51,26.17 2 1
github.com/livp123/netxfw/internal/daemon/common.go:26.17,27.55 1 1
github.com/livp123/netxfw/internal/daemon/common.go:27.55,28.61 1 1
github.com/livp123/netxfw/internal/daemon/common.go:28.61,30.6 1 1
github.com/livp123/netxfw/internal/daemon/common.go:34.3,35.22 2 1
github.com/livp123/netxfw/internal/daemon/common.go:38.2,39.76 2 1
github.com/livp123/netxfw/internal/daemon/common.go:39.76,41.3 1 1
github.com/livp123/netxfw/internal/daemon/common.go:42.2,42.12 1 1
github.com/livp123/netxfw/internal/daemon/common.go:47.33,48.40 1 1
github.com/livp123/netxfw/internal/daemon/common.go:48.40,50.3 1 1
github.com/livp123/netxfw/internal/daemon/common.go:55.27,58.12 3 1
github.com/livp123/netxfw/internal/daemon/common.go:58.12,60.17 2 1
github.com/livp123/netxfw/internal/daemon/common.go:60.17,62.4 1 1
github.com/livp123/netxfw/internal/daemon/common.go:68.85,69.87 1 0
github.com/livp123/netxfw/internal/daemon/common.go:69.87,71.43 2 0
github.com/livp123/netxfw/internal/daemon/common.go:71.43,73.52 2 0
github.com/livp123/netxfw/internal/daemon/common.go:73.52,74.31 1 0
github.com/livp123/netxfw/internal/daemon/common.go:74.31,76.11 2 0
github.com/livp123/netxfw/internal/daemon/common.go:79.4,79.14 1 0
github.com/livp123/netxfw/internal/daemon/common.go:79.14,81.5 1 0
github.com/livp123/netxfw/internal/daemon/common.go:83.3,83.24 1 0
github.com/livp123/netxfw/internal/daemon/common.go:83.24,85.51 2 0
github.com/livp123/netxfw/internal/daemon/common.go:85.51,87.5 1 0
github.com/livp123/netxfw/internal/daemon/common.go:94.114,100.6 4 1
github.com/livp123/netxfw/internal/daemon/common.go:100.6,102.31 2 1
github.com/livp123/netxfw/internal/daemon/common.go:102.31,105.25 2 1
github.com/livp123/netxfw/internal/daemon/common.go:105.25,106.40 1 1
github.com/livp123/netxfw/internal/daemon/common.go:106.40,108.6 1 1
github.com/livp123/netxfw/internal/daemon/common.go:108.11,110.6 1 1
github.com/livp123/netxfw/internal/daemon/common.go:111.10,113.5 1 0
github.com/livp123/netxfw/internal/daemon/common.go:115.9,117.23 2 1
github.com/livp123/netxfw/internal/daemon/common.go:117.23,119.5 1 1
github.com/livp123/netxfw/internal/daemon/common.go:120.4,120.9 1 1
github.com/livp123/netxfw/internal/daemon/common.go:127.73,129.34 2 1
github.com/livp123/netxfw/internal/daemon/common.go:129.34,132.3 2 1
github.com/livp123/netxfw/internal/daemon/common.go:134.2,135.16 2 1
github.com/livp123/netxfw/internal/daemon/common.go:135.16,138.3 2 1
github.com/livp123/netxfw/internal/daemon/common.go:140.2,144.6 4 1
github.com/livp123/netxfw/internal/daemon/common.go:144.6,145.10 1 1
github.com/livp123/netxfw/internal/daemon/common.go:146.21,148.10 2 1
github.com/livp123/netxfw/internal/daemon/common.go:149.19,151.18 2 0
github.com/livp123/netxfw/internal/daemon/common.go:151.18,152.13 1 0
github.com/livp123/netxfw/internal/daemon/common.go:155.4,160.17 5 0
github.com/livp123/netxfw/internal/daemon/common.go:160.17,162.5 1 0
github.com/livp123/netxfw/internal/daemon/common.go:163.4,163.13 1 0
github.com/livp123/netxfw/internal/daemon/dp.go:17.40,24.47 5 0
github.com/livp123/netxfw/internal/daemon/dp.go:24.47,26.3 1 0
github.com/livp123/netxfw/internal/daemon/dp.go:27.2,31.48 3 0
github.com/livp123/netxfw/internal/daemon/dp.go:31.48,34.3 2 0
github.com/livp123/netxfw/internal/daemon/dp.go:36.2,37.22 2 0
github.com/livp123/netxfw/internal/daemon/dp.go:37.22,40.3 2 0
github.com/livp123/netxfw/internal/daemon/dp.go:43.2,48.16 4 0
github.com/livp123/netxfw/internal/daemon/dp.go:48.16,51.17 3 0
github.com/livp123/netxfw/internal/daemon/dp.go:51.17,54.4 2 0
github.com/livp123/netxfw/internal/daemon/dp.go:55.3,55.52 1 0
github.com/livp123/netxfw/internal/daemon/dp.go:55.52,57.4 1 0
github.com/livp123/netxfw/internal/daemon/dp.go:59.2,63.40 3 0
github.com/livp123/netxfw/internal/daemon/dp.go:63.40,66.3 2 0
github.com/livp123/netxfw/internal/daemon/dp.go:66.8,68.17 2 0
github.com/livp123/netxfw/internal/daemon/dp.go:68.17,70.4 1 0
github.com/livp123/netxfw/internal/daemon/dp.go:73.2,73.25 1 0
github.com/livp123/netxfw/internal/daemon/dp.go:73.25,74.52 1 0
github.com/livp123/netxfw/internal/daemon/dp.go:74.52,76.4 1 0
github.com/livp123/netxfw/internal/daemon/dp.go:77.3,77.49 1 0
github.com/livp123/netxfw/internal/daemon/dp.go:78.8,80.3 1 0
github.com/livp123/netxfw/internal/daemon/dp.go:84.2,95.34 4 0
github.com/livp123/netxfw/internal/daemon/dp.go:95.34,96.53 1 0
github.com/livp123/netxfw/internal/daemon/dp.go:96.53,98.4 1 0
github.com/livp123/netxfw/internal/daemon/dp.go:99.3,99.37 1 0
github.com/livp123/netxfw/internal/daemon/dp.go:99.37,101.4 1 0
github.com/livp123/netxfw/internal/daemon/dp.go:109.2,111.29 2 0
github.com/livp123/netxfw/internal/daemon/dp.go:111.29,115.17 3 0
github.com/livp123/netxfw/internal/daemon/dp.go:115.17,118.4 2 0
github.com/livp123/netxfw/internal/daemon/dp.go:120.3,122.20 3 0
github.com/livp123/netxfw/internal/daemon/dp.go:122.20,124.4 1 0
github.com/livp123/netxfw/internal/daemon/dp.go:127.3,127.35 1 0
github.com/livp123/netxfw/internal/daemon/dp.go:127.35,128.45 1 0
github.com/livp123/netxfw/internal/daemon/dp.go:128.45,130.5 1 0
github.com/livp123/netxfw/internal/daemon/dp.go:132.3,132.13 1 0
github.com/livp123/netxfw/internal/daemon/dp.go:135.2,135.52 1 0
github.com/livp123/netxfw/internal/daemon/run.go:11.65,13.17 2 0
github.com/livp123/netxfw/internal/daemon/run.go:13.17,15.3 1 0
github.com/livp123/netxfw/internal/daemon/run.go:17.2,17.14 1 0
github.com/livp123/netxfw/internal/daemon/run.go:18.12,19.20 1 0
github.com/livp123/netxfw/internal/daemon/run.go:20.15,21.29 1 0
github.com/livp123/netxfw/internal/daemon/run.go:22.10,24.18 2 0
github.com/livp123/netxfw/internal/daemon/standalone.go:17.38,22.47 4 0
github.com/livp123/netxfw/internal/daemon/standalone.go:22.47,24.3 1 0
github.com/livp123/netxfw/internal/daemon/standalone.go:25.2,28.16 3 0
github.com/livp123/netxfw/internal/daemon/standalone.go:28.16,31.3 2 0
github.com/livp123/netxfw/internal/daemon/standalone.go:34.2,36.32 2 0
github.com/livp123/netxfw/internal/daemon/standalone.go:36.32,38.3 1 0
github.com/livp123/netxfw/internal/daemon/standalone.go:41.2,43.16 3 0
github.com/livp123/netxfw/internal/daemon/standalone.go:43.16,46.17 3 0
github.com/livp123/netxfw/internal/daemon/standalone.go:46.17,48.4 1 0
github.com/livp123/netxfw/internal/daemon/standalone.go:49.3,49.46 1 0
github.com/livp123/netxfw/internal/daemon/standalone.go:49.46,51.4 1 0
github.com/livp123/netxfw/internal/daemon/standalone.go:53.2,57.40 3 0
github.com/livp123/netxfw/internal/daemon/standalone.go:57.40,59.3 1 0
github.com/livp123/netxfw/internal/daemon/standalone.go:59.8,61.3 1 0
github.com/livp123/netxfw/internal/daemon/standalone.go:63.2,63.25 1 0
github.com/livp123/netxfw/internal/daemon/standalone.go:63.25,66.52 2 0
github.com/livp123/netxfw/internal/daemon/standalone.go:66.52,68.4 1 0
github.com/livp123/netxfw/internal/daemon/standalone.go:73.2,73.59 1 0
github.com/livp123/netxfw/internal/daemon/standalone.go:73.59,75.3 1 0
github.com/livp123/netxfw/internal/daemon/standalone.go:75.8,77.3 1 0
github.com/livp123/netxfw/internal/daemon/standalone.go:81.2,92.34 4 0
github.com/livp123/netxfw/internal/daemon/standalone.go:92.34,93.53 1 0
github.com/livp123/netxfw/internal/daemon/standalone.go:93.53,95.4 1 0
github.com/livp123/netxfw/internal/daemon/standalone.go:96.3,96.37 1 0
github.com/livp123/netxfw/internal/daemon/standalone.go:96.37,98.4 1 0
github.com/livp123/netxfw/internal/daemon/standalone.go:102.2,110.41 2 0
github.com/livp123/netxfw/internal/daemon/standalone.go:110.41,111.43 1 0
github.com/livp123/netxfw/internal/daemon/standalone.go:111.43,113.12 2 0
github.com/livp123/netxfw/internal/daemon/standalone.go:115.3,115.44 1 0
github.com/livp123/netxfw/internal/daemon/standalone.go:115.44,117.4 1 0
github.com/livp123/netxfw/internal/daemon/standalone.go:118.3,118.16 1 0
github.com/livp123/netxfw/internal/daemon/standalone.go:118.16,118.32 1 0
github.com/livp123/netxfw/internal/daemon/standalone.go:122.2,128.29 5 0
github.com/livp123/netxfw/internal/daemon/standalone.go:128.29,132.17 4 0
github.com/livp123/netxfw/internal/daemon/standalone.go:132.17,134.4 1 0
github.com/livp123/netxfw/internal/daemon/standalone.go:137.3,137.35 1 0
github.com/livp123/netxfw/internal/daemon/standalone.go:137.35,138.45 1 0
github.com/livp123/netxfw/internal/daemon/standalone.go:138.45,140.5 1 0
github.com/livp123/netxfw/internal/daemon/standalone.go:144.3,145.42 2 0
github.com/livp123/netxfw/internal/daemon/standalone.go:145.42,146.46 1 0
github.com/livp123/netxfw/internal/daemon/standalone.go:146.46,148.5 1 0
github.com/livp123/netxfw/internal/daemon/standalone.go:150.3,150.13 1 0
github.com/livp123/netxfw/internal/daemon/standalone.go:153.2,153.52 1 0
github.com/livp123/netxfw/internal/app/ops.go:30.68,35.16 4 1
github.com/livp123/netxfw/internal/app/ops.go:35.16,37.3 1 0
github.com/livp123/netxfw/internal/app/ops.go:39.2,40.22 2 1
github.com/livp123/netxfw/internal/app/ops.go:40.22,42.3 1 0
github.com/livp123/netxfw/internal/app/ops.go:44.2,45.28 2 1
github.com/livp123/netxfw/internal/app/ops.go:45.28,48.3 2 1
github.com/livp123/netxfw/internal/app/ops.go:48.8,48.47 1 1
github.com/livp123/netxfw/internal/app/ops.go:48.47,51.3 2 0
github.com/livp123/netxfw/internal/app/ops.go:51.8,54.17 2 1
github.com/livp123/netxfw/internal/app/ops.go:54.17,56.4 1 0
github.com/livp123/netxfw/internal/app/ops.go:57.3,57.27 1 1
github.com/livp123/netxfw/internal/app/ops.go:57.27,59.4 1 0
github.com/livp123/netxfw/internal/app/ops.go:60.3,60.64 1 1
github.com/livp123/netxfw/internal/app/ops.go:63.2,64.16 2 1
github.com/livp123/netxfw/internal/app/ops.go:64.16,66.3 1 0
github.com/livp123/netxfw/internal/app/ops.go:68.2,68.57 1 1
github.com/livp123/netxfw/internal/app/ops.go:68.57,70.3 1 0
github.com/livp123/netxfw/internal/app/ops.go:72.2,72.51 1 1
github.com/livp123/netxfw/internal/app/ops.go:72.51,74.3 1 0
github.com/livp123/netxfw/internal/app/ops.go:78.2,78.87 1 1
github.com/livp123/netxfw/internal/app/ops.go:78.87,80.43 2 1
github.com/livp123/netxfw/internal/app/ops.go:80.43,82.42 2 1
github.com/livp123/netxfw/internal/app/ops.go:82.42,83.31 1 1
github.com/livp123/netxfw/internal/app/ops.go:83.31,85.11 2 1
github.com/livp123/netxfw/internal/app/ops.go:88.4,88.14 1 1
github.com/livp123/netxfw/internal/app/ops.go:88.14,90.5 1 1
github.com/livp123/netxfw/internal/app/ops.go:92.3,92.24 1 1
github.com/livp123/netxfw/internal/app/ops.go:92.24,94.51 2 1
github.com/livp123/netxfw/internal/app/ops.go:94.51,96.5 1 0
github.com/livp123/netxfw/internal/app/ops.go:101.2,120.34 4 1
github.com/livp123/netxfw/internal/app/ops.go:120.34,121.53 1 1
github.com/livp123/netxfw/internal/app/ops.go:121.53,123.4 1 0
github.com/livp123/netxfw/internal/app/ops.go:124.3,124.37 1 1
github.com/livp123/netxfw/internal/app/ops.go:124.37,126.4 1 0
github.com/livp123/netxfw/internal/app/ops.go:130.2,130.41 1 1
github.com/livp123/netxfw/internal/app/ops.go:130.41,131.43 1 1
github.com/livp123/netxfw/internal/app/ops.go:131.43,134.12 2 0
github.com/livp123/netxfw/internal/app/ops.go:137.3,137.44 1 1
github.com/livp123/netxfw/internal/app/ops.go:137.44,139.4 1 0
github.com/livp123/netxfw/internal/app/ops.go:142.2,143.12 2 1
github.com/livp123/netxfw/internal/app/ops.go:150.37,154.2 3 0
github.com/livp123/netxfw/internal/app/ops.go:160.68,162.19 2 1
github.com/livp123/netxfw/internal/app/ops.go:162.19,164.3 1 1
github.com/livp123/netxfw/internal/app/ops.go:166.2,167.16 2 1
github.com/livp123/netxfw/internal/app/ops.go:167.16,169.3 1 0
github.com/livp123/netxfw/internal/app/ops.go:170.2,172.17 2 1
github.com/livp123/netxfw/internal/app/ops.go:173.14,176.20 1 1
github.com/livp123/netxfw/internal/app/ops.go:176.20,178.4 1 1
github.com/livp123/netxfw/internal/app/ops.go:179.3,181.17 3 1
github.com/livp123/netxfw/internal/app/ops.go:181.17,183.4 1 1
github.com/livp123/netxfw/internal/app/ops.go:184.3,184.55 1 0
github.com/livp123/netxfw/internal/app/ops.go:184.55,186.4 1 0
github.com/livp123/netxfw/internal/app/ops.go:187.16,190.20 1 1
github.com/livp123/netxfw/internal/app/ops.go:190.20,192.4 1 1
github.com/livp123/netxfw/internal/app/ops.go:193.3,194.17 2 1
github.com/livp123/netxfw/internal/app/ops.go:194.17,196.4 1 1
github.com/livp123/netxfw/internal/app/ops.go:197.3,197.51 1 0
github.com/livp123/netxfw/internal/app/ops.go:197.51,199.4 1 0
github.com/livp123/netxfw/internal/app/ops.go:200.10,201.59 1 1
github.com/livp123/netxfw/internal/app/ops.go:203.2,204.12 2 0
github.com/livp123/netxfw/internal/app/ops.go:211.67,219.16 5 1
github.com/livp123/netxfw/internal/app/ops.go:219.16,222.3 2 0
github.com/livp123/netxfw/internal/app/ops.go:222.8,224.23 2 1
github.com/livp123/netxfw/internal/app/ops.go:224.23,226.4 1 0
github.com/livp123/netxfw/internal/app/ops.go:229.2,232.28 3 1
github.com/livp123/netxfw/internal/app/ops.go:232.28,235.3 2 1
github.com/livp123/netxfw/internal/app/ops.go:235.8,243.20 4 1
github.com/livp123/netxfw/internal/app/ops.go:243.20,244.40 1 1
github.com/livp123/netxfw/internal/app/ops.go:244.40,246.5 1 1
github.com/livp123/netxfw/internal/app/ops.go:250.3,250.51 1 1
github.com/livp123/netxfw/internal/app/ops.go:250.51,252.4 1 0
github.com/livp123/netxfw/internal/app/ops.go:255.3,256.23 2 1
github.com/livp123/netxfw/internal/app/ops.go:256.23,257.41 1 1
github.com/livp123/netxfw/internal/app/ops.go:257.41,259.5 1 0
github.com/livp123/netxfw/internal/app/ops.go:262.3,262.39 1 1
github.com/livp123/netxfw/internal/app/ops.go:262.39,264.4 1 1
github.com/livp123/netxfw/internal/app/ops.go:265.3,265.78 1 1
github.com/livp123/netxfw/internal/app/ops.go:268.2,269.16 2 1
github.com/livp123/netxfw/internal/app/ops.go:269.16,271.3 1 0
github.com/livp123/netxfw/internal/app/ops.go:272.2,274.51 2 1
github.com/livp123/netxfw/internal/app/ops.go:274.51,276.3 1 0
github.com/livp123/netxfw/internal/app/ops.go:278.2,278.16 1 1
github.com/livp123/netxfw/internal/app/ops.go:278.16,279.60 1 1
github.com/livp123/netxfw/internal/app/ops.go:279.60,281.4 1 0
github.com/livp123/netxfw/internal/app/ops.go:282.3,282.56 1 1
github.com/livp123/netxfw/internal/app/ops.go:283.8,285.3 1 1
github.com/livp123/netxfw/internal/app/ops.go:286.2,286.12 1 1
github.com/livp123/netxfw/internal/app/ops.go:292.67,299.16 5 1
github.com/livp123/netxfw/internal/app/ops.go:299.16,301.3 1 0
github.com/livp123/netxfw/internal/app/ops.go:303.2,304.22 2 1
github.com/livp123/netxfw/internal/app/ops.go:304.22,306.3 1 0
github.com/livp123/netxfw/internal/app/ops.go:308.2,309.28 2 1
github.com/livp123/netxfw/internal/app/ops.go:309.28,312.3 2 1
github.com/livp123/netxfw/internal/app/ops.go:312.8,312.47 1 1
github.com/livp123/netxfw/internal/app/ops.go:312.47,315.3 2 0
github.com/livp123/netxfw/internal/app/ops.go:315.8,317.17 2 1
github.com/livp123/netxfw/internal/app/ops.go:317.17,319.4 1 0
github.com/livp123/netxfw/internal/app/ops.go:320.3,320.64 1 1
github.com/livp123/netxfw/internal/app/ops.go:325.2,326.16 2 1
github.com/livp123/netxfw/internal/app/ops.go:326.16,337.53 3 1
github.com/livp123/netxfw/internal/app/ops.go:337.53,347.22 4 1
github.com/livp123/netxfw/internal/app/ops.go:347.22,349.23 2 1
github.com/livp123/netxfw/internal/app/ops.go:349.23,351.6 1 0
github.com/livp123/netxfw/internal/app/ops.go:351.11,351.33 1 1
github.com/livp123/netxfw/internal/app/ops.go:351.33,353.52 2 0
github.com/livp123/netxfw/internal/app/ops.go:353.52,355.7 1 0
github.com/livp123/netxfw/internal/app/ops.go:355.12,357.7 1 0
github.com/livp123/netxfw/internal/app/ops.go:358.11,360.6 1 1
github.com/livp123/netxfw/internal/app/ops.go:365.4,365.43 1 1
github.com/livp123/netxfw/internal/app/ops.go:365.43,366.45 1 1
github.com/livp123/netxfw/internal/app/ops.go:366.45,368.14 2 0
github.com/livp123/netxfw/internal/app/ops.go:370.5,370.47 1 1
github.com/livp123/netxfw/internal/app/ops.go:370.47,372.6 1 0
github.com/livp123/netxfw/internal/app/ops.go:377.4,377.56 1 1
github.com/livp123/netxfw/internal/app/ops.go:377.56,379.5 1 0
github.com/livp123/netxfw/internal/app/ops.go:381.4,383.14 3 1
github.com/livp123/netxfw/internal/app/ops.go:386.3,390.17 3 1
github.com/livp123/netxfw/internal/app/ops.go:390.17,392.4 1 0
github.com/livp123/netxfw/internal/app/ops.go:395.3,395.61 1 1
github.com/livp123/netxfw/internal/app/ops.go:395.61,397.4 1 0
github.com/livp123/netxfw/internal/app/ops.go:398.3,401.61 2 1
github.com/livp123/netxfw/internal/app/ops.go:401.61,403.4 1 0
github.com/livp123/netxfw/internal/app/ops.go:404.3,404.55 1 1
github.com/livp123/netxfw/internal/app/ops.go:404.55,406.4 1 0
github.com/livp123/netxfw/internal/app/ops.go:409.3,417.42 3 1
github.com/livp123/netxfw/internal/app/ops.go:417.42,418.41 1 1
github.com/livp123/netxfw/internal/app/ops.go:418.41,420.5 1 0
github.com/livp123/netxfw/internal/app/ops.go:421.4,421.43 1 1
github.com/livp123/netxfw/internal/app/ops.go:421.43,423.5 1 0
github.com/livp123/netxfw/internal/app/ops.go:426.3,427.13 2 1
github.com/livp123/netxfw/internal/app/ops.go:432.2,433.39 2 0
github.com/livp123/netxfw/internal/app/ops.go:440.56,444.16 3 0
github.com/livp123/netxfw/internal/app/ops.go:444.16,447.3 2 0
github.com/livp123/netxfw/internal/app/ops.go:448.2,458.68 7 0
github.com/livp123/netxfw/internal/app/ops.go:458.68,460.3 1 0
github.com/livp123/netxfw/internal/app/ops.go:461.2,461.12 1 0
github.com/livp123/netxfw/internal/app/ops.go:468.18,473.2 2 1
