mode: atomic
github.com/livp123/netxfw/internal/plugins/types/config.go:462.59,464.16 2 0
github.com/livp123/netxfw/internal/plugins/types/config.go:464.16,466.3 1 0
github.com/livp123/netxfw/internal/plugins/types/config.go:469.2,536.16 3 0
github.com/livp123/netxfw/internal/plugins/types/config.go:536.16,538.3 1 0
github.com/livp123/netxfw/internal/plugins/types/config.go:541.2,541.39 1 0
github.com/livp123/netxfw/internal/plugins/types/config.go:541.39,543.3 1 0
github.com/livp123/netxfw/internal/plugins/types/config.go:546.2,548.18 2 0
github.com/livp123/netxfw/internal/plugins/types/config.go:551.67,555.84 2 0
github.com/livp123/netxfw/internal/plugins/types/config.go:555.84,558.3 2 0
github.com/livp123/netxfw/internal/plugins/types/config.go:561.2,562.56 2 0
github.com/livp123/netxfw/internal/plugins/types/config.go:562.56,565.3 2 0
github.com/livp123/netxfw/internal/plugins/types/config.go:574.2,580.49 5 0
github.com/livp123/netxfw/internal/plugins/types/config.go:580.49,583.3 2 0
github.com/livp123/netxfw/internal/plugins/types/config.go:585.2,585.36 1 0
github.com/livp123/netxfw/internal/plugins/types/config.go:585.36,588.3 1 0
github.com/livp123/netxfw/internal/plugins/types/config.go:590.2,594.61 3 0
github.com/livp123/netxfw/internal/plugins/types/config.go:594.61,597.3 2 0
github.com/livp123/netxfw/internal/plugins/types/config.go:600.2,604.74 2 0
github.com/livp123/netxfw/internal/plugins/types/config.go:604.74,606.3 1 0
github.com/livp123/netxfw/internal/plugins/types/config.go:606.8,608.3 1 0
github.com/livp123/netxfw/internal/plugins/types/config.go:613.60,614.81 1 0
github.com/livp123/netxfw/internal/plugins/types/config.go:614.81,616.3 1 0
github.com/livp123/netxfw/internal/plugins/types/config.go:617.2,617.79 1 0
github.com/livp123/netxfw/internal/plugins/types/config.go:617.79,619.3 1 0
github.com/livp123/netxfw/internal/plugins/types/config.go:621.2,624.51 2 0
github.com/livp123/netxfw/internal/plugins/types/config.go:624.51,630.49 4 0
github.com/livp123/netxfw/internal/plugins/types/config.go:630.49,631.50 1 0
github.com/livp123/netxfw/internal/plugins/types/config.go:631.50,633.10 2 0
github.com/livp123/netxfw/internal/plugins/types/config.go:637.3,637.25 1 0
github.com/livp123/netxfw/internal/plugins/types/config.go:637.25,642.4 2 0
github.com/livp123/netxfw/internal/plugins/types/config.go:642.9,644.80 1 0
github.com/livp123/netxfw/internal/plugins/types/config.go:644.80,645.45 1 0
github.com/livp123/netxfw/internal/plugins/types/config.go:645.45,647.6 1 0
github.com/livp123/netxfw/internal/plugins/types/config.go:651.2,651.17 1 0
github.com/livp123/netxfw/internal/plugins/types/config.go:654.61,657.2 1 0
github.com/livp123/netxfw/internal/plugins/types/config.go:659.61,662.16 2 0
github.com/livp123/netxfw/internal/plugins/types/config.go:662.16,664.3 1 0
github.com/livp123/netxfw/internal/plugins/types/config.go:665.2,666.55 2 0
github.com/livp123/netxfw/internal/plugins/types/config.go:666.55,668.3 1 0
github.com/livp123/netxfw/internal/plugins/types/config.go:671.2,672.16 2 0
github.com/livp123/netxfw/internal/plugins/types/config.go:672.16,674.61 2 0
github.com/livp123/netxfw/internal/plugins/types/config.go:674.61,682.48 5 0
github.com/livp123/netxfw/internal/plugins/types/config.go:682.48,684.5 1 0
github.com/livp123/netxfw/internal/plugins/types/config.go:685.4,685.60 1 0
github.com/livp123/netxfw/internal/plugins/types/config.go:690.2,690.51 1 0
github.com/livp123/netxfw/internal/plugins/types/config.go:695.48,696.38 1 0
github.com/livp123/netxfw/internal/plugins/types/config.go:696.38,697.39 1 0
github.com/livp123/netxfw/internal/plugins/types/config.go:697.39,699.4 1 0
github.com/livp123/netxfw/internal/plugins/types/config.go:700.3,700.9 1 0
github.com/livp123/netxfw/internal/plugins/types/config.go:703.2,703.72 1 0
github.com/livp123/netxfw/internal/plugins/types/config.go:703.72,706.31 1 0
github.com/livp123/netxfw/internal/plugins/types/config.go:706.31,708.4 1 0
github.com/livp123/netxfw/internal/plugins/types/config.go:709.3,709.31 1 0
github.com/livp123/netxfw/internal/plugins/types/config.go:709.31,711.4 1 0
github.com/livp123/netxfw/internal/plugins/types/config.go:712.3,712.31 1 0
github.com/livp123/netxfw/internal/plugins/types/config.go:712.31,714.4 1 0
github.com/livp123/netxfw/internal/plugins/types/config.go:716.3,717.9 2 0
github.com/livp123/netxfw/internal/plugins/types/config.go:726.2,727.46 2 0
github.com/livp123/netxfw/internal/plugins/types/config.go:727.46,729.3 1 0
github.com/livp123/netxfw/internal/plugins/types/config.go:731.2,735.46 3 0
github.com/livp123/netxfw/internal/plugins/types/config.go:735.46,739.44 3 0
github.com/livp123/netxfw/internal/plugins/types/config.go:739.44,744.4 3 0
github.com/livp123/netxfw/internal/plugins/types/config.go:746.3,746.46 1 0
github.com/livp123/netxfw/internal/plugins/types/config.go:750.2,750.46 1 0
github.com/livp123/netxfw/internal/plugins/types/config.go:750.46,753.39 3 0
github.com/livp123/netxfw/internal/plugins/types/config.go:753.39,755.4 1 0
github.com/livp123/netxfw/internal/plugins/types/config.go:758.2,758.29 1 0
github.com/livp123/netxfw/internal/plugins/types/config.go:762.52,768.16 5 0
github.com/livp123/netxfw/internal/plugins/types/config.go:768.16,770.3 1 0
github.com/livp123/netxfw/internal/plugins/types/config.go:772.2,772.26 1 0
github.com/livp123/netxfw/internal/plugins/types/config.go:772.26,774.3 1 0
github.com/livp123/netxfw/internal/plugins/types/config.go:777.2,781.29 3 0
github.com/livp123/netxfw/internal/plugins/types/config.go:781.29,782.38 1 0
github.com/livp123/netxfw/internal/plugins/types/config.go:782.38,784.4 1 0
github.com/livp123/netxfw/internal/plugins/types/validation.go:12.41,13.42 1 1
github.com/livp123/netxfw/internal/plugins/types/validation.go:13.42,15.3 1 0
github.com/livp123/netxfw/internal/plugins/types/validation.go:16.2,16.42 1 1
github.com/livp123/netxfw/internal/plugins/types/validation.go:16.42,18.3 1 0
github.com/livp123/netxfw/internal/plugins/types/validation.go:19.2,19.47 1 1
github.com/livp123/netxfw/internal/plugins/types/validation.go:19.47,21.3 1 0
github.com/livp123/netxfw/internal/plugins/types/validation.go:22.2,22.47 1 1
github.com/livp123/netxfw/internal/plugins/types/validation.go:22.47,24.3 1 0
github.com/livp123/netxfw/internal/plugins/types/validation.go:28.2,28.32 1 1
github.com/livp123/netxfw/internal/plugins/types/validation.go:28.32,30.3 1 0
github.com/livp123/netxfw/internal/plugins/types/validation.go:32.2,32.12 1 1
github.com/livp123/netxfw/internal/plugins/types/validation.go:35.39,36.51 1 8
github.com/livp123/netxfw/internal/plugins/types/validation.go:36.51,38.3 1 2
github.com/livp123/netxfw/internal/plugins/types/validation.go:39.2,39.52 1 6
github.com/livp123/netxfw/internal/plugins/types/validation.go:39.52,41.3 1 2
github.com/livp123/netxfw/internal/plugins/types/validation.go:42.2,42.35 1 4
github.com/livp123/netxfw/internal/plugins/types/validation.go:42.35,43.44 1 3
github.com/livp123/netxfw/internal/plugins/types/validation.go:43.44,45.4 1 1
github.com/livp123/netxfw/internal/plugins/types/validation.go:47.2,47.12 1 3
github.com/livp123/netxfw/internal/plugins/types/validation.go:50.39,51.37 1 7
github.com/livp123/netxfw/internal/plugins/types/validation.go:51.37,52.21 1 6
github.com/livp123/netxfw/internal/plugins/types/validation.go:52.21,54.4 1 1
github.com/livp123/netxfw/internal/plugins/types/validation.go:55.3,55.43 1 5
github.com/livp123/netxfw/internal/plugins/types/validation.go:55.43,57.4 1 1
github.com/livp123/netxfw/internal/plugins/types/validation.go:58.3,58.45 1 4
github.com/livp123/netxfw/internal/plugins/types/validation.go:58.45,60.4 1 1
github.com/livp123/netxfw/internal/plugins/types/validation.go:62.2,62.12 1 4
github.com/livp123/netxfw/internal/plugins/types/validation.go:65.44,66.31 1 4
github.com/livp123/netxfw/internal/plugins/types/validation.go:66.31,67.47 1 3
github.com/livp123/netxfw/internal/plugins/types/validation.go:67.47,69.4 1 1
github.com/livp123/netxfw/internal/plugins/types/validation.go:71.2,71.12 1 3
github.com/livp123/netxfw/internal/plugins/types/validation.go:74.44,75.31 1 11
github.com/livp123/netxfw/internal/plugins/types/validation.go:75.31,76.125 1 10
github.com/livp123/netxfw/internal/plugins/types/validation.go:76.125,78.4 1 1
github.com/livp123/netxfw/internal/plugins/types/validation.go:79.3,79.24 1 9
github.com/livp123/netxfw/internal/plugins/types/validation.go:79.24,83.15 2 6
github.com/livp123/netxfw/internal/plugins/types/validation.go:84.122,84.122 0 3
github.com/livp123/netxfw/internal/plugins/types/validation.go:86.12,88.90 1 3
github.com/livp123/netxfw/internal/plugins/types/validation.go:88.90,90.6 1 1
github.com/livp123/netxfw/internal/plugins/types/validation.go:94.2,94.12 1 9
github.com/livp123/netxfw/internal/plugins/types/validation.go:97.35,98.50 1 16
github.com/livp123/netxfw/internal/plugins/types/validation.go:98.50,100.3 1 11
github.com/livp123/netxfw/internal/plugins/types/validation.go:103.2,104.16 2 5
github.com/livp123/netxfw/internal/plugins/types/validation.go:104.16,105.57 1 1
github.com/livp123/netxfw/internal/plugins/types/validation.go:105.57,107.4 1 1
github.com/livp123/netxfw/internal/plugins/types/validation.go:110.2,110.48 1 4
github.com/livp123/netxfw/internal/plugins/types/validation.go:113.33,115.2 1 4
