mode: atomic
github.com/livp123/netxfw/internal/utils/iputil/iputil.go:11.32,13.16 2 4
github.com/livp123/netxfw/internal/utils/iputil/iputil.go:13.16,15.3 1 4
github.com/livp123/netxfw/internal/utils/iputil/iputil.go:16.2,16.37 1 4
github.com/livp123/netxfw/internal/utils/iputil/iputil.go:29.41,31.16 2 4
github.com/livp123/netxfw/internal/utils/iputil/iputil.go:31.16,33.3 1 4
github.com/livp123/netxfw/internal/utils/iputil/iputil.go:34.2,34.14 1 0
github.com/livp123/netxfw/internal/utils/iputil/iputil.go:40.46,42.16 2 17
github.com/livp123/netxfw/internal/utils/iputil/iputil.go:42.16,44.3 1 7
github.com/livp123/netxfw/internal/utils/iputil/iputil.go:46.2,47.15 2 10
github.com/livp123/netxfw/internal/utils/iputil/iputil.go:47.15,49.3 1 4
github.com/livp123/netxfw/internal/utils/iputil/iputil.go:51.2,52.21 2 6
github.com/livp123/netxfw/internal/utils/iputil/iputil.go:52.21,54.3 1 3
github.com/livp123/netxfw/internal/utils/iputil/iputil.go:55.2,58.8 1 6
github.com/livp123/netxfw/internal/utils/iputil/iputil.go:63.56,65.16 2 4
github.com/livp123/netxfw/internal/utils/iputil/iputil.go:65.16,69.3 1 0
github.com/livp123/netxfw/internal/utils/iputil/iputil.go:73.2,76.16 3 4
github.com/livp123/netxfw/internal/utils/iputil/iputil.go:76.16,78.3 1 1
github.com/livp123/netxfw/internal/utils/iputil/iputil.go:80.2,80.30 1 3
github.com/livp123/netxfw/internal/utils/iputil/iputil.go:80.30,82.3 1 0
github.com/livp123/netxfw/internal/utils/iputil/iputil.go:84.2,84.22 1 3
github.com/livp123/netxfw/internal/utils/iputil/iputil.go:84.22,86.3 1 1
github.com/livp123/netxfw/internal/utils/iputil/iputil.go:88.2,88.30 1 2
github.com/livp123/netxfw/internal/utils/iputil/iputil.go:93.31,95.2 1 0
github.com/livp123/netxfw/internal/utils/iputil/iputil.go:99.33,102.2 2 3
github.com/livp123/netxfw/internal/utils/ipmerge/ipmerge.go:13.103,17.16 2 8
github.com/livp123/netxfw/internal/utils/ipmerge/ipmerge.go:17.16,19.3 1 0
github.com/livp123/netxfw/internal/utils/ipmerge/ipmerge.go:21.2,21.20 1 8
github.com/livp123/netxfw/internal/utils/ipmerge/ipmerge.go:21.20,23.3 1 1
github.com/livp123/netxfw/internal/utils/ipmerge/ipmerge.go:27.2,27.16 1 7
github.com/livp123/netxfw/internal/utils/ipmerge/ipmerge.go:27.16,29.3 1 0
github.com/livp123/netxfw/internal/utils/ipmerge/ipmerge.go:29.8,29.24 1 7
github.com/livp123/netxfw/internal/utils/ipmerge/ipmerge.go:29.24,31.3 1 0
github.com/livp123/netxfw/internal/utils/ipmerge/ipmerge.go:32.2,32.16 1 7
github.com/livp123/netxfw/internal/utils/ipmerge/ipmerge.go:32.16,34.3 1 0
github.com/livp123/netxfw/internal/utils/ipmerge/ipmerge.go:34.8,34.25 1 7
github.com/livp123/netxfw/internal/utils/ipmerge/ipmerge.go:34.25,36.3 1 0
github.com/livp123/netxfw/internal/utils/ipmerge/ipmerge.go:42.2,45.27 3 7
github.com/livp123/netxfw/internal/utils/ipmerge/ipmerge.go:45.27,47.17 2 19
github.com/livp123/netxfw/internal/utils/ipmerge/ipmerge.go:47.17,48.12 1 0
github.com/livp123/netxfw/internal/utils/ipmerge/ipmerge.go:51.3,53.12 3 19
github.com/livp123/netxfw/internal/utils/ipmerge/ipmerge.go:53.12,55.4 1 6
github.com/livp123/netxfw/internal/utils/ipmerge/ipmerge.go:59.3,59.34 1 19
github.com/livp123/netxfw/internal/utils/ipmerge/ipmerge.go:59.34,61.12 2 1
github.com/livp123/netxfw/internal/utils/ipmerge/ipmerge.go:66.3,70.51 4 18
github.com/livp123/netxfw/internal/utils/ipmerge/ipmerge.go:75.2,75.39 1 7
github.com/livp123/netxfw/internal/utils/ipmerge/ipmerge.go:75.39,76.33 1 7
github.com/livp123/netxfw/internal/utils/ipmerge/ipmerge.go:76.33,80.4 1 5
github.com/livp123/netxfw/internal/utils/ipmerge/ipmerge.go:80.9,84.4 1 2
github.com/livp123/netxfw/internal/utils/ipmerge/ipmerge.go:89.2,89.31 1 7
github.com/livp123/netxfw/internal/utils/ipmerge/ipmerge.go:96.51,100.26 3 24
github.com/livp123/netxfw/internal/utils/ipmerge/ipmerge.go:100.26,101.14 1 55
github.com/livp123/netxfw/internal/utils/ipmerge/ipmerge.go:101.14,102.12 1 0
github.com/livp123/netxfw/internal/utils/ipmerge/ipmerge.go:104.3,105.17 2 55
github.com/livp123/netxfw/internal/utils/ipmerge/ipmerge.go:105.17,108.18 2 34
github.com/livp123/netxfw/internal/utils/ipmerge/ipmerge.go:108.18,110.13 1 0
github.com/livp123/netxfw/internal/utils/ipmerge/ipmerge.go:112.4,112.50 1 34
github.com/livp123/netxfw/internal/utils/ipmerge/ipmerge.go:113.9,116.4 1 21
github.com/livp123/netxfw/internal/utils/ipmerge/ipmerge.go:118.3,121.18 3 55
github.com/livp123/netxfw/internal/utils/ipmerge/ipmerge.go:121.18,123.4 1 40
github.com/livp123/netxfw/internal/utils/ipmerge/ipmerge.go:123.9,125.4 1 15
github.com/livp123/netxfw/internal/utils/ipmerge/ipmerge.go:128.2,132.29 4 24
github.com/livp123/netxfw/internal/utils/ipmerge/ipmerge.go:132.29,134.3 1 28
github.com/livp123/netxfw/internal/utils/ipmerge/ipmerge.go:135.2,135.29 1 24
github.com/livp123/netxfw/internal/utils/ipmerge/ipmerge.go:135.29,137.3 1 9
github.com/livp123/netxfw/internal/utils/ipmerge/ipmerge.go:138.2,138.20 1 24
github.com/livp123/netxfw/internal/utils/ipmerge/ipmerge.go:146.46,161.20 4 189
github.com/livp123/netxfw/internal/utils/ipmerge/ipmerge.go:161.20,163.3 1 62
github.com/livp123/netxfw/internal/utils/ipmerge/ipmerge.go:167.2,167.17 1 127
github.com/livp123/netxfw/internal/utils/ipmerge/ipmerge.go:167.17,176.26 3 77
github.com/livp123/netxfw/internal/utils/ipmerge/ipmerge.go:176.26,188.26 1 308
github.com/livp123/netxfw/internal/utils/ipmerge/ipmerge.go:188.26,190.29 2 139
github.com/livp123/netxfw/internal/utils/ipmerge/ipmerge.go:190.29,192.6 1 51
github.com/livp123/netxfw/internal/utils/ipmerge/ipmerge.go:196.5,197.19 2 139
github.com/livp123/netxfw/internal/utils/ipmerge/ipmerge.go:200.3,200.30 1 77
github.com/livp123/netxfw/internal/utils/ipmerge/ipmerge.go:201.8,205.27 3 50
github.com/livp123/netxfw/internal/utils/ipmerge/ipmerge.go:205.27,206.27 1 800
github.com/livp123/netxfw/internal/utils/ipmerge/ipmerge.go:206.27,208.30 2 491
github.com/livp123/netxfw/internal/utils/ipmerge/ipmerge.go:208.30,210.6 1 41
github.com/livp123/netxfw/internal/utils/ipmerge/ipmerge.go:211.5,212.19 2 491
github.com/livp123/netxfw/internal/utils/ipmerge/ipmerge.go:215.3,215.31 1 50
github.com/livp123/netxfw/internal/utils/ipmerge/ipmerge.go:219.46,220.22 1 48
github.com/livp123/netxfw/internal/utils/ipmerge/ipmerge.go:220.22,222.3 1 24
github.com/livp123/netxfw/internal/utils/ipmerge/ipmerge.go:225.2,225.41 1 24
github.com/livp123/netxfw/internal/utils/ipmerge/ipmerge.go:225.41,227.3 1 31
github.com/livp123/netxfw/internal/utils/ipmerge/ipmerge.go:229.2,232.35 3 24
github.com/livp123/netxfw/internal/utils/ipmerge/ipmerge.go:232.35,249.30 5 31
github.com/livp123/netxfw/internal/utils/ipmerge/ipmerge.go:249.30,251.34 1 18
github.com/livp123/netxfw/internal/utils/ipmerge/ipmerge.go:251.34,253.5 1 15
github.com/livp123/netxfw/internal/utils/ipmerge/ipmerge.go:254.9,257.4 2 13
github.com/livp123/netxfw/internal/utils/ipmerge/ipmerge.go:259.2,260.15 2 24
github.com/livp123/netxfw/internal/utils/ipmerge/ipmerge.go:263.39,265.2 1 31
github.com/livp123/netxfw/internal/utils/ipmerge/ipmerge.go:267.51,270.30 2 37
github.com/livp123/netxfw/internal/utils/ipmerge/ipmerge.go:270.30,308.52 5 43
github.com/livp123/netxfw/internal/utils/ipmerge/ipmerge.go:308.52,317.30 4 134
github.com/livp123/netxfw/internal/utils/ipmerge/ipmerge.go:317.30,321.31 2 43
github.com/livp123/netxfw/internal/utils/ipmerge/ipmerge.go:321.31,324.6 1 37
github.com/livp123/netxfw/internal/utils/ipmerge/ipmerge.go:325.5,326.25 2 6
github.com/livp123/netxfw/internal/utils/ipmerge/ipmerge.go:326.25,329.6 1 0
github.com/livp123/netxfw/internal/utils/ipmerge/ipmerge.go:330.5,331.10 2 6
github.com/livp123/netxfw/internal/utils/ipmerge/ipmerge.go:335.3,335.13 1 6
github.com/livp123/netxfw/internal/utils/ipmerge/ipmerge.go:335.13,340.4 2 0
github.com/livp123/netxfw/internal/utils/ipmerge/ipmerge.go:343.2,343.14 1 0
github.com/livp123/netxfw/internal/utils/ipmerge/ipmerge.go:346.44,347.14 1 43
github.com/livp123/netxfw/internal/utils/ipmerge/ipmerge.go:347.14,351.3 3 31
github.com/livp123/netxfw/internal/utils/ipmerge/ipmerge.go:352.2,356.14 3 12
github.com/livp123/netxfw/internal/utils/ipmerge/ipmerge.go:356.14,358.3 1 9
github.com/livp123/netxfw/internal/utils/ipmerge/ipmerge.go:359.2,360.40 2 3
github.com/livp123/netxfw/internal/utils/ipmerge/ipmerge.go:363.41,364.12 1 31
github.com/livp123/netxfw/internal/utils/ipmerge/ipmerge.go:364.12,366.3 1 0
github.com/livp123/netxfw/internal/utils/ipmerge/ipmerge.go:367.2,368.27 2 31
github.com/livp123/netxfw/internal/utils/ipmerge/ipmerge.go:368.27,371.3 2 6
github.com/livp123/netxfw/internal/utils/ipmerge/ipmerge.go:372.2,372.27 1 31
github.com/livp123/netxfw/internal/utils/ipmerge/ipmerge.go:372.27,375.3 2 8
github.com/livp123/netxfw/internal/utils/ipmerge/ipmerge.go:376.2,376.27 1 31
github.com/livp123/netxfw/internal/utils/ipmerge/ipmerge.go:376.27,379.3 2 0
github.com/livp123/netxfw/internal/utils/ipmerge/ipmerge.go:380.2,380.27 1 31
github.com/livp123/netxfw/internal/utils/ipmerge/ipmerge.go:380.27,383.3 2 8
github.com/livp123/netxfw/internal/utils/ipmerge/ipmerge.go:384.2,384.27 1 31
github.com/livp123/netxfw/internal/utils/ipmerge/ipmerge.go:384.27,386.3 1 15
github.com/livp123/netxfw/internal/utils/ipmerge/ipmerge.go:387.2,387.10 1 31
github.com/livp123/netxfw/internal/utils/ipmerge/ipmerge.go:390.41,391.12 1 12
github.com/livp123/netxfw/internal/utils/ipmerge/ipmerge.go:391.12,393.3 1 0
github.com/livp123/netxfw/internal/utils/ipmerge/ipmerge.go:394.2,395.27 2 12
github.com/livp123/netxfw/internal/utils/ipmerge/ipmerge.go:395.27,398.3 2 2
github.com/livp123/netxfw/internal/utils/ipmerge/ipmerge.go:399.2,399.23 1 12
github.com/livp123/netxfw/internal/utils/ipmerge/ipmerge.go:399.23,402.3 2 1
github.com/livp123/netxfw/internal/utils/ipmerge/ipmerge.go:403.2,403.21 1 12
github.com/livp123/netxfw/internal/utils/ipmerge/ipmerge.go:403.21,406.3 2 0
github.com/livp123/netxfw/internal/utils/ipmerge/ipmerge.go:407.2,407.20 1 12
github.com/livp123/netxfw/internal/utils/ipmerge/ipmerge.go:407.20,410.3 2 0
github.com/livp123/netxfw/internal/utils/ipmerge/ipmerge.go:411.2,411.20 1 12
github.com/livp123/netxfw/internal/utils/ipmerge/ipmerge.go:411.20,414.3 2 3
github.com/livp123/netxfw/internal/utils/ipmerge/ipmerge.go:415.2,415.20 1 12
github.com/livp123/netxfw/internal/utils/ipmerge/ipmerge.go:415.20,417.3 1 5
github.com/livp123/netxfw/internal/utils/ipmerge/ipmerge.go:418.2,418.10 1 12
github.com/livp123/netxfw/internal/utils/fileutil/fileutil.go:11.76,14.16 3 2
github.com/livp123/netxfw/internal/utils/fileutil/fileutil.go:14.16,16.3 1 0
github.com/livp123/netxfw/internal/utils/fileutil/fileutil.go:17.2,19.47 2 2
github.com/livp123/netxfw/internal/utils/fileutil/fileutil.go:19.47,22.3 2 0
github.com/livp123/netxfw/internal/utils/fileutil/fileutil.go:23.2,23.44 1 2
github.com/livp123/netxfw/internal/utils/fileutil/fileutil.go:23.44,26.3 2 0
github.com/livp123/netxfw/internal/utils/fileutil/fileutil.go:27.2,27.39 1 2
github.com/livp123/netxfw/internal/utils/fileutil/fileutil.go:27.39,30.3 2 0
github.com/livp123/netxfw/internal/utils/fileutil/fileutil.go:31.2,31.40 1 2
github.com/livp123/netxfw/internal/utils/fileutil/fileutil.go:31.40,33.3 1 0
github.com/livp123/netxfw/internal/utils/fileutil/fileutil.go:35.2,35.44 1 2
github.com/livp123/netxfw/internal/utils/fileutil/fileutil.go:40.51,41.20 1 7
github.com/livp123/netxfw/internal/utils/fileutil/fileutil.go:41.20,43.3 1 1
github.com/livp123/netxfw/internal/utils/fileutil/fileutil.go:44.2,44.53 1 6
github.com/livp123/netxfw/internal/utils/fileutil/fileutil.go:44.53,46.3 1 1
github.com/livp123/netxfw/internal/utils/fileutil/fileutil.go:47.2,48.16 2 5
github.com/livp123/netxfw/internal/utils/fileutil/fileutil.go:48.16,50.3 1 0
github.com/livp123/netxfw/internal/utils/fileutil/fileutil.go:51.2,52.60 2 5
github.com/livp123/netxfw/internal/utils/fileutil/fileutil.go:52.60,54.20 2 16
github.com/livp123/netxfw/internal/utils/fileutil/fileutil.go:54.20,56.4 1 10
github.com/livp123/netxfw/internal/utils/fileutil/fileutil.go:58.2,58.19 1 5
github.com/livp123/netxfw/internal/utils/fileutil/fileutil.go:63.48,64.20 1 4
github.com/livp123/netxfw/internal/utils/fileutil/fileutil.go:64.20,66.3 1 1
github.com/livp123/netxfw/internal/utils/fileutil/fileutil.go:67.2,68.16 2 3
github.com/livp123/netxfw/internal/utils/fileutil/fileutil.go:68.16,70.3 1 0
github.com/livp123/netxfw/internal/utils/fileutil/fileutil.go:71.2,76.59 3 3
github.com/livp123/netxfw/internal/utils/fileutil/fileutil.go:76.59,78.3 1 1
github.com/livp123/netxfw/internal/utils/fileutil/fileutil.go:80.2,81.12 2 2
github.com/livp123/netxfw/internal/utils/fileutil/fileutil.go:86.50,87.20 1 2
github.com/livp123/netxfw/internal/utils/fileutil/fileutil.go:87.20,89.3 1 1
github.com/livp123/netxfw/internal/utils/fileutil/fileutil.go:90.2,91.16 2 1
github.com/livp123/netxfw/internal/utils/fileutil/fileutil.go:91.16,93.3 1 0
github.com/livp123/netxfw/internal/utils/fileutil/fileutil.go:95.2,97.26 3 1
github.com/livp123/netxfw/internal/utils/fileutil/fileutil.go:97.26,99.39 2 4
github.com/livp123/netxfw/internal/utils/fileutil/fileutil.go:99.39,101.4 1 2
github.com/livp123/netxfw/internal/utils/fileutil/fileutil.go:104.2,104.80 1 1
github.com/livp123/netxfw/internal/binary/format.go:25.50,27.50 1 9
github.com/livp123/netxfw/internal/binary/format.go:27.50,29.3 1 0
github.com/livp123/netxfw/internal/binary/format.go:32.2,32.52 1 9
github.com/livp123/netxfw/internal/binary/format.go:32.52,34.3 1 0
github.com/livp123/netxfw/internal/binary/format.go:37.2,37.52 1 9
github.com/livp123/netxfw/internal/binary/format.go:37.52,39.3 1 0
github.com/livp123/netxfw/internal/binary/format.go:41.2,44.28 3 9
github.com/livp123/netxfw/internal/binary/format.go:44.28,45.15 1 16
github.com/livp123/netxfw/internal/binary/format.go:45.15,47.4 1 7
github.com/livp123/netxfw/internal/binary/format.go:47.9,49.4 1 9
github.com/livp123/netxfw/internal/binary/format.go:53.2,53.87 1 9
github.com/livp123/netxfw/internal/binary/format.go:53.87,55.3 1 0
github.com/livp123/netxfw/internal/binary/format.go:58.2,58.87 1 9
github.com/livp123/netxfw/internal/binary/format.go:58.87,60.3 1 0
github.com/livp123/netxfw/internal/binary/format.go:63.2,63.32 1 9
github.com/livp123/netxfw/internal/binary/format.go:63.32,64.48 1 9
github.com/livp123/netxfw/internal/binary/format.go:64.48,66.4 1 0
github.com/livp123/netxfw/internal/binary/format.go:67.3,67.57 1 9
github.com/livp123/netxfw/internal/binary/format.go:67.57,69.4 1 0
github.com/livp123/netxfw/internal/binary/format.go:73.2,73.32 1 9
github.com/livp123/netxfw/internal/binary/format.go:73.32,74.49 1 7
github.com/livp123/netxfw/internal/binary/format.go:74.49,76.4 1 0
github.com/livp123/netxfw/internal/binary/format.go:77.3,77.57 1 7
github.com/livp123/netxfw/internal/binary/format.go:77.57,79.4 1 0
github.com/livp123/netxfw/internal/binary/format.go:82.2,82.12 1 9
github.com/livp123/netxfw/internal/binary/format.go:87.44,89.49 2 9
github.com/livp123/netxfw/internal/binary/format.go:89.49,91.3 1 1
github.com/livp123/netxfw/internal/binary/format.go:92.2,92.28 1 8
github.com/livp123/netxfw/internal/binary/format.go:92.28,94.3 1 1
github.com/livp123/netxfw/internal/binary/format.go:96.2,97.51 2 7
github.com/livp123/netxfw/internal/binary/format.go:97.51,99.3 1 1
github.com/livp123/netxfw/internal/binary/format.go:100.2,100.27 1 6
github.com/livp123/netxfw/internal/binary/format.go:100.27,102.3 1 1
github.com/livp123/netxfw/internal/binary/format.go:105.2,106.52 2 5
github.com/livp123/netxfw/internal/binary/format.go:106.52,108.3 1 0
github.com/livp123/netxfw/internal/binary/format.go:110.2,111.72 2 5
github.com/livp123/netxfw/internal/binary/format.go:111.72,113.3 1 0
github.com/livp123/netxfw/internal/binary/format.go:115.2,116.72 2 5
github.com/livp123/netxfw/internal/binary/format.go:116.72,118.3 1 0
github.com/livp123/netxfw/internal/binary/format.go:120.2,123.41 2 5
github.com/livp123/netxfw/internal/binary/format.go:123.41,125.47 2 5
github.com/livp123/netxfw/internal/binary/format.go:125.47,127.4 1 0
github.com/livp123/netxfw/internal/binary/format.go:128.3,129.51 2 5
github.com/livp123/netxfw/internal/binary/format.go:129.51,131.4 1 0
github.com/livp123/netxfw/internal/binary/format.go:132.3,136.5 1 5
github.com/livp123/netxfw/internal/binary/format.go:140.2,140.41 1 5
github.com/livp123/netxfw/internal/binary/format.go:140.41,142.47 2 4
github.com/livp123/netxfw/internal/binary/format.go:142.47,144.4 1 0
github.com/livp123/netxfw/internal/binary/format.go:145.3,146.51 2 4
github.com/livp123/netxfw/internal/binary/format.go:146.51,148.4 1 0
github.com/livp123/netxfw/internal/binary/format.go:149.3,153.5 1 4
github.com/livp123/netxfw/internal/binary/format.go:156.2,156.21 1 5
github.com/livp123/netxfw/internal/optimizer/optimizer.go:13.55,15.42 2 6
github.com/livp123/netxfw/internal/optimizer/optimizer.go:15.42,22.17 4 17
github.com/livp123/netxfw/internal/optimizer/optimizer.go:22.17,25.4 2 6
github.com/livp123/netxfw/internal/optimizer/optimizer.go:27.3,27.54 1 17
github.com/livp123/netxfw/internal/optimizer/optimizer.go:30.2,31.39 2 6
github.com/livp123/netxfw/internal/optimizer/optimizer.go:31.39,33.17 2 8
github.com/livp123/netxfw/internal/optimizer/optimizer.go:33.17,35.4 1 0
github.com/livp123/netxfw/internal/optimizer/optimizer.go:36.3,36.31 1 8
github.com/livp123/netxfw/internal/optimizer/optimizer.go:36.31,38.16 2 16
github.com/livp123/netxfw/internal/optimizer/optimizer.go:38.16,40.5 1 6
github.com/livp123/netxfw/internal/optimizer/optimizer.go:41.4,41.46 1 16
github.com/livp123/netxfw/internal/optimizer/optimizer.go:44.2,44.35 1 6
github.com/livp123/netxfw/internal/optimizer/optimizer.go:49.57,56.41 3 7
github.com/livp123/netxfw/internal/optimizer/optimizer.go:56.41,59.3 2 13
github.com/livp123/netxfw/internal/optimizer/optimizer.go:60.2,61.39 2 7
github.com/livp123/netxfw/internal/optimizer/optimizer.go:61.39,63.17 2 10
github.com/livp123/netxfw/internal/optimizer/optimizer.go:63.17,65.4 1 0
github.com/livp123/netxfw/internal/optimizer/optimizer.go:66.3,66.31 1 10
github.com/livp123/netxfw/internal/optimizer/optimizer.go:66.31,72.4 1 12
github.com/livp123/netxfw/internal/optimizer/optimizer.go:74.2,74.33 1 7
github.com/livp123/netxfw/internal/utils/logger/logger.go:22.36,26.35 2 2
github.com/livp123/netxfw/internal/utils/logger/logger.go:26.35,39.3 4 0
github.com/livp123/netxfw/internal/utils/logger/logger.go:41.2,46.26 5 2
github.com/livp123/netxfw/internal/utils/logger/logger.go:46.26,48.3 1 0
github.com/livp123/netxfw/internal/utils/logger/logger.go:50.2,54.87 4 2
github.com/livp123/netxfw/internal/utils/logger/logger.go:59.19,60.25 1 1
github.com/livp123/netxfw/internal/utils/logger/logger.go:60.25,62.3 1 1
github.com/livp123/netxfw/internal/utils/logger/logger.go:63.2,63.12 1 0
github.com/livp123/netxfw/internal/utils/logger/logger.go:68.50,69.16 1 5
github.com/livp123/netxfw/internal/utils/logger/logger.go:69.16,70.66 1 2
github.com/livp123/netxfw/internal/utils/logger/logger.go:70.66,72.4 1 1
github.com/livp123/netxfw/internal/utils/logger/logger.go:74.2,74.25 1 4
github.com/livp123/netxfw/internal/utils/logger/logger.go:74.25,78.3 2 0
github.com/livp123/netxfw/internal/utils/logger/logger.go:79.2,79.21 1 4
github.com/livp123/netxfw/internal/utils/logger/logger.go:84.82,86.2 1 1
github.com/livp123/netxfw/internal/config/helpers.go:17.49,19.2 1 1
github.com/livp123/netxfw/internal/config/helpers.go:41.40,42.17 1 7
github.com/livp123/netxfw/internal/config/helpers.go:42.17,44.3 1 1
github.com/livp123/netxfw/internal/config/helpers.go:45.2,45.30 1 7
github.com/livp123/netxfw/internal/config/helpers.go:50.31,52.2 1 1
github.com/livp123/netxfw/internal/config/helpers.go:56.31,58.2 1 1
github.com/livp123/netxfw/internal/config/helpers.go:62.45,64.2 1 1
github.com/livp123/netxfw/internal/config/interface.go:51.36,53.2 1 2
github.com/livp123/netxfw/internal/config/interface.go:59.29,60.30 1 1
github.com/livp123/netxfw/internal/config/interface.go:60.30,62.3 1 0
github.com/livp123/netxfw/internal/config/interface.go:63.2,63.26 1 1
github.com/livp123/netxfw/internal/config/interface.go:68.26,70.2 1 2
github.com/livp123/netxfw/internal/config/manager.go:19.57,23.2 1 35
github.com/livp123/netxfw/internal/config/manager.go:27.45,32.16 4 4
github.com/livp123/netxfw/internal/config/manager.go:32.16,34.3 1 1
github.com/livp123/netxfw/internal/config/manager.go:36.2,37.12 2 3
github.com/livp123/netxfw/internal/config/manager.go:42.45,46.22 3 3
github.com/livp123/netxfw/internal/config/manager.go:46.22,48.3 1 0
github.com/livp123/netxfw/internal/config/manager.go:50.2,50.57 1 3
github.com/livp123/netxfw/internal/config/manager.go:55.58,59.22 3 14
github.com/livp123/netxfw/internal/config/manager.go:59.22,61.3 1 12
github.com/livp123/netxfw/internal/config/manager.go:64.2,65.17 2 2
github.com/livp123/netxfw/internal/config/manager.go:70.70,75.2 3 14
github.com/livp123/netxfw/internal/config/manager.go:79.60,83.22 3 3
github.com/livp123/netxfw/internal/config/manager.go:83.22,85.3 1 1
github.com/livp123/netxfw/internal/config/manager.go:87.2,88.17 2 2
github.com/livp123/netxfw/internal/config/manager.go:93.58,97.22 3 2
github.com/livp123/netxfw/internal/config/manager.go:97.22,99.3 1 1
github.com/livp123/netxfw/internal/config/manager.go:101.2,102.16 2 1
github.com/livp123/netxfw/internal/config/manager.go:107.66,111.22 3 2
github.com/livp123/netxfw/internal/config/manager.go:111.22,113.3 1 1
github.com/livp123/netxfw/internal/config/manager.go:115.2,116.20 2 1
github.com/livp123/netxfw/internal/config/manager.go:121.66,125.22 3 1
github.com/livp123/netxfw/internal/config/manager.go:125.22,127.3 1 1
github.com/livp123/netxfw/internal/config/manager.go:129.2,130.20 2 0
github.com/livp123/netxfw/internal/config/manager.go:135.70,139.22 3 1
github.com/livp123/netxfw/internal/config/manager.go:139.22,141.3 1 1
github.com/livp123/netxfw/internal/config/manager.go:143.2,144.22 2 0
github.com/livp123/netxfw/internal/config/manager.go:149.70,153.22 3 1
github.com/livp123/netxfw/internal/config/manager.go:153.22,155.3 1 1
github.com/livp123/netxfw/internal/config/manager.go:157.2,158.22 2 0
github.com/livp123/netxfw/internal/config/manager.go:163.60,167.22 3 1
github.com/livp123/netxfw/internal/config/manager.go:167.22,169.3 1 1
github.com/livp123/netxfw/internal/config/manager.go:171.2,172.17 2 0
github.com/livp123/netxfw/internal/config/manager.go:177.68,181.22 3 1
github.com/livp123/netxfw/internal/config/manager.go:181.22,183.3 1 1
github.com/livp123/netxfw/internal/config/manager.go:185.2,186.21 2 0
github.com/livp123/netxfw/internal/config/manager.go:191.70,195.22 3 1
github.com/livp123/netxfw/internal/config/manager.go:195.22,197.3 1 1
github.com/livp123/netxfw/internal/config/manager.go:199.2,200.22 2 0
github.com/livp123/netxfw/internal/config/manager.go:205.56,209.22 3 1
github.com/livp123/netxfw/internal/config/manager.go:209.22,211.3 1 1
github.com/livp123/netxfw/internal/config/manager.go:213.2,214.15 2 0
github.com/livp123/netxfw/internal/config/manager.go:219.58,223.22 3 1
github.com/livp123/netxfw/internal/config/manager.go:223.22,225.3 1 1
github.com/livp123/netxfw/internal/config/manager.go:227.2,228.16 2 0
github.com/livp123/netxfw/internal/config/manager.go:233.66,237.22 3 1
github.com/livp123/netxfw/internal/config/manager.go:237.22,239.3 1 1
github.com/livp123/netxfw/internal/config/manager.go:241.2,242.20 2 0
github.com/livp123/netxfw/internal/config/manager.go:247.69,251.22 3 2
github.com/livp123/netxfw/internal/config/manager.go:251.22,253.3 1 1
github.com/livp123/netxfw/internal/config/manager.go:258.66,262.22 3 1
github.com/livp123/netxfw/internal/config/manager.go:262.22,264.3 1 0
github.com/livp123/netxfw/internal/config/manager.go:269.78,273.22 3 1
github.com/livp123/netxfw/internal/config/manager.go:273.22,275.3 1 0
github.com/livp123/netxfw/internal/config/manager.go:280.78,284.22 3 1
github.com/livp123/netxfw/internal/config/manager.go:284.22,286.3 1 0
github.com/livp123/netxfw/internal/config/manager.go:291.84,295.22 3 1
github.com/livp123/netxfw/internal/config/manager.go:295.22,297.3 1 0
github.com/livp123/netxfw/internal/config/manager.go:302.84,306.22 3 1
github.com/livp123/netxfw/internal/config/manager.go:306.22,308.3 1 0
github.com/livp123/netxfw/internal/config/manager.go:313.69,317.22 3 1
github.com/livp123/netxfw/internal/config/manager.go:317.22,319.3 1 0
github.com/livp123/netxfw/internal/config/manager.go:324.81,328.22 3 1
github.com/livp123/netxfw/internal/config/manager.go:328.22,330.3 1 0
github.com/livp123/netxfw/internal/config/manager.go:335.84,339.22 3 1
github.com/livp123/netxfw/internal/config/manager.go:339.22,341.3 1 0
github.com/livp123/netxfw/internal/config/manager.go:346.63,350.22 3 1
github.com/livp123/netxfw/internal/config/manager.go:350.22,352.3 1 0
github.com/livp123/netxfw/internal/config/manager.go:357.66,361.22 3 1
github.com/livp123/netxfw/internal/config/manager.go:361.22,363.3 1 0
github.com/livp123/netxfw/internal/config/manager.go:368.78,372.22 3 1
github.com/livp123/netxfw/internal/config/manager.go:372.22,374.3 1 0
github.com/livp123/netxfw/internal/config/manager.go:379.49,381.2 1 1
github.com/livp123/netxfw/internal/config/manager.go:385.43,389.22 3 0
github.com/livp123/netxfw/internal/config/manager.go:389.22,391.3 1 0
github.com/livp123/netxfw/internal/config/manager.go:393.2,393.29 1 0
github.com/livp123/netxfw/internal/plugins/types/config.go:462.59,464.16 2 6
github.com/livp123/netxfw/internal/plugins/types/config.go:464.16,466.3 1 1
github.com/livp123/netxfw/internal/plugins/types/config.go:469.2,536.16 3 5
github.com/livp123/netxfw/internal/plugins/types/config.go:536.16,538.3 1 0
github.com/livp123/netxfw/internal/plugins/types/config.go:541.2,541.39 1 5
github.com/livp123/netxfw/internal/plugins/types/config.go:541.39,543.3 1 0
github.com/livp123/netxfw/internal/plugins/types/config.go:546.2,548.18 2 5
github.com/livp123/netxfw/internal/plugins/types/config.go:551.67,555.84 2 5
github.com/livp123/netxfw/internal/plugins/types/config.go:555.84,558.3 2 0
github.com/livp123/netxfw/internal/plugins/types/config.go:561.2,562.56 2 5
github.com/livp123/netxfw/internal/plugins/types/config.go:562.56,565.3 2 0
github.com/livp123/netxfw/internal/plugins/types/config.go:574.2,580.49 5 5
github.com/livp123/netxfw/internal/plugins/types/config.go:580.49,583.3 2 0
github.com/livp123/netxfw/internal/plugins/types/config.go:585.2,585.36 1 5
github.com/livp123/netxfw/internal/plugins/types/config.go:585.36,588.3 1 0
github.com/livp123/netxfw/internal/plugins/types/config.go:590.2,594.61 3 5
github.com/livp123/netxfw/internal/plugins/types/config.go:594.61,597.3 2 0
github.com/livp123/netxfw/internal/plugins/types/config.go:600.2,604.74 2 5
github.com/livp123/netxfw/internal/plugins/types/config.go:604.74,606.3 1 0
github.com/livp123/netxfw/internal/plugins/types/config.go:606.8,608.3 1 5
github.com/livp123/netxfw/internal/plugins/types/config.go:613.60,614.81 1 0
github.com/livp123/netxfw/internal/plugins/types/config.go:614.81,616.3 1 0
github.com/livp123/netxfw/internal/plugins/types/config.go:617.2,617.79 1 0
github.com/livp123/netxfw/internal/plugins/types/config.go:617.79,619.3 1 0
github.com/livp123/netxfw/internal/plugins/types/config.go:621.2,624.51 2 0
github.com/livp123/netxfw/internal/plugins/types/config.go:624.51,630.49 4 0
github.com/livp123/netxfw/internal/plugins/types/config.go:630.49,631.50 1 0
github.com/livp123/netxfw/internal/plugins/types/config.go:631.50,633.10 2 0
github.com/livp123/netxfw/internal/plugins/types/config.go:637.3,637.25 1 0
github.com/livp123/netxfw/internal/plugins/types/config.go:637.25,642.4 2 0
github.com/livp123/netxfw/internal/plugins/types/config.go:642.9,644.80 1 0
github.com/livp123/netxfw/internal/plugins/types/config.go:644.80,645.45 1 0
github.com/livp123/netxfw/internal/plugins/types/config.go:645.45,647.6 1 0
github.com/livp123/netxfw/internal/plugins/types/config.go:651.2,651.17 1 0
github.com/livp123/netxfw/internal/plugins/types/config.go:654.61,657.2 1 0
github.com/livp123/netxfw/internal/plugins/types/config.go:659.61,662.16 2 2
github.com/livp123/netxfw/internal/plugins/types/config.go:662.16,664.3 1 0
github.com/livp123/netxfw/internal/plugins/types/config.go:665.2,666.55 2 2
github.com/livp123/netxfw/internal/plugins/types/config.go:666.55,668.3 1 0
github.com/livp123/netxfw/internal/plugins/types/config.go:671.2,672.16 2 2
github.com/livp123/netxfw/internal/plugins/types/config.go:672.16,674.61 2 1
github.com/livp123/netxfw/internal/plugins/types/config.go:674.61,682.48 5 1
github.com/livp123/netxfw/internal/plugins/types/config.go:682.48,684.5 1 0
github.com/livp123/netxfw/internal/plugins/types/config.go:685.4,685.60 1 1
github.com/livp123/netxfw/internal/plugins/types/config.go:690.2,690.51 1 1
github.com/livp123/netxfw/internal/plugins/types/config.go:695.48,696.38 1 169
github.com/livp123/netxfw/internal/plugins/types/config.go:696.38,697.39 1 7
github.com/livp123/netxfw/internal/plugins/types/config.go:697.39,699.4 1 6
github.com/livp123/netxfw/internal/plugins/types/config.go:700.3,700.9 1 7
github.com/livp123/netxfw/internal/plugins/types/config.go:703.2,703.72 1 162
github.com/livp123/netxfw/internal/plugins/types/config.go:703.72,706.31 1 130
github.com/livp123/netxfw/internal/plugins/types/config.go:706.31,708.4 1 130
github.com/livp123/netxfw/internal/plugins/types/config.go:709.3,709.31 1 130
github.com/livp123/netxfw/internal/plugins/types/config.go:709.31,711.4 1 130
github.com/livp123/netxfw/internal/plugins/types/config.go:712.3,712.31 1 130
github.com/livp123/netxfw/internal/plugins/types/config.go:712.31,714.4 1 130
github.com/livp123/netxfw/internal/plugins/types/config.go:716.3,717.9 2 130
github.com/livp123/netxfw/internal/plugins/types/config.go:726.2,727.46 2 32
github.com/livp123/netxfw/internal/plugins/types/config.go:727.46,729.3 1 204
github.com/livp123/netxfw/internal/plugins/types/config.go:731.2,735.46 3 32
github.com/livp123/netxfw/internal/plugins/types/config.go:735.46,739.44 3 198
github.com/livp123/netxfw/internal/plugins/types/config.go:739.44,744.4 3 156
github.com/livp123/netxfw/internal/plugins/types/config.go:746.3,746.46 1 198
github.com/livp123/netxfw/internal/plugins/types/config.go:750.2,750.46 1 32
github.com/livp123/netxfw/internal/plugins/types/config.go:750.46,753.39 3 204
github.com/livp123/netxfw/internal/plugins/types/config.go:753.39,755.4 1 48
github.com/livp123/netxfw/internal/plugins/types/config.go:758.2,758.29 1 32
github.com/livp123/netxfw/internal/plugins/types/config.go:762.52,768.16 5 5
github.com/livp123/netxfw/internal/plugins/types/config.go:768.16,770.3 1 0
github.com/livp123/netxfw/internal/plugins/types/config.go:772.2,772.26 1 5
github.com/livp123/netxfw/internal/plugins/types/config.go:772.26,774.3 1 5
github.com/livp123/netxfw/internal/plugins/types/config.go:777.2,781.29 3 0
github.com/livp123/netxfw/internal/plugins/types/config.go:781.29,782.38 1 0
github.com/livp123/netxfw/internal/plugins/types/config.go:782.38,784.4 1 0
github.com/livp123/netxfw/internal/plugins/types/validation.go:12.41,13.42 1 6
github.com/livp123/netxfw/internal/plugins/types/validation.go:13.42,15.3 1 0
github.com/livp123/netxfw/internal/plugins/types/validation.go:16.2,16.42 1 6
github.com/livp123/netxfw/internal/plugins/types/validation.go:16.42,18.3 1 0
github.com/livp123/netxfw/internal/plugins/types/validation.go:19.2,19.47 1 6
github.com/livp123/netxfw/internal/plugins/types/validation.go:19.47,21.3 1 0
github.com/livp123/netxfw/internal/plugins/types/validation.go:22.2,22.47 1 6
github.com/livp123/netxfw/internal/plugins/types/validation.go:22.47,24.3 1 0
github.com/livp123/netxfw/internal/plugins/types/validation.go:28.2,28.32 1 6
github.com/livp123/netxfw/internal/plugins/types/validation.go:28.32,30.3 1 3
github.com/livp123/netxfw/internal/plugins/types/validation.go:32.2,32.12 1 6
github.com/livp123/netxfw/internal/plugins/types/validation.go:35.39,36.51 1 13
github.com/livp123/netxfw/internal/plugins/types/validation.go:36.51,38.3 1 2
github.com/livp123/netxfw/internal/plugins/types/validation.go:39.2,39.52 1 11
github.com/livp123/netxfw/internal/plugins/types/validation.go:39.52,41.3 1 2
github.com/livp123/netxfw/internal/plugins/types/validation.go:42.2,42.35 1 9
github.com/livp123/netxfw/internal/plugins/types/validation.go:42.35,43.44 1 6
github.com/livp123/netxfw/internal/plugins/types/validation.go:43.44,45.4 1 1
github.com/livp123/netxfw/internal/plugins/types/validation.go:47.2,47.12 1 8
github.com/livp123/netxfw/internal/plugins/types/validation.go:50.39,51.37 1 12
github.com/livp123/netxfw/internal/plugins/types/validation.go:51.37,52.21 1 6
github.com/livp123/netxfw/internal/plugins/types/validation.go:52.21,54.4 1 1
github.com/livp123/netxfw/internal/plugins/types/validation.go:55.3,55.43 1 5
github.com/livp123/netxfw/internal/plugins/types/validation.go:55.43,57.4 1 1
github.com/livp123/netxfw/internal/plugins/types/validation.go:58.3,58.45 1 4
github.com/livp123/netxfw/internal/plugins/types/validation.go:58.45,60.4 1 1
github.com/livp123/netxfw/internal/plugins/types/validation.go:62.2,62.12 1 9
github.com/livp123/netxfw/internal/plugins/types/validation.go:65.44,66.31 1 9
github.com/livp123/netxfw/internal/plugins/types/validation.go:66.31,67.47 1 3
github.com/livp123/netxfw/internal/plugins/types/validation.go:67.47,69.4 1 1
github.com/livp123/netxfw/internal/plugins/types/validation.go:71.2,71.12 1 8
github.com/livp123/netxfw/internal/plugins/types/validation.go:74.44,75.31 1 16
github.com/livp123/netxfw/internal/plugins/types/validation.go:75.31,76.125 1 10
github.com/livp123/netxfw/internal/plugins/types/validation.go:76.125,78.4 1 1
github.com/livp123/netxfw/internal/plugins/types/validation.go:79.3,79.24 1 9
github.com/livp123/netxfw/internal/plugins/types/validation.go:79.24,83.15 2 6
github.com/livp123/netxfw/internal/plugins/types/validation.go:84.122,84.122 0 3
github.com/livp123/netxfw/internal/plugins/types/validation.go:86.12,88.90 1 3
github.com/livp123/netxfw/internal/plugins/types/validation.go:88.90,90.6 1 1
github.com/livp123/netxfw/internal/plugins/types/validation.go:94.2,94.12 1 14
github.com/livp123/netxfw/internal/plugins/types/validation.go:97.35,98.50 1 19
github.com/livp123/netxfw/internal/plugins/types/validation.go:98.50,100.3 1 14
github.com/livp123/netxfw/internal/plugins/types/validation.go:103.2,104.16 2 5
github.com/livp123/netxfw/internal/plugins/types/validation.go:104.16,105.57 1 1
github.com/livp123/netxfw/internal/plugins/types/validation.go:105.57,107.4 1 1
github.com/livp123/netxfw/internal/plugins/types/validation.go:110.2,110.48 1 4
github.com/livp123/netxfw/internal/plugins/types/validation.go:113.33,115.2 1 4
github.com/livp123/netxfw/pkg/storage/external.go:15.79,15.107 1 0
github.com/livp123/netxfw/pkg/storage/external.go:16.79,16.107 1 0
github.com/livp123/netxfw/pkg/storage/external.go:17.79,17.107 1 0
github.com/livp123/netxfw/pkg/storage/external.go:18.85,18.113 1 0
github.com/livp123/netxfw/pkg/storage/external.go:19.79,19.122 1 0
github.com/livp123/netxfw/pkg/storage/external.go:27.80,27.108 1 0
github.com/livp123/netxfw/pkg/storage/external.go:28.80,28.108 1 0
github.com/livp123/netxfw/pkg/storage/external.go:29.80,29.108 1 0
github.com/livp123/netxfw/pkg/storage/external.go:30.86,30.114 1 0
github.com/livp123/netxfw/pkg/storage/external.go:31.80,31.123 1 0
github.com/livp123/netxfw/pkg/storage/external.go:39.76,39.104 1 0
github.com/livp123/netxfw/pkg/storage/external.go:40.76,40.104 1 0
github.com/livp123/netxfw/pkg/storage/external.go:41.76,41.104 1 0
github.com/livp123/netxfw/pkg/storage/external.go:42.82,42.110 1 0
github.com/livp123/netxfw/pkg/storage/external.go:43.76,43.119 1 0
github.com/livp123/netxfw/pkg/storage/file.go:23.63,29.2 1 12
github.com/livp123/netxfw/pkg/storage/file.go:41.87,48.34 5 5
github.com/livp123/netxfw/pkg/storage/file.go:48.34,49.60 1 1
github.com/livp123/netxfw/pkg/storage/file.go:49.60,50.43 1 1
github.com/livp123/netxfw/pkg/storage/file.go:50.43,51.30 1 0
github.com/livp123/netxfw/pkg/storage/file.go:51.30,54.6 2 0
github.com/livp123/netxfw/pkg/storage/file.go:56.4,56.47 1 1
github.com/livp123/netxfw/pkg/storage/file.go:58.8,58.42 1 4
github.com/livp123/netxfw/pkg/storage/file.go:58.42,59.58 1 3
github.com/livp123/netxfw/pkg/storage/file.go:59.58,60.44 1 3
github.com/livp123/netxfw/pkg/storage/file.go:60.44,61.30 1 2
github.com/livp123/netxfw/pkg/storage/file.go:61.30,64.6 2 1
github.com/livp123/netxfw/pkg/storage/file.go:66.4,66.49 1 2
github.com/livp123/netxfw/pkg/storage/file.go:69.2,69.58 1 1
github.com/livp123/netxfw/pkg/storage/file.go:74.68,80.34 4 3
github.com/livp123/netxfw/pkg/storage/file.go:80.34,81.60 1 1
github.com/livp123/netxfw/pkg/storage/file.go:81.60,83.43 2 1
github.com/livp123/netxfw/pkg/storage/file.go:83.43,84.30 1 1
github.com/livp123/netxfw/pkg/storage/file.go:84.30,86.6 1 0
github.com/livp123/netxfw/pkg/storage/file.go:88.4,88.27 1 1
github.com/livp123/netxfw/pkg/storage/file.go:90.8,90.42 1 2
github.com/livp123/netxfw/pkg/storage/file.go:90.42,91.58 1 1
github.com/livp123/netxfw/pkg/storage/file.go:91.58,93.44 2 1
github.com/livp123/netxfw/pkg/storage/file.go:93.44,94.30 1 1
github.com/livp123/netxfw/pkg/storage/file.go:94.30,96.6 1 0
github.com/livp123/netxfw/pkg/storage/file.go:98.4,98.28 1 1
github.com/livp123/netxfw/pkg/storage/file.go:101.2,101.58 1 1
github.com/livp123/netxfw/pkg/storage/file.go:106.58,112.60 4 2
github.com/livp123/netxfw/pkg/storage/file.go:112.60,113.45 1 2
github.com/livp123/netxfw/pkg/storage/file.go:113.45,114.102 1 1
github.com/livp123/netxfw/pkg/storage/file.go:114.102,117.5 2 1
github.com/livp123/netxfw/pkg/storage/file.go:119.3,119.52 1 1
github.com/livp123/netxfw/pkg/storage/file.go:125.87,131.60 4 1
github.com/livp123/netxfw/pkg/storage/file.go:131.60,133.45 2 1
github.com/livp123/netxfw/pkg/storage/file.go:133.45,134.90 1 1
github.com/livp123/netxfw/pkg/storage/file.go:134.90,136.5 1 0
github.com/livp123/netxfw/pkg/storage/file.go:138.3,138.29 1 1
github.com/livp123/netxfw/pkg/storage/file.go:144.108,158.2 8 5
github.com/livp123/netxfw/pkg/storage/file.go:160.78,163.16 3 9
github.com/livp123/netxfw/pkg/storage/file.go:163.16,165.3 1 0
github.com/livp123/netxfw/pkg/storage/file.go:166.2,167.18 2 9
github.com/livp123/netxfw/pkg/storage/file.go:170.61,173.16 3 19
github.com/livp123/netxfw/pkg/storage/file.go:173.16,175.3 1 2
github.com/livp123/netxfw/pkg/storage/file.go:176.2,177.18 2 17
github.com/livp123/netxfw/pkg/storage/file.go:180.76,194.16 8 9
github.com/livp123/netxfw/pkg/storage/file.go:194.16,196.3 1 0
github.com/livp123/netxfw/pkg/storage/file.go:197.2,197.42 1 9
github.com/livp123/netxfw/pkg/storage/storage.go:66.41,68.2 1 15
github.com/livp123/netxfw/internal/app/ops.go:28.68,33.16 4 0
github.com/livp123/netxfw/internal/app/ops.go:33.16,35.3 1 0
github.com/livp123/netxfw/internal/app/ops.go:37.2,38.22 2 0
github.com/livp123/netxfw/internal/app/ops.go:38.22,40.3 1 0
github.com/livp123/netxfw/internal/app/ops.go:42.2,43.28 2 0
github.com/livp123/netxfw/internal/app/ops.go:43.28,46.3 2 0
github.com/livp123/netxfw/internal/app/ops.go:46.8,46.47 1 0
github.com/livp123/netxfw/internal/app/ops.go:46.47,49.3 2 0
github.com/livp123/netxfw/internal/app/ops.go:49.8,52.17 2 0
github.com/livp123/netxfw/internal/app/ops.go:52.17,54.4 1 0
github.com/livp123/netxfw/internal/app/ops.go:55.3,55.27 1 0
github.com/livp123/netxfw/internal/app/ops.go:55.27,57.4 1 0
github.com/livp123/netxfw/internal/app/ops.go:58.3,58.64 1 0
github.com/livp123/netxfw/internal/app/ops.go:61.2,62.16 2 0
github.com/livp123/netxfw/internal/app/ops.go:62.16,64.3 1 0
github.com/livp123/netxfw/internal/app/ops.go:66.2,66.57 1 0
github.com/livp123/netxfw/internal/app/ops.go:66.57,68.3 1 0
github.com/livp123/netxfw/internal/app/ops.go:70.2,70.51 1 0
github.com/livp123/netxfw/internal/app/ops.go:70.51,72.3 1 0
github.com/livp123/netxfw/internal/app/ops.go:76.2,76.87 1 0
github.com/livp123/netxfw/internal/app/ops.go:76.87,78.43 2 0
github.com/livp123/netxfw/internal/app/ops.go:78.43,80.42 2 0
github.com/livp123/netxfw/internal/app/ops.go:80.42,81.31 1 0
github.com/livp123/netxfw/internal/app/ops.go:81.31,83.11 2 0
github.com/livp123/netxfw/internal/app/ops.go:86.4,86.14 1 0
github.com/livp123/netxfw/internal/app/ops.go:86.14,88.5 1 0
github.com/livp123/netxfw/internal/app/ops.go:90.3,90.24 1 0
github.com/livp123/netxfw/internal/app/ops.go:90.24,92.51 2 0
github.com/livp123/netxfw/internal/app/ops.go:92.51,94.5 1 0
github.com/livp123/netxfw/internal/app/ops.go:99.2,118.34 4 0
github.com/livp123/netxfw/internal/app/ops.go:118.34,119.53 1 0
github.com/livp123/netxfw/internal/app/ops.go:119.53,121.4 1 0
github.com/livp123/netxfw/internal/app/ops.go:122.3,122.37 1 0
github.com/livp123/netxfw/internal/app/ops.go:122.37,124.4 1 0
github.com/livp123/netxfw/internal/app/ops.go:128.2,128.41 1 0
github.com/livp123/netxfw/internal/app/ops.go:128.41,129.43 1 0
github.com/livp123/netxfw/internal/app/ops.go:129.43,132.12 2 0
github.com/livp123/netxfw/internal/app/ops.go:135.3,135.44 1 0
github.com/livp123/netxfw/internal/app/ops.go:135.44,137.4 1 0
github.com/livp123/netxfw/internal/app/ops.go:140.2,141.12 2 0
github.com/livp123/netxfw/internal/app/ops.go:148.37,152.2 3 0
github.com/livp123/netxfw/internal/app/ops.go:158.68,160.19 2 0
github.com/livp123/netxfw/internal/app/ops.go:160.19,162.3 1 0
github.com/livp123/netxfw/internal/app/ops.go:164.2,165.16 2 0
github.com/livp123/netxfw/internal/app/ops.go:165.16,167.3 1 0
github.com/livp123/netxfw/internal/app/ops.go:168.2,170.17 2 0
github.com/livp123/netxfw/internal/app/ops.go:171.14,174.20 1 0
github.com/livp123/netxfw/internal/app/ops.go:174.20,176.4 1 0
github.com/livp123/netxfw/internal/app/ops.go:177.3,179.17 3 0
github.com/livp123/netxfw/internal/app/ops.go:179.17,181.4 1 0
github.com/livp123/netxfw/internal/app/ops.go:182.3,182.55 1 0
github.com/livp123/netxfw/internal/app/ops.go:182.55,184.4 1 0
github.com/livp123/netxfw/internal/app/ops.go:185.16,188.20 1 0
github.com/livp123/netxfw/internal/app/ops.go:188.20,190.4 1 0
github.com/livp123/netxfw/internal/app/ops.go:191.3,192.17 2 0
github.com/livp123/netxfw/internal/app/ops.go:192.17,194.4 1 0
github.com/livp123/netxfw/internal/app/ops.go:195.3,195.51 1 0
github.com/livp123/netxfw/internal/app/ops.go:195.51,197.4 1 0
github.com/livp123/netxfw/internal/app/ops.go:198.10,199.59 1 0
github.com/livp123/netxfw/internal/app/ops.go:201.2,202.12 2 0
github.com/livp123/netxfw/internal/app/ops.go:209.67,217.16 5 0
github.com/livp123/netxfw/internal/app/ops.go:217.16,220.3 2 0
github.com/livp123/netxfw/internal/app/ops.go:220.8,222.23 2 0
github.com/livp123/netxfw/internal/app/ops.go:222.23,224.4 1 0
github.com/livp123/netxfw/internal/app/ops.go:227.2,230.28 3 0
github.com/livp123/netxfw/internal/app/ops.go:230.28,233.3 2 0
github.com/livp123/netxfw/internal/app/ops.go:233.8,240.68 3 0
github.com/livp123/netxfw/internal/app/ops.go:240.68,241.40 1 0
github.com/livp123/netxfw/internal/app/ops.go:241.40,243.5 1 0
github.com/livp123/netxfw/internal/app/ops.go:247.3,247.51 1 0
github.com/livp123/netxfw/internal/app/ops.go:247.51,249.4 1 0
github.com/livp123/netxfw/internal/app/ops.go:252.3,252.88 1 0
github.com/livp123/netxfw/internal/app/ops.go:252.88,253.41 1 0
github.com/livp123/netxfw/internal/app/ops.go:253.41,255.5 1 0
github.com/livp123/netxfw/internal/app/ops.go:258.3,258.39 1 0
github.com/livp123/netxfw/internal/app/ops.go:258.39,260.4 1 0
github.com/livp123/netxfw/internal/app/ops.go:261.3,261.78 1 0
github.com/livp123/netxfw/internal/app/ops.go:264.2,265.16 2 0
github.com/livp123/netxfw/internal/app/ops.go:265.16,267.3 1 0
github.com/livp123/netxfw/internal/app/ops.go:268.2,270.51 2 0
github.com/livp123/netxfw/internal/app/ops.go:270.51,272.3 1 0
github.com/livp123/netxfw/internal/app/ops.go:274.2,274.16 1 0
github.com/livp123/netxfw/internal/app/ops.go:274.16,275.60 1 0
github.com/livp123/netxfw/internal/app/ops.go:275.60,277.4 1 0
github.com/livp123/netxfw/internal/app/ops.go:278.3,278.56 1 0
github.com/livp123/netxfw/internal/app/ops.go:279.8,281.3 1 0
github.com/livp123/netxfw/internal/app/ops.go:282.2,282.12 1 0
github.com/livp123/netxfw/internal/app/ops.go:288.67,295.16 5 0
github.com/livp123/netxfw/internal/app/ops.go:295.16,297.3 1 0
github.com/livp123/netxfw/internal/app/ops.go:299.2,300.22 2 0
github.com/livp123/netxfw/internal/app/ops.go:300.22,302.3 1 0
github.com/livp123/netxfw/internal/app/ops.go:304.2,305.28 2 0
github.com/livp123/netxfw/internal/app/ops.go:305.28,308.3 2 0
github.com/livp123/netxfw/internal/app/ops.go:308.8,308.47 1 0
github.com/livp123/netxfw/internal/app/ops.go:308.47,311.3 2 0
github.com/livp123/netxfw/internal/app/ops.go:311.8,313.17 2 0
github.com/livp123/netxfw/internal/app/ops.go:313.17,315.4 1 0
github.com/livp123/netxfw/internal/app/ops.go:316.3,316.64 1 0
github.com/livp123/netxfw/internal/app/ops.go:321.2,322.16 2 0
github.com/livp123/netxfw/internal/app/ops.go:322.16,333.53 3 0
github.com/livp123/netxfw/internal/app/ops.go:333.53,338.43 2 0
github.com/livp123/netxfw/internal/app/ops.go:338.43,339.45 1 0
github.com/livp123/netxfw/internal/app/ops.go:339.45,341.14 2 0
github.com/livp123/netxfw/internal/app/ops.go:343.5,343.47 1 0
github.com/livp123/netxfw/internal/app/ops.go:343.47,345.6 1 0
github.com/livp123/netxfw/internal/app/ops.go:350.4,350.56 1 0
github.com/livp123/netxfw/internal/app/ops.go:350.56,352.5 1 0
github.com/livp123/netxfw/internal/app/ops.go:354.4,356.14 3 0
github.com/livp123/netxfw/internal/app/ops.go:359.3,363.17 3 0
github.com/livp123/netxfw/internal/app/ops.go:363.17,365.4 1 0
github.com/livp123/netxfw/internal/app/ops.go:368.3,368.61 1 0
github.com/livp123/netxfw/internal/app/ops.go:368.61,370.4 1 0
github.com/livp123/netxfw/internal/app/ops.go:371.3,374.61 2 0
github.com/livp123/netxfw/internal/app/ops.go:374.61,376.4 1 0
github.com/livp123/netxfw/internal/app/ops.go:377.3,377.55 1 0
github.com/livp123/netxfw/internal/app/ops.go:377.55,379.4 1 0
github.com/livp123/netxfw/internal/app/ops.go:382.3,390.42 3 0
github.com/livp123/netxfw/internal/app/ops.go:390.42,391.41 1 0
github.com/livp123/netxfw/internal/app/ops.go:391.41,393.5 1 0
github.com/livp123/netxfw/internal/app/ops.go:394.4,394.43 1 0
github.com/livp123/netxfw/internal/app/ops.go:394.43,396.5 1 0
github.com/livp123/netxfw/internal/app/ops.go:399.3,400.13 2 0
github.com/livp123/netxfw/internal/app/ops.go:405.2,406.39 2 0
github.com/livp123/netxfw/internal/app/ops.go:413.56,417.16 3 0
github.com/livp123/netxfw/internal/app/ops.go:417.16,420.3 2 0
github.com/livp123/netxfw/internal/app/ops.go:421.2,431.68 7 0
github.com/livp123/netxfw/internal/app/ops.go:431.68,433.3 1 0
github.com/livp123/netxfw/internal/app/ops.go:434.2,434.12 1 0
github.com/livp123/netxfw/internal/app/ops.go:441.18,446.2 2 0
github.com/livp123/netxfw/internal/api/auth.go:26.67,31.16 4 8
github.com/livp123/netxfw/internal/api/auth.go:31.16,33.3 1 0
github.com/livp123/netxfw/internal/api/auth.go:34.2,43.37 7 8
github.com/livp123/netxfw/internal/api/auth.go:48.75,50.21 2 9
github.com/livp123/netxfw/internal/api/auth.go:50.21,52.3 1 2
github.com/livp123/netxfw/internal/api/auth.go:54.2,62.57 7 7
github.com/livp123/netxfw/internal/api/auth.go:62.57,64.3 1 2
github.com/livp123/netxfw/internal/api/auth.go:66.2,67.16 2 5
github.com/livp123/netxfw/internal/api/auth.go:67.16,69.3 1 0
github.com/livp123/netxfw/internal/api/auth.go:71.2,72.62 2 5
github.com/livp123/netxfw/internal/api/auth.go:72.62,74.3 1 0
github.com/livp123/netxfw/internal/api/auth.go:76.2,76.36 1 5
github.com/livp123/netxfw/internal/api/auth.go:76.36,78.3 1 2
github.com/livp123/netxfw/internal/api/auth.go:80.2,80.21 1 3
github.com/livp123/netxfw/internal/api/auth.go:85.59,86.71 1 0
github.com/livp123/netxfw/internal/api/auth.go:86.71,90.17 3 0
github.com/livp123/netxfw/internal/api/auth.go:90.17,93.4 2 0
github.com/livp123/netxfw/internal/api/auth.go:95.3,96.17 2 0
github.com/livp123/netxfw/internal/api/auth.go:96.17,99.4 2 0
github.com/livp123/netxfw/internal/api/auth.go:103.3,104.47 2 0
github.com/livp123/netxfw/internal/api/auth.go:104.47,107.18 3 0
github.com/livp123/netxfw/internal/api/auth.go:107.18,110.5 2 0
github.com/livp123/netxfw/internal/api/auth.go:115.3,116.18 2 0
github.com/livp123/netxfw/internal/api/auth.go:116.18,118.4 1 0
github.com/livp123/netxfw/internal/api/auth.go:120.3,120.44 1 0
github.com/livp123/netxfw/internal/api/auth.go:120.44,123.4 2 0
github.com/livp123/netxfw/internal/api/auth.go:125.3,125.57 1 0
github.com/livp123/netxfw/internal/api/auth.go:131.70,132.33 1 0
github.com/livp123/netxfw/internal/api/auth.go:132.33,135.3 2 0
github.com/livp123/netxfw/internal/api/auth.go:137.2,140.61 2 0
github.com/livp123/netxfw/internal/api/auth.go:140.61,143.3 2 0
github.com/livp123/netxfw/internal/api/auth.go:146.2,148.16 3 0
github.com/livp123/netxfw/internal/api/auth.go:148.16,151.3 2 0
github.com/livp123/netxfw/internal/api/auth.go:153.2,154.16 2 0
github.com/livp123/netxfw/internal/api/auth.go:154.16,157.3 2 0
github.com/livp123/netxfw/internal/api/auth.go:159.2,159.32 1 0
github.com/livp123/netxfw/internal/api/auth.go:159.32,162.3 2 0
github.com/livp123/netxfw/internal/api/auth.go:165.2,172.16 3 0
github.com/livp123/netxfw/internal/api/auth.go:172.16,175.3 2 0
github.com/livp123/netxfw/internal/api/auth.go:177.2,180.4 2 0
github.com/livp123/netxfw/internal/api/handlers.go:17.72,23.2 3 1
github.com/livp123/netxfw/internal/api/handlers.go:27.72,33.2 3 1
github.com/livp123/netxfw/internal/api/handlers.go:37.70,45.2 3 1
github.com/livp123/netxfw/internal/api/handlers.go:49.70,51.18 2 7
github.com/livp123/netxfw/internal/api/handlers.go:52.22,72.33 7 1
github.com/livp123/netxfw/internal/api/handlers.go:74.23,80.62 2 6
github.com/livp123/netxfw/internal/api/handlers.go:80.62,83.4 2 1
github.com/livp123/netxfw/internal/api/handlers.go:85.3,86.26 2 5
github.com/livp123/netxfw/internal/api/handlers.go:86.26,87.31 1 4
github.com/livp123/netxfw/internal/api/handlers.go:87.31,89.5 1 1
github.com/livp123/netxfw/internal/api/handlers.go:89.10,89.38 1 3
github.com/livp123/netxfw/internal/api/handlers.go:89.38,94.20 3 2
github.com/livp123/netxfw/internal/api/handlers.go:94.20,97.6 2 1
github.com/livp123/netxfw/internal/api/handlers.go:99.5,99.17 1 2
github.com/livp123/netxfw/internal/api/handlers.go:99.17,101.6 1 1
github.com/livp123/netxfw/internal/api/handlers.go:101.11,103.6 1 1
github.com/livp123/netxfw/internal/api/handlers.go:104.10,104.42 1 1
github.com/livp123/netxfw/internal/api/handlers.go:104.42,106.24 2 1
github.com/livp123/netxfw/internal/api/handlers.go:106.24,108.6 1 0
github.com/livp123/netxfw/internal/api/handlers.go:108.11,111.21 2 1
github.com/livp123/netxfw/internal/api/handlers.go:111.21,113.7 1 0
github.com/livp123/netxfw/internal/api/handlers.go:115.6,115.20 1 1
github.com/livp123/netxfw/internal/api/handlers.go:115.20,117.7 1 1
github.com/livp123/netxfw/internal/api/handlers.go:120.9,121.35 1 1
github.com/livp123/netxfw/internal/api/handlers.go:121.35,123.24 2 0
github.com/livp123/netxfw/internal/api/handlers.go:123.24,125.6 1 0
github.com/livp123/netxfw/internal/api/handlers.go:125.11,127.21 2 0
github.com/livp123/netxfw/internal/api/handlers.go:127.21,129.7 1 0
github.com/livp123/netxfw/internal/api/handlers.go:130.6,130.20 1 0
github.com/livp123/netxfw/internal/api/handlers.go:130.20,132.7 1 0
github.com/livp123/netxfw/internal/api/handlers.go:134.10,134.38 1 1
github.com/livp123/netxfw/internal/api/handlers.go:134.38,136.5 1 1
github.com/livp123/netxfw/internal/api/handlers.go:136.10,136.38 1 0
github.com/livp123/netxfw/internal/api/handlers.go:136.38,138.5 1 0
github.com/livp123/netxfw/internal/api/handlers.go:141.3,141.17 1 5
github.com/livp123/netxfw/internal/api/handlers.go:141.17,144.4 2 0
github.com/livp123/netxfw/internal/api/handlers.go:145.3,145.31 1 5
github.com/livp123/netxfw/internal/api/handlers.go:151.71,152.33 1 3
github.com/livp123/netxfw/internal/api/handlers.go:152.33,157.62 2 3
github.com/livp123/netxfw/internal/api/handlers.go:157.62,160.4 2 1
github.com/livp123/netxfw/internal/api/handlers.go:162.3,163.18 2 2
github.com/livp123/netxfw/internal/api/handlers.go:164.16,165.50 1 1
github.com/livp123/netxfw/internal/api/handlers.go:166.23,167.50 1 1
github.com/livp123/netxfw/internal/api/handlers.go:170.3,170.17 1 2
github.com/livp123/netxfw/internal/api/handlers.go:170.17,173.4 2 0
github.com/livp123/netxfw/internal/api/handlers.go:175.2,175.30 1 2
github.com/livp123/netxfw/internal/api/handlers.go:179.69,180.33 1 1
github.com/livp123/netxfw/internal/api/handlers.go:180.33,183.3 2 1
github.com/livp123/netxfw/internal/api/handlers.go:185.2,189.61 2 0
github.com/livp123/netxfw/internal/api/handlers.go:189.61,192.3 2 0
github.com/livp123/netxfw/internal/api/handlers.go:195.2,197.16 3 0
github.com/livp123/netxfw/internal/api/handlers.go:197.16,200.3 2 0
github.com/livp123/netxfw/internal/api/handlers.go:202.2,203.16 2 0
github.com/livp123/netxfw/internal/api/handlers.go:203.16,206.3 2 0
github.com/livp123/netxfw/internal/api/handlers.go:208.2,208.33 1 0
github.com/livp123/netxfw/internal/api/handlers.go:208.33,213.17 3 0
github.com/livp123/netxfw/internal/api/handlers.go:213.17,217.4 3 0
github.com/livp123/netxfw/internal/api/handlers.go:218.3,219.17 2 0
github.com/livp123/netxfw/internal/api/handlers.go:219.17,223.4 3 0
github.com/livp123/netxfw/internal/api/handlers.go:225.3,226.17 2 0
github.com/livp123/netxfw/internal/api/handlers.go:226.17,230.4 2 0
github.com/livp123/netxfw/internal/api/handlers.go:231.3,231.26 1 0
github.com/livp123/netxfw/internal/api/handlers.go:232.8,239.3 2 0
github.com/livp123/netxfw/internal/api/handlers.go:241.2,241.16 1 0
github.com/livp123/netxfw/internal/api/handlers.go:241.16,244.3 2 0
github.com/livp123/netxfw/internal/api/handlers.go:246.2,247.35 2 0
github.com/livp123/netxfw/internal/api/handlers.go:251.74,253.16 2 1
github.com/livp123/netxfw/internal/api/handlers.go:253.16,256.3 2 0
github.com/livp123/netxfw/internal/api/handlers.go:258.2,258.42 1 1
github.com/livp123/netxfw/internal/api/handlers.go:258.42,260.3 1 0
github.com/livp123/netxfw/internal/api/handlers.go:262.2,264.19 3 1
github.com/livp123/netxfw/internal/api/handlers.go:264.19,266.3 1 1
github.com/livp123/netxfw/internal/api/handlers.go:268.2,276.32 4 1
github.com/livp123/netxfw/internal/api/handlers.go:279.67,282.2 2 1
github.com/livp123/netxfw/internal/api/helpers.go:14.45,16.40 2 105
github.com/livp123/netxfw/internal/api/helpers.go:16.40,18.3 1 0
github.com/livp123/netxfw/internal/api/helpers.go:19.2,19.30 1 105
github.com/livp123/netxfw/internal/api/helpers.go:24.69,45.21 2 11
github.com/livp123/netxfw/internal/api/helpers.go:45.21,47.3 1 2
github.com/livp123/netxfw/internal/api/helpers.go:51.2,55.23 4 9
github.com/livp123/netxfw/internal/api/helpers.go:55.23,58.3 2 6
github.com/livp123/netxfw/internal/api/helpers.go:58.8,58.29 1 3
github.com/livp123/netxfw/internal/api/helpers.go:58.29,61.3 2 2
github.com/livp123/netxfw/internal/api/helpers.go:63.2,64.15 2 9
github.com/livp123/netxfw/internal/api/helpers.go:64.15,66.3 1 8
github.com/livp123/netxfw/internal/api/helpers.go:66.8,70.3 1 1
github.com/livp123/netxfw/internal/api/helpers.go:72.2,73.16 2 9
github.com/livp123/netxfw/internal/api/helpers.go:73.16,75.3 1 2
github.com/livp123/netxfw/internal/api/helpers.go:81.2,81.32 1 7
github.com/livp123/netxfw/internal/api/metrics.go:27.79,32.2 1 3
github.com/livp123/netxfw/internal/api/metrics.go:36.58,37.23 1 3
github.com/livp123/netxfw/internal/api/metrics.go:37.23,40.3 2 1
github.com/livp123/netxfw/internal/api/metrics.go:42.2,53.12 5 2
github.com/livp123/netxfw/internal/api/metrics.go:53.12,55.82 2 2
github.com/livp123/netxfw/internal/api/metrics.go:55.82,58.4 2 0
github.com/livp123/netxfw/internal/api/metrics.go:62.2,64.12 2 2
github.com/livp123/netxfw/internal/api/metrics.go:69.38,71.21 2 2
github.com/livp123/netxfw/internal/api/metrics.go:71.21,75.3 3 2
github.com/livp123/netxfw/internal/api/metrics.go:76.2,76.12 1 0
github.com/livp123/netxfw/internal/api/metrics.go:81.59,85.16 3 2
github.com/livp123/netxfw/internal/api/metrics.go:85.16,86.10 1 2
github.com/livp123/netxfw/internal/api/metrics.go:87.19,88.26 1 0
github.com/livp123/netxfw/internal/api/metrics.go:88.26,91.19 2 0
github.com/livp123/netxfw/internal/api/metrics.go:91.19,93.6 1 0
github.com/livp123/netxfw/internal/api/metrics.go:96.5,97.19 2 0
github.com/livp123/netxfw/internal/api/metrics.go:97.19,98.30 1 0
github.com/livp123/netxfw/internal/api/metrics.go:98.30,101.7 2 0
github.com/livp123/netxfw/internal/api/metrics.go:105.5,106.19 2 0
github.com/livp123/netxfw/internal/api/metrics.go:106.19,107.31 1 0
github.com/livp123/netxfw/internal/api/metrics.go:107.31,110.7 2 0
github.com/livp123/netxfw/internal/api/metrics.go:114.5,114.34 1 0
github.com/livp123/netxfw/internal/api/metrics.go:114.34,116.20 2 0
github.com/livp123/netxfw/internal/api/metrics.go:116.20,118.7 1 0
github.com/livp123/netxfw/internal/api/metrics.go:122.5,122.34 1 0
github.com/livp123/netxfw/internal/api/metrics.go:122.34,131.6 6 0
github.com/livp123/netxfw/internal/api/server.go:23.33,25.2 1 0
github.com/livp123/netxfw/internal/api/server.go:29.29,31.2 1 0
github.com/livp123/netxfw/internal/api/server.go:35.46,41.2 1 16
github.com/livp123/netxfw/internal/api/server.go:45.41,54.16 5 0
github.com/livp123/netxfw/internal/api/server.go:54.16,58.3 3 0
github.com/livp123/netxfw/internal/api/server.go:60.2,61.16 2 0
github.com/livp123/netxfw/internal/api/server.go:61.16,65.3 3 0
github.com/livp123/netxfw/internal/api/server.go:67.2,67.25 1 0
github.com/livp123/netxfw/internal/api/server.go:67.25,77.49 6 0
github.com/livp123/netxfw/internal/api/server.go:77.49,81.4 3 0
github.com/livp123/netxfw/internal/api/server.go:83.3,84.61 2 0
github.com/livp123/netxfw/internal/api/server.go:85.8,87.3 1 0
github.com/livp123/netxfw/internal/api/server.go:89.2,115.26 11 0
github.com/livp123/netxfw/internal/api/server.go:115.26,121.3 5 0
github.com/livp123/netxfw/internal/api/server.go:123.2,123.12 1 0
github.com/livp123/netxfw/internal/core/config.go:15.45,20.54 4 0
github.com/livp123/netxfw/internal/core/config.go:20.54,21.54 1 0
github.com/livp123/netxfw/internal/core/config.go:21.54,23.4 1 0
github.com/livp123/netxfw/internal/core/config.go:24.3,24.60 1 0
github.com/livp123/netxfw/internal/core/config.go:27.2,27.55 1 0
github.com/livp123/netxfw/internal/core/config.go:27.55,32.79 2 0
github.com/livp123/netxfw/internal/core/config.go:32.79,34.4 1 0
github.com/livp123/netxfw/internal/core/config.go:35.3,35.80 1 0
github.com/livp123/netxfw/internal/core/config.go:36.8,38.3 1 0
github.com/livp123/netxfw/internal/core/display.go:21.38,24.16 3 0
github.com/livp123/netxfw/internal/core/display.go:24.16,26.3 1 0
github.com/livp123/netxfw/internal/core/display.go:28.2,29.44 2 0
github.com/livp123/netxfw/internal/core/display.go:29.44,31.3 1 0
github.com/livp123/netxfw/internal/core/display.go:31.8,31.47 1 0
github.com/livp123/netxfw/internal/core/display.go:31.47,33.3 1 0
github.com/livp123/netxfw/internal/core/display.go:33.8,33.51 1 0
github.com/livp123/netxfw/internal/core/display.go:33.51,35.3 1 0
github.com/livp123/netxfw/internal/core/display.go:35.8,35.44 1 0
github.com/livp123/netxfw/internal/core/display.go:35.44,37.3 1 0
github.com/livp123/netxfw/internal/core/display.go:39.2,39.15 1 0
github.com/livp123/netxfw/internal/core/display.go:46.92,48.16 2 0
github.com/livp123/netxfw/internal/core/display.go:48.16,50.3 1 0
github.com/livp123/netxfw/internal/core/display.go:52.2,52.19 1 0
github.com/livp123/netxfw/internal/core/display.go:52.19,55.3 2 0
github.com/livp123/netxfw/internal/core/display.go:57.2,58.18 2 0
github.com/livp123/netxfw/internal/core/display.go:58.18,60.3 1 0
github.com/livp123/netxfw/internal/core/display.go:61.2,63.25 2 0
github.com/livp123/netxfw/internal/core/display.go:63.25,65.3 1 0
github.com/livp123/netxfw/internal/core/display.go:67.2,67.33 1 0
github.com/livp123/netxfw/internal/core/display.go:67.33,69.3 1 0
github.com/livp123/netxfw/internal/core/display.go:70.2,70.12 1 0
github.com/livp123/netxfw/internal/core/display.go:77.91,81.16 3 0
github.com/livp123/netxfw/internal/core/display.go:81.16,83.3 1 0
github.com/livp123/netxfw/internal/core/display.go:85.2,86.16 2 0
github.com/livp123/netxfw/internal/core/display.go:86.16,88.3 1 0
github.com/livp123/netxfw/internal/core/display.go:90.2,90.46 1 0
github.com/livp123/netxfw/internal/core/display.go:90.46,93.3 2 0
github.com/livp123/netxfw/internal/core/display.go:96.2,105.32 3 0
github.com/livp123/netxfw/internal/core/display.go:105.32,106.33 1 0
github.com/livp123/netxfw/internal/core/display.go:106.33,108.4 1 0
github.com/livp123/netxfw/internal/core/display.go:109.3,110.32 2 0
github.com/livp123/netxfw/internal/core/display.go:114.2,114.32 1 0
github.com/livp123/netxfw/internal/core/display.go:114.32,115.33 1 0
github.com/livp123/netxfw/internal/core/display.go:115.33,117.4 1 0
github.com/livp123/netxfw/internal/core/display.go:118.3,119.32 2 0
github.com/livp123/netxfw/internal/core/display.go:123.2,124.24 2 0
github.com/livp123/netxfw/internal/core/display.go:124.24,126.3 1 0
github.com/livp123/netxfw/internal/core/display.go:128.2,128.44 1 0
github.com/livp123/netxfw/internal/core/display.go:128.44,129.23 1 0
github.com/livp123/netxfw/internal/core/display.go:129.23,131.4 1 0
github.com/livp123/netxfw/internal/core/display.go:131.9,131.30 1 0
github.com/livp123/netxfw/internal/core/display.go:131.30,133.4 1 0
github.com/livp123/netxfw/internal/core/display.go:134.3,134.49 1 0
github.com/livp123/netxfw/internal/core/display.go:138.2,141.30 3 0
github.com/livp123/netxfw/internal/core/display.go:141.30,142.17 1 0
github.com/livp123/netxfw/internal/core/display.go:142.17,143.9 1 0
github.com/livp123/netxfw/internal/core/display.go:145.3,145.79 1 0
github.com/livp123/netxfw/internal/core/display.go:148.2,148.12 1 0
github.com/livp123/netxfw/internal/core/display.go:155.66,157.16 2 0
github.com/livp123/netxfw/internal/core/display.go:157.16,159.3 1 0
github.com/livp123/netxfw/internal/core/display.go:161.2,162.23 2 0
github.com/livp123/netxfw/internal/core/display.go:162.23,165.3 2 0
github.com/livp123/netxfw/internal/core/display.go:167.2,172.28 3 0
github.com/livp123/netxfw/internal/core/display.go:172.28,174.22 2 0
github.com/livp123/netxfw/internal/core/display.go:174.22,176.4 1 0
github.com/livp123/netxfw/internal/core/display.go:176.9,176.30 1 0
github.com/livp123/netxfw/internal/core/display.go:176.30,178.4 1 0
github.com/livp123/netxfw/internal/core/display.go:178.9,178.29 1 0
github.com/livp123/netxfw/internal/core/display.go:178.29,180.4 1 0
github.com/livp123/netxfw/internal/core/display.go:180.9,180.30 1 0
github.com/livp123/netxfw/internal/core/display.go:180.30,182.4 1 0
github.com/livp123/netxfw/internal/core/display.go:183.3,183.92 1 0
github.com/livp123/netxfw/internal/core/display.go:185.2,186.12 2 0
github.com/livp123/netxfw/internal/core/display.go:193.94,195.16 2 0
github.com/livp123/netxfw/internal/core/display.go:195.16,197.3 1 0
github.com/livp123/netxfw/internal/core/display.go:199.2,200.16 2 0
github.com/livp123/netxfw/internal/core/display.go:200.16,202.3 1 0
github.com/livp123/netxfw/internal/core/display.go:204.2,205.21 2 0
github.com/livp123/netxfw/internal/core/display.go:205.21,207.3 1 0
github.com/livp123/netxfw/internal/core/display.go:207.8,208.30 1 0
github.com/livp123/netxfw/internal/core/display.go:208.30,210.24 2 0
github.com/livp123/netxfw/internal/core/display.go:210.24,212.5 1 0
github.com/livp123/netxfw/internal/core/display.go:213.4,213.65 1 0
github.com/livp123/netxfw/internal/core/display.go:217.2,217.33 1 0
github.com/livp123/netxfw/internal/core/display.go:217.33,219.3 1 0
github.com/livp123/netxfw/internal/core/display.go:221.2,222.21 2 0
github.com/livp123/netxfw/internal/core/display.go:222.21,224.3 1 0
github.com/livp123/netxfw/internal/core/display.go:224.8,225.30 1 0
github.com/livp123/netxfw/internal/core/display.go:225.30,227.4 1 0
github.com/livp123/netxfw/internal/core/display.go:229.2,229.12 1 0
github.com/livp123/netxfw/internal/core/display.go:236.71,238.16 2 0
github.com/livp123/netxfw/internal/core/display.go:238.16,240.3 1 0
github.com/livp123/netxfw/internal/core/display.go:242.2,243.21 2 0
github.com/livp123/netxfw/internal/core/display.go:243.21,246.3 2 0
github.com/livp123/netxfw/internal/core/display.go:248.2,251.34 3 0
github.com/livp123/netxfw/internal/core/display.go:251.34,253.3 1 0
github.com/livp123/netxfw/internal/core/display.go:254.2,254.12 1 0
github.com/livp123/netxfw/internal/core/display.go:261.63,264.16 3 0
github.com/livp123/netxfw/internal/core/display.go:264.16,267.3 1 0
github.com/livp123/netxfw/internal/core/display.go:269.2,273.16 3 0
github.com/livp123/netxfw/internal/core/display.go:273.16,275.3 1 0
github.com/livp123/netxfw/internal/core/display.go:275.8,280.37 3 0
github.com/livp123/netxfw/internal/core/display.go:280.37,282.44 1 0
github.com/livp123/netxfw/internal/core/display.go:282.44,284.5 1 0
github.com/livp123/netxfw/internal/core/display.go:286.4,293.39 4 0
github.com/livp123/netxfw/internal/core/display.go:293.39,294.14 1 0
github.com/livp123/netxfw/internal/core/display.go:295.12,296.22 1 0
github.com/livp123/netxfw/internal/core/display.go:297.12,298.22 1 0
github.com/livp123/netxfw/internal/core/display.go:299.12,300.23 1 0
github.com/livp123/netxfw/internal/core/display.go:301.12,302.24 1 0
github.com/livp123/netxfw/internal/core/display.go:303.12,304.24 1 0
github.com/livp123/netxfw/internal/core/display.go:305.12,306.25 1 0
github.com/livp123/netxfw/internal/core/display.go:307.12,308.27 1 0
github.com/livp123/netxfw/internal/core/display.go:309.12,310.26 1 0
github.com/livp123/netxfw/internal/core/display.go:311.12,312.20 1 0
github.com/livp123/netxfw/internal/core/display.go:313.12,314.23 1 0
github.com/livp123/netxfw/internal/core/display.go:315.13,316.25 1 0
github.com/livp123/netxfw/internal/core/display.go:317.13,318.24 1 0
github.com/livp123/netxfw/internal/core/display.go:319.13,320.20 1 0
github.com/livp123/netxfw/internal/core/display.go:321.13,322.20 1 0
github.com/livp123/netxfw/internal/core/display.go:323.13,324.42 1 0
github.com/livp123/netxfw/internal/core/display.go:328.4,328.37 1 0
github.com/livp123/netxfw/internal/core/display.go:328.37,329.14 1 0
github.com/livp123/netxfw/internal/core/display.go:330.12,331.18 1 0
github.com/livp123/netxfw/internal/core/display.go:332.13,333.18 1 0
github.com/livp123/netxfw/internal/core/display.go:334.12,335.19 1 0
github.com/livp123/netxfw/internal/core/display.go:336.13,337.33 1 0
github.com/livp123/netxfw/internal/core/display.go:341.4,342.30 2 0
github.com/livp123/netxfw/internal/core/display.go:342.30,343.20 1 0
github.com/livp123/netxfw/internal/core/display.go:343.20,345.11 2 0
github.com/livp123/netxfw/internal/core/display.go:347.5,354.12 2 0
github.com/livp123/netxfw/internal/core/display.go:360.2,361.16 2 0
github.com/livp123/netxfw/internal/core/display.go:361.16,363.3 1 0
github.com/livp123/netxfw/internal/core/display.go:363.8,368.37 3 0
github.com/livp123/netxfw/internal/core/display.go:368.37,370.44 1 0
github.com/livp123/netxfw/internal/core/display.go:370.44,372.5 1 0
github.com/livp123/netxfw/internal/core/display.go:374.4,378.39 4 0
github.com/livp123/netxfw/internal/core/display.go:378.39,379.14 1 0
github.com/livp123/netxfw/internal/core/display.go:380.14,381.22 1 0
github.com/livp123/netxfw/internal/core/display.go:382.14,383.24 1 0
github.com/livp123/netxfw/internal/core/display.go:384.14,385.21 1 0
github.com/livp123/netxfw/internal/core/display.go:386.14,387.24 1 0
github.com/livp123/netxfw/internal/core/display.go:388.14,389.28 1 0
github.com/livp123/netxfw/internal/core/display.go:390.13,391.42 1 0
github.com/livp123/netxfw/internal/core/display.go:395.4,395.37 1 0
github.com/livp123/netxfw/internal/core/display.go:395.37,396.14 1 0
github.com/livp123/netxfw/internal/core/display.go:397.12,398.18 1 0
github.com/livp123/netxfw/internal/core/display.go:399.13,400.18 1 0
github.com/livp123/netxfw/internal/core/display.go:401.12,402.19 1 0
github.com/livp123/netxfw/internal/core/display.go:403.13,404.33 1 0
github.com/livp123/netxfw/internal/core/display.go:408.4,409.30 2 0
github.com/livp123/netxfw/internal/core/display.go:409.30,410.20 1 0
github.com/livp123/netxfw/internal/core/display.go:410.20,412.11 2 0
github.com/livp123/netxfw/internal/core/display.go:414.5,421.12 2 0
github.com/livp123/netxfw/internal/core/display.go:427.2,428.16 2 0
github.com/livp123/netxfw/internal/core/display.go:428.16,430.3 1 0
github.com/livp123/netxfw/internal/core/display.go:433.2,434.16 2 0
github.com/livp123/netxfw/internal/core/display.go:434.16,436.3 1 0
github.com/livp123/netxfw/internal/core/display.go:439.2,440.16 2 0
github.com/livp123/netxfw/internal/core/display.go:440.16,442.3 1 0
github.com/livp123/netxfw/internal/core/display.go:445.2,447.65 3 0
github.com/livp123/netxfw/internal/core/display.go:447.65,449.15 2 0
github.com/livp123/netxfw/internal/core/display.go:449.15,451.4 1 0
github.com/livp123/netxfw/internal/core/display.go:452.3,452.59 1 0
github.com/livp123/netxfw/internal/core/display.go:456.2,457.65 2 0
github.com/livp123/netxfw/internal/core/display.go:457.65,459.15 2 0
github.com/livp123/netxfw/internal/core/display.go:459.15,461.4 1 0
github.com/livp123/netxfw/internal/core/display.go:462.3,462.56 1 0
github.com/livp123/netxfw/internal/core/display.go:466.2,467.65 2 0
github.com/livp123/netxfw/internal/core/display.go:467.65,469.15 2 0
github.com/livp123/netxfw/internal/core/display.go:469.15,471.4 1 0
github.com/livp123/netxfw/internal/core/display.go:472.3,474.15 2 0
github.com/livp123/netxfw/internal/core/display.go:474.15,479.70 4 0
github.com/livp123/netxfw/internal/core/display.go:479.70,480.73 1 0
github.com/livp123/netxfw/internal/core/display.go:480.73,483.6 2 0
github.com/livp123/netxfw/internal/core/display.go:489.2,490.65 2 0
github.com/livp123/netxfw/internal/core/display.go:490.65,492.15 2 0
github.com/livp123/netxfw/internal/core/display.go:492.15,494.4 1 0
github.com/livp123/netxfw/internal/core/display.go:495.3,497.15 2 0
github.com/livp123/netxfw/internal/core/display.go:497.15,500.78 3 0
github.com/livp123/netxfw/internal/core/display.go:500.78,502.5 1 0
github.com/livp123/netxfw/internal/core/display.go:507.2,508.65 2 0
github.com/livp123/netxfw/internal/core/display.go:508.65,510.15 2 0
github.com/livp123/netxfw/internal/core/display.go:510.15,512.4 1 0
github.com/livp123/netxfw/internal/core/display.go:513.3,513.56 1 0
github.com/livp123/netxfw/internal/core/display.go:517.2,520.26 4 0
github.com/livp123/netxfw/internal/core/display.go:520.26,521.43 1 0
github.com/livp123/netxfw/internal/core/display.go:521.43,526.4 4 0
github.com/livp123/netxfw/internal/core/display.go:528.2,528.24 1 0
github.com/livp123/netxfw/internal/core/display.go:528.24,530.3 1 0
github.com/livp123/netxfw/internal/core/display.go:531.2,531.12 1 0
github.com/livp123/netxfw/internal/core/rules.go:19.103,23.10 3 0
github.com/livp123/netxfw/internal/core/rules.go:23.10,27.29 2 0
github.com/livp123/netxfw/internal/core/rules.go:27.29,29.99 2 0
github.com/livp123/netxfw/internal/core/rules.go:29.99,32.5 2 0
github.com/livp123/netxfw/internal/core/rules.go:37.3,42.79 3 0
github.com/livp123/netxfw/internal/core/rules.go:42.79,44.60 1 0
github.com/livp123/netxfw/internal/core/rules.go:44.60,46.5 1 0
github.com/livp123/netxfw/internal/core/rules.go:46.10,50.19 3 0
github.com/livp123/netxfw/internal/core/rules.go:50.19,52.53 2 0
github.com/livp123/netxfw/internal/core/rules.go:52.53,54.64 2 0
github.com/livp123/netxfw/internal/core/rules.go:54.64,56.8 1 0
github.com/livp123/netxfw/internal/core/rules.go:57.7,59.37 2 0
github.com/livp123/netxfw/internal/core/rules.go:59.37,61.8 1 0
github.com/livp123/netxfw/internal/core/rules.go:63.6,64.63 2 0
github.com/livp123/netxfw/internal/core/rules.go:69.3,69.56 1 0
github.com/livp123/netxfw/internal/core/rules.go:69.56,71.4 1 0
github.com/livp123/netxfw/internal/core/rules.go:72.3,76.85 3 0
github.com/livp123/netxfw/internal/core/rules.go:76.85,82.66 4 0
github.com/livp123/netxfw/internal/core/rules.go:82.66,83.36 1 0
github.com/livp123/netxfw/internal/core/rules.go:83.36,84.28 1 0
github.com/livp123/netxfw/internal/core/rules.go:84.28,87.7 2 0
github.com/livp123/netxfw/internal/core/rules.go:92.4,92.29 1 0
github.com/livp123/netxfw/internal/core/rules.go:92.29,94.5 1 0
github.com/livp123/netxfw/internal/core/rules.go:97.4,98.18 2 0
github.com/livp123/netxfw/internal/core/rules.go:98.18,101.5 2 0
github.com/livp123/netxfw/internal/core/rules.go:104.4,104.108 1 0
github.com/livp123/netxfw/internal/core/rules.go:104.108,109.33 2 0
github.com/livp123/netxfw/internal/core/rules.go:109.33,111.6 1 0
github.com/livp123/netxfw/internal/core/rules.go:114.8,119.59 3 0
github.com/livp123/netxfw/internal/core/rules.go:119.59,121.4 1 0
github.com/livp123/netxfw/internal/core/rules.go:122.3,126.54 3 0
github.com/livp123/netxfw/internal/core/rules.go:126.54,128.66 2 0
github.com/livp123/netxfw/internal/core/rules.go:128.66,131.36 3 0
github.com/livp123/netxfw/internal/core/rules.go:131.36,132.50 1 0
github.com/livp123/netxfw/internal/core/rules.go:132.50,134.7 1 0
github.com/livp123/netxfw/internal/core/rules.go:136.5,136.88 1 0
github.com/livp123/netxfw/internal/core/rules.go:141.2,141.12 1 0
github.com/livp123/netxfw/internal/core/rules.go:146.122,151.11 4 0
github.com/livp123/netxfw/internal/core/rules.go:151.11,155.29 2 0
github.com/livp123/netxfw/internal/core/rules.go:155.29,157.99 2 0
github.com/livp123/netxfw/internal/core/rules.go:157.99,160.5 2 0
github.com/livp123/netxfw/internal/core/rules.go:165.3,170.79 3 0
github.com/livp123/netxfw/internal/core/rules.go:170.79,171.60 1 0
github.com/livp123/netxfw/internal/core/rules.go:171.60,173.5 1 0
github.com/livp123/netxfw/internal/core/rules.go:173.10,175.5 1 0
github.com/livp123/netxfw/internal/core/rules.go:178.3,178.62 1 0
github.com/livp123/netxfw/internal/core/rules.go:178.62,180.4 1 0
github.com/livp123/netxfw/internal/core/rules.go:181.3,181.15 1 0
github.com/livp123/netxfw/internal/core/rules.go:181.15,183.4 1 0
github.com/livp123/netxfw/internal/core/rules.go:183.9,185.4 1 0
github.com/livp123/netxfw/internal/core/rules.go:190.3,191.17 2 0
github.com/livp123/netxfw/internal/core/rules.go:191.17,193.16 2 0
github.com/livp123/netxfw/internal/core/rules.go:193.16,195.5 1 0
github.com/livp123/netxfw/internal/core/rules.go:196.4,197.48 2 0
github.com/livp123/netxfw/internal/core/rules.go:197.48,198.20 1 0
github.com/livp123/netxfw/internal/core/rules.go:198.20,200.11 2 0
github.com/livp123/netxfw/internal/core/rules.go:203.4,203.14 1 0
github.com/livp123/netxfw/internal/core/rules.go:203.14,215.49 7 0
github.com/livp123/netxfw/internal/core/rules.go:215.49,217.6 1 0
github.com/livp123/netxfw/internal/core/rules.go:219.5,219.43 1 0
github.com/livp123/netxfw/internal/core/rules.go:219.43,220.27 1 0
github.com/livp123/netxfw/internal/core/rules.go:220.27,223.67 2 0
github.com/livp123/netxfw/internal/core/rules.go:223.67,225.8 1 0
github.com/livp123/netxfw/internal/core/rules.go:227.7,227.68 1 0
github.com/livp123/netxfw/internal/core/rules.go:227.69,229.8 0 0
github.com/livp123/netxfw/internal/core/rules.go:229.13,231.8 1 0
github.com/livp123/netxfw/internal/core/rules.go:236.5,236.55 1 0
github.com/livp123/netxfw/internal/core/rules.go:236.55,239.66 3 0
github.com/livp123/netxfw/internal/core/rules.go:239.66,242.7 2 0
github.com/livp123/netxfw/internal/core/rules.go:243.6,243.49 1 0
github.com/livp123/netxfw/internal/core/rules.go:247.8,252.59 3 0
github.com/livp123/netxfw/internal/core/rules.go:252.59,254.4 1 0
github.com/livp123/netxfw/internal/core/rules.go:255.3,258.17 3 0
github.com/livp123/netxfw/internal/core/rules.go:258.17,261.48 3 0
github.com/livp123/netxfw/internal/core/rules.go:261.48,265.19 4 0
github.com/livp123/netxfw/internal/core/rules.go:265.19,269.6 2 0
github.com/livp123/netxfw/internal/core/rules.go:269.11,273.6 2 0
github.com/livp123/netxfw/internal/core/rules.go:275.5,275.68 1 0
github.com/livp123/netxfw/internal/core/rules.go:275.68,276.14 1 0
github.com/livp123/netxfw/internal/core/rules.go:278.5,278.44 1 0
github.com/livp123/netxfw/internal/core/rules.go:280.4,281.49 2 0
github.com/livp123/netxfw/internal/core/rules.go:284.2,284.12 1 0
github.com/livp123/netxfw/internal/core/rules.go:289.81,291.54 2 2
github.com/livp123/netxfw/internal/core/rules.go:291.54,293.3 1 0
github.com/livp123/netxfw/internal/core/rules.go:295.2,298.16 4 2
github.com/livp123/netxfw/internal/core/rules.go:298.16,301.3 2 2
github.com/livp123/netxfw/internal/core/rules.go:302.2,305.12 3 2
github.com/livp123/netxfw/internal/core/rules.go:310.81,312.54 2 2
github.com/livp123/netxfw/internal/core/rules.go:312.54,314.3 1 0
github.com/livp123/netxfw/internal/core/rules.go:316.2,319.16 4 2
github.com/livp123/netxfw/internal/core/rules.go:319.16,322.3 2 2
github.com/livp123/netxfw/internal/core/rules.go:323.2,326.12 3 2
github.com/livp123/netxfw/internal/core/rules.go:331.85,333.58 2 2
github.com/livp123/netxfw/internal/core/rules.go:333.58,335.3 1 0
github.com/livp123/netxfw/internal/core/rules.go:337.2,340.16 4 2
github.com/livp123/netxfw/internal/core/rules.go:340.16,343.3 2 2
github.com/livp123/netxfw/internal/core/rules.go:344.2,347.12 3 2
github.com/livp123/netxfw/internal/core/rules.go:352.83,354.56 2 2
github.com/livp123/netxfw/internal/core/rules.go:354.56,356.3 1 0
github.com/livp123/netxfw/internal/core/rules.go:358.2,361.16 4 2
github.com/livp123/netxfw/internal/core/rules.go:361.16,364.3 2 2
github.com/livp123/netxfw/internal/core/rules.go:365.2,368.12 3 2
github.com/livp123/netxfw/internal/core/rules.go:373.79,375.52 2 2
github.com/livp123/netxfw/internal/core/rules.go:375.52,377.3 1 0
github.com/livp123/netxfw/internal/core/rules.go:379.2,382.16 4 2
github.com/livp123/netxfw/internal/core/rules.go:382.16,385.3 2 2
github.com/livp123/netxfw/internal/core/rules.go:386.2,389.12 3 2
github.com/livp123/netxfw/internal/core/rules.go:394.78,396.51 2 2
github.com/livp123/netxfw/internal/core/rules.go:396.51,398.3 1 0
github.com/livp123/netxfw/internal/core/rules.go:400.2,403.16 4 2
github.com/livp123/netxfw/internal/core/rules.go:403.16,406.3 2 2
github.com/livp123/netxfw/internal/core/rules.go:407.2,410.12 3 2
github.com/livp123/netxfw/internal/core/rules.go:415.81,417.54 2 2
github.com/livp123/netxfw/internal/core/rules.go:417.54,419.3 1 0
github.com/livp123/netxfw/internal/core/rules.go:421.2,424.16 4 2
github.com/livp123/netxfw/internal/core/rules.go:424.16,427.3 2 2
github.com/livp123/netxfw/internal/core/rules.go:428.2,431.12 3 2
github.com/livp123/netxfw/internal/core/rules.go:436.91,441.16 4 3
github.com/livp123/netxfw/internal/core/rules.go:441.16,443.3 1 0
github.com/livp123/netxfw/internal/core/rules.go:445.2,445.28 1 3
github.com/livp123/netxfw/internal/core/rules.go:445.28,447.3 1 3
github.com/livp123/netxfw/internal/core/rules.go:450.2,451.18 2 3
github.com/livp123/netxfw/internal/core/rules.go:451.18,453.32 2 0
github.com/livp123/netxfw/internal/core/rules.go:453.32,455.4 1 0
github.com/livp123/netxfw/internal/core/rules.go:457.2,457.12 1 3
github.com/livp123/netxfw/internal/core/rules_extra.go:23.118,27.9 3 0
github.com/livp123/netxfw/internal/core/rules_extra.go:27.9,28.66 1 0
github.com/livp123/netxfw/internal/core/rules_extra.go:28.66,30.4 1 0
github.com/livp123/netxfw/internal/core/rules_extra.go:31.3,31.82 1 0
github.com/livp123/netxfw/internal/core/rules_extra.go:32.8,33.61 1 0
github.com/livp123/netxfw/internal/core/rules_extra.go:33.61,35.4 1 0
github.com/livp123/netxfw/internal/core/rules_extra.go:35.9,37.4 1 0
github.com/livp123/netxfw/internal/core/rules_extra.go:41.2,44.16 4 0
github.com/livp123/netxfw/internal/core/rules_extra.go:44.16,49.48 4 0
github.com/livp123/netxfw/internal/core/rules_extra.go:49.48,52.48 2 0
github.com/livp123/netxfw/internal/core/rules_extra.go:52.48,53.12 1 0
[...]
github.com/livp123/netxfw/internal/xdp/xdp_rules.go:38.23,39.66 1 0
github.com/livp123/netxfw/internal/xdp/xdp_rules.go:39.66,41.4 1 0
github.com/livp123/netxfw/internal/xdp/xdp_rules.go:41.9,43.4 1 0
github.com/livp123/netxfw/internal/xdp/xdp_rules.go:46.2,47.12 2 0
github.com/livp123/netxfw/internal/xdp/xdp_rules.go:52.64,55.53 2 0
github.com/livp123/netxfw/internal/xdp/xdp_rules.go:55.53,57.3 1 0
github.com/livp123/netxfw/internal/xdp/xdp_rules.go:58.2,58.12 1 0
github.com/livp123/netxfw/internal/xdp/xdp_rules.go:63.57,66.48 2 0
github.com/livp123/netxfw/internal/xdp/xdp_rules.go:66.48,68.3 1 0
github.com/livp123/netxfw/internal/xdp/xdp_rules.go:69.2,69.12 1 0
github.com/livp123/netxfw/internal/xdp/xdp_rules.go:74.64,79.2 3 0
github.com/livp123/netxfw/internal/xdp/xdp_rules.go:83.71,85.16 2 0
github.com/livp123/netxfw/internal/xdp/xdp_rules.go:85.16,87.3 1 0
github.com/livp123/netxfw/internal/xdp/xdp_rules.go:89.2,90.13 2 0
github.com/livp123/netxfw/internal/xdp/xdp_rules.go:90.13,92.3 1 0
github.com/livp123/netxfw/internal/xdp/xdp_rules.go:94.2,94.14 1 0
github.com/livp123/netxfw/internal/xdp/xdp_rules.go:94.14,96.20 2 0
github.com/livp123/netxfw/internal/xdp/xdp_rules.go:96.20,98.4 1 0
github.com/livp123/netxfw/internal/xdp/xdp_rules.go:101.3,112.67 7 0
github.com/livp123/netxfw/internal/xdp/xdp_rules.go:112.67,114.4 1 0
github.com/livp123/netxfw/internal/xdp/xdp_rules.go:115.8,115.21 1 0
github.com/livp123/netxfw/internal/xdp/xdp_rules.go:115.21,117.20 2 0
github.com/livp123/netxfw/internal/xdp/xdp_rules.go:117.20,119.4 1 0
github.com/livp123/netxfw/internal/xdp/xdp_rules.go:121.3,130.67 5 0
github.com/livp123/netxfw/internal/xdp/xdp_rules.go:130.67,132.4 1 0
github.com/livp123/netxfw/internal/xdp/xdp_rules.go:135.2,136.12 2 0
github.com/livp123/netxfw/internal/xdp/xdp_rules.go:143.116,153.39 5 0
github.com/livp123/netxfw/internal/xdp/xdp_rules.go:153.39,159.3 4 0
github.com/livp123/netxfw/internal/xdp/xdp_rules.go:159.8,163.3 2 0
github.com/livp123/netxfw/internal/xdp/xdp_rules.go:165.2,165.50 1 0
github.com/livp123/netxfw/internal/xdp/xdp_rules.go:172.95,174.16 2 0
github.com/livp123/netxfw/internal/xdp/xdp_rules.go:174.16,176.3 1 0
github.com/livp123/netxfw/internal/xdp/xdp_rules.go:177.2,177.61 1 0
github.com/livp123/netxfw/internal/xdp/xdp_rules.go:186.106,188.2 1 0
github.com/livp123/netxfw/internal/xdp/xdp_rules.go:194.85,200.39 4 0
github.com/livp123/netxfw/internal/xdp/xdp_rules.go:200.39,206.3 4 0
github.com/livp123/netxfw/internal/xdp/xdp_rules.go:206.8,210.3 2 0
github.com/livp123/netxfw/internal/xdp/xdp_rules.go:212.2,212.28 1 0
github.com/livp123/netxfw/internal/xdp/xdp_rules.go:219.86,221.16 2 0
github.com/livp123/netxfw/internal/xdp/xdp_rules.go:221.16,223.3 1 0
github.com/livp123/netxfw/internal/xdp/xdp_rules.go:224.2,224.53 1 0
github.com/livp123/netxfw/internal/xdp/xdp_rules.go:231.73,233.2 1 0
github.com/livp123/netxfw/internal/xdp/xdp_rules.go:239.80,243.16 2 0
github.com/livp123/netxfw/internal/xdp/xdp_rules.go:243.16,245.3 1 0
github.com/livp123/netxfw/internal/xdp/xdp_rules.go:246.2,251.30 3 0
github.com/livp123/netxfw/internal/xdp/xdp_rules.go:251.30,253.3 1 0
github.com/livp123/netxfw/internal/xdp/xdp_rules.go:256.2,256.51 1 0
github.com/livp123/netxfw/internal/xdp/xdp_rules.go:263.70,265.2 1 0
github.com/livp123/netxfw/internal/xdp/xdp_rules.go:270.61,272.2 1 0
github.com/livp123/netxfw/internal/xdp/xdp_rules.go:278.49,280.2 1 0
github.com/livp123/netxfw/internal/xdp/xdp_rules.go:284.100,286.19 2 0
github.com/livp123/netxfw/internal/xdp/xdp_rules.go:286.19,288.3 1 0
github.com/livp123/netxfw/internal/xdp/xdp_rules.go:290.2,296.28 5 0
github.com/livp123/netxfw/internal/xdp/xdp_rules.go:296.28,302.19 4 0
github.com/livp123/netxfw/internal/xdp/xdp_rules.go:302.19,305.27 3 0
github.com/livp123/netxfw/internal/xdp/xdp_rules.go:305.27,307.5 1 0
github.com/livp123/netxfw/internal/xdp/xdp_rules.go:308.9,312.4 3 0
github.com/livp123/netxfw/internal/xdp/xdp_rules.go:314.3,316.57 2 0
github.com/livp123/netxfw/internal/xdp/xdp_rules.go:316.57,317.12 1 0
github.com/livp123/netxfw/internal/xdp/xdp_rules.go:320.3,321.39 2 0
github.com/livp123/netxfw/internal/xdp/xdp_rules.go:321.39,322.12 1 0
github.com/livp123/netxfw/internal/xdp/xdp_rules.go:325.3,329.5 1 0
github.com/livp123/netxfw/internal/xdp/xdp_rules.go:331.2,331.33 1 0
github.com/livp123/netxfw/internal/xdp/xdp_rules.go:338.106,341.16 3 0
github.com/livp123/netxfw/internal/xdp/xdp_rules.go:341.16,343.3 1 0
github.com/livp123/netxfw/internal/xdp/xdp_rules.go:345.2,345.31 1 0
github.com/livp123/netxfw/internal/xdp/xdp_rules.go:345.31,348.20 3 0
github.com/livp123/netxfw/internal/xdp/xdp_rules.go:348.20,350.4 1 0
github.com/livp123/netxfw/internal/xdp/xdp_rules.go:351.3,351.25 1 0
github.com/livp123/netxfw/internal/xdp/xdp_rules.go:353.2,353.29 1 0
github.com/livp123/netxfw/internal/xdp/xdp_rules.go:359.66,365.16 4 0
github.com/livp123/netxfw/internal/xdp/xdp_rules.go:365.16,367.3 1 0
github.com/livp123/netxfw/internal/xdp/xdp_rules.go:373.2,377.29 4 0
github.com/livp123/netxfw/internal/xdp/xdp_rules.go:377.29,379.3 1 0
github.com/livp123/netxfw/internal/xdp/xdp_rules.go:380.2,380.35 1 0
github.com/livp123/netxfw/internal/xdp/xdp_rules.go:380.35,383.3 1 0
github.com/livp123/netxfw/internal/xdp/xdp_rules.go:384.2,384.19 1 0
github.com/livp123/netxfw/internal/xdp/xdp_rules.go:391.56,393.2 1 0
github.com/livp123/netxfw/internal/xdp/xdp_rules.go:398.93,403.16 4 0
github.com/livp123/netxfw/internal/xdp/xdp_rules.go:403.16,409.3 4 0
github.com/livp123/netxfw/internal/xdp/xdp_rules.go:409.8,412.17 2 0
github.com/livp123/netxfw/internal/xdp/xdp_rules.go:412.17,414.4 1 0
github.com/livp123/netxfw/internal/xdp/xdp_rules.go:415.3,416.38 2 0
github.com/livp123/netxfw/internal/xdp/xdp_rules.go:419.2,423.53 2 0
github.com/livp123/netxfw/internal/xdp/xdp_rules.go:429.94,431.16 2 0
github.com/livp123/netxfw/internal/xdp/xdp_rules.go:431.16,433.3 1 0
github.com/livp123/netxfw/internal/xdp/xdp_rules.go:434.2,434.61 1 0
github.com/livp123/netxfw/internal/xdp/xdp_rules.go:441.80,443.2 1 0
github.com/livp123/netxfw/internal/xdp/xdp_rules.go:448.89,453.16 4 0
github.com/livp123/netxfw/internal/xdp/xdp_rules.go:453.16,461.22 5 0
github.com/livp123/netxfw/internal/xdp/xdp_rules.go:461.22,467.4 5 0
github.com/livp123/netxfw/internal/xdp/xdp_rules.go:469.8,472.17 2 0
github.com/livp123/netxfw/internal/xdp/xdp_rules.go:472.17,474.4 1 0
github.com/livp123/netxfw/internal/xdp/xdp_rules.go:475.3,479.22 3 0
github.com/livp123/netxfw/internal/xdp/xdp_rules.go:479.22,483.4 3 0
github.com/livp123/netxfw/internal/xdp/xdp_rules.go:486.2,486.31 1 0
github.com/livp123/netxfw/internal/xdp/xdp_rules.go:492.90,494.16 2 0
github.com/livp123/netxfw/internal/xdp/xdp_rules.go:494.16,496.3 1 0
github.com/livp123/netxfw/internal/xdp/xdp_rules.go:497.2,497.64 1 0
github.com/livp123/netxfw/internal/xdp/xdp_rules.go:504.63,506.2 1 0
github.com/livp123/netxfw/internal/xdp/xdp_rules.go:511.115,515.19 3 0
github.com/livp123/netxfw/internal/xdp/xdp_rules.go:515.19,517.3 1 0
github.com/livp123/netxfw/internal/xdp/xdp_rules.go:519.2,523.28 4 0
github.com/livp123/netxfw/internal/xdp/xdp_rules.go:523.28,529.19 4 0
github.com/livp123/netxfw/internal/xdp/xdp_rules.go:529.19,533.4 3 0
github.com/livp123/netxfw/internal/xdp/xdp_rules.go:533.9,537.4 3 0
github.com/livp123/netxfw/internal/xdp/xdp_rules.go:539.3,541.57 2 0
github.com/livp123/netxfw/internal/xdp/xdp_rules.go:541.57,542.12 1 0
github.com/livp123/netxfw/internal/xdp/xdp_rules.go:545.3,546.39 2 0
github.com/livp123/netxfw/internal/xdp/xdp_rules.go:546.39,547.12 1 0
github.com/livp123/netxfw/internal/xdp/xdp_rules.go:550.3,553.4 1 0
github.com/livp123/netxfw/internal/xdp/xdp_rules.go:556.2,556.26 1 0
github.com/livp123/netxfw/internal/xdp/xdp_rules.go:563.103,565.2 1 0
github.com/livp123/netxfw/internal/xdp/xdp_rules.go:570.37,574.2 1 0
github.com/livp123/netxfw/internal/xdp/xdp_rules.go:577.77,581.29 4 0
github.com/livp123/netxfw/internal/xdp/xdp_rules.go:581.29,583.3 1 0
github.com/livp123/netxfw/internal/xdp/xdp_rules.go:584.2,584.25 1 0
github.com/livp123/netxfw/internal/xdp/xdp_rules.go:590.43,591.14 1 0
github.com/livp123/netxfw/internal/xdp/xdp_rules.go:591.14,593.3 1 0
github.com/livp123/netxfw/internal/xdp/xdp_rules.go:594.2,596.16 3 0
github.com/livp123/netxfw/internal/xdp/xdp_rules.go:596.16,598.3 1 0
github.com/livp123/netxfw/internal/xdp/xdp_rules.go:599.2,599.25 1 0
github.com/livp123/netxfw/internal/xdp/xdp_rules.go:599.25,601.3 1 0
github.com/livp123/netxfw/internal/xdp/xdp_rules.go:602.2,602.12 1 0
github.com/livp123/netxfw/internal/xdp/xdp_rules.go:608.43,609.14 1 0
github.com/livp123/netxfw/internal/xdp/xdp_rules.go:609.14,611.3 1 0
github.com/livp123/netxfw/internal/xdp/xdp_rules.go:612.2,614.16 3 0
github.com/livp123/netxfw/internal/xdp/xdp_rules.go:614.16,616.3 1 0
github.com/livp123/netxfw/internal/xdp/xdp_rules.go:617.2,617.25 1 0
github.com/livp123/netxfw/internal/xdp/xdp_rules.go:617.25,619.3 1 0
github.com/livp123/netxfw/internal/xdp/xdp_rules.go:620.2,620.12 1 0
github.com/livp123/netxfw/internal/xdp/xdp_rules.go:626.40,627.14 1 0
github.com/livp123/netxfw/internal/xdp/xdp_rules.go:627.14,629.3 1 0
github.com/livp123/netxfw/internal/xdp/xdp_rules.go:630.2,634.28 5 0
github.com/livp123/netxfw/internal/xdp/xdp_rules.go:634.28,636.3 1 0
github.com/livp123/netxfw/internal/xdp/xdp_rules.go:637.2,637.35 1 0
github.com/livp123/netxfw/internal/xdp/xdp_rules.go:637.35,639.3 1 0
github.com/livp123/netxfw/internal/xdp/xdp_rules.go:641.2,641.25 1 0
github.com/livp123/netxfw/internal/xdp/xdp_rules.go:641.25,643.3 1 0
github.com/livp123/netxfw/internal/xdp/xdp_rules.go:644.2,644.12 1 0
github.com/livp123/netxfw/internal/xdp/xdp_rules.go:650.38,651.14 1 0
github.com/livp123/netxfw/internal/xdp/xdp_rules.go:651.14,653.3 1 0
github.com/livp123/netxfw/internal/xdp/xdp_rules.go:654.2,661.28 6 0
github.com/livp123/netxfw/internal/xdp/xdp_rules.go:661.28,663.3 1 0
github.com/livp123/netxfw/internal/xdp/xdp_rules.go:664.2,664.35 1 0
github.com/livp123/netxfw/internal/xdp/xdp_rules.go:664.35,666.3 1 0
github.com/livp123/netxfw/internal/xdp/xdp_rules.go:668.2,668.25 1 0
github.com/livp123/netxfw/internal/xdp/xdp_rules.go:668.25,670.3 1 0
github.com/livp123/netxfw/internal/xdp/xdp_rules.go:671.2,671.12 1 0
github.com/livp123/netxfw/internal/xdp/xdp_stats.go:19.67,20.30 1 0
github.com/livp123/netxfw/internal/xdp/xdp_stats.go:20.30,22.3 1 0
github.com/livp123/netxfw/internal/xdp/xdp_stats.go:23.2,23.49 1 0
github.com/livp123/netxfw/internal/xdp/xdp_stats.go:30.72,36.31 5 0
github.com/livp123/netxfw/internal/xdp/xdp_stats.go:36.31,38.28 2 0
github.com/livp123/netxfw/internal/xdp/xdp_stats.go:38.28,40.4 1 0
github.com/livp123/netxfw/internal/xdp/xdp_stats.go:42.3,42.21 1 0
github.com/livp123/netxfw/internal/xdp/xdp_stats.go:42.21,45.20 3 0
github.com/livp123/netxfw/internal/xdp/xdp_stats.go:45.20,47.5 1 0
github.com/livp123/netxfw/internal/xdp/xdp_stats.go:47.10,49.5 1 0
github.com/livp123/netxfw/internal/xdp/xdp_stats.go:51.4,57.6 1 0
github.com/livp123/netxfw/internal/xdp/xdp_stats.go:60.2,60.35 1 0
github.com/livp123/netxfw/internal/xdp/xdp_stats.go:60.35,62.3 1 0
github.com/livp123/netxfw/internal/xdp/xdp_stats.go:64.2,64.21 1 0
github.com/livp123/netxfw/internal/xdp/xdp_stats.go:71.67,72.30 1 0
github.com/livp123/netxfw/internal/xdp/xdp_stats.go:72.30,74.3 1 0
github.com/livp123/netxfw/internal/xdp/xdp_stats.go:75.2,75.49 1 0
github.com/livp123/netxfw/internal/xdp/xdp_stats.go:82.72,88.31 5 0
github.com/livp123/netxfw/internal/xdp/xdp_stats.go:88.31,90.28 2 0
github.com/livp123/netxfw/internal/xdp/xdp_stats.go:90.28,92.4 1 0
github.com/livp123/netxfw/internal/xdp/xdp_stats.go:94.3,94.21 1 0
github.com/livp123/netxfw/internal/xdp/xdp_stats.go:94.21,97.20 3 0
github.com/livp123/netxfw/internal/xdp/xdp_stats.go:97.20,99.5 1 0
github.com/livp123/netxfw/internal/xdp/xdp_stats.go:99.10,101.5 1 0
github.com/livp123/netxfw/internal/xdp/xdp_stats.go:103.4,109.6 1 0
github.com/livp123/netxfw/internal/xdp/xdp_stats.go:112.2,112.35 1 0
github.com/livp123/netxfw/internal/xdp/xdp_stats.go:112.35,114.3 1 0
github.com/livp123/netxfw/internal/xdp/xdp_stats.go:116.2,116.21 1 0
github.com/livp123/netxfw/internal/xdp/xdp_stats.go:123.47,129.60 4 0
github.com/livp123/netxfw/internal/xdp/xdp_stats.go:129.60,130.30 1 0
github.com/livp123/netxfw/internal/xdp/xdp_stats.go:130.30,132.4 1 0
github.com/livp123/netxfw/internal/xdp/xdp_stats.go:136.2,137.60 2 0
github.com/livp123/netxfw/internal/xdp/xdp_stats.go:137.60,138.30 1 0
github.com/livp123/netxfw/internal/xdp/xdp_stats.go:138.30,140.4 1 0
github.com/livp123/netxfw/internal/xdp/xdp_stats.go:143.2,143.29 1 0
github.com/livp123/netxfw/internal/xdp/xdp_stats.go:149.44,150.14 1 0
github.com/livp123/netxfw/internal/xdp/xdp_stats.go:150.14,152.3 1 0
github.com/livp123/netxfw/internal/xdp/xdp_stats.go:153.2,158.28 5 0
github.com/livp123/netxfw/internal/xdp/xdp_stats.go:158.28,160.3 1 0
github.com/livp123/netxfw/internal/xdp/xdp_stats.go:161.2,161.26 1 0
github.com/livp123/netxfw/internal/xdp/xdp_stats.go:167.58,168.14 1 0
github.com/livp123/netxfw/internal/xdp/xdp_stats.go:168.14,170.3 1 0
github.com/livp123/netxfw/internal/xdp/xdp_stats.go:171.2,173.48 3 0
github.com/livp123/netxfw/internal/xdp/xdp_stats.go:173.48,175.3 1 0
github.com/livp123/netxfw/internal/xdp/xdp_stats.go:176.2,177.27 2 0
github.com/livp123/netxfw/internal/xdp/xdp_stats.go:177.27,179.3 1 0
github.com/livp123/netxfw/internal/xdp/xdp_stats.go:180.2,180.19 1 0
github.com/livp123/netxfw/internal/xdp/xdp_stats.go:187.50,189.2 1 0
github.com/livp123/netxfw/internal/xdp/xdp_stats.go:195.50,197.2 1 0
github.com/livp123/netxfw/internal/xdp/xdp_stats.go:203.54,207.2 2 0
github.com/livp123/netxfw/internal/xdp/xdp_stats.go:213.55,216.2 2 0
github.com/livp123/netxfw/internal/xdp/xdp_stats.go:222.55,225.2 2 0
github.com/livp123/netxfw/internal/xdp/xdp_stats.go:231.68,232.27 1 0
github.com/livp123/netxfw/internal/xdp/xdp_stats.go:232.27,234.3 1 0
github.com/livp123/netxfw/internal/xdp/xdp_stats.go:235.2,235.52 1 0
github.com/livp123/netxfw/internal/xdp/xdp_stats.go:242.73,249.28 5 0
github.com/livp123/netxfw/internal/xdp/xdp_stats.go:249.28,253.79 2 0
github.com/livp123/netxfw/internal/xdp/xdp_stats.go:253.79,255.4 1 0
github.com/livp123/netxfw/internal/xdp/xdp_stats.go:255.9,257.4 1 0
github.com/livp123/netxfw/internal/xdp/xdp_stats.go:259.3,259.79 1 0
github.com/livp123/netxfw/internal/xdp/xdp_stats.go:259.79,261.4 1 0
github.com/livp123/netxfw/internal/xdp/xdp_stats.go:261.9,263.4 1 0
github.com/livp123/netxfw/internal/xdp/xdp_stats.go:265.3,273.35 2 0
github.com/livp123/netxfw/internal/xdp/xdp_stats.go:275.2,275.35 1 0
github.com/livp123/netxfw/internal/xdp/xdp_stats.go:275.35,277.3 1 0
github.com/livp123/netxfw/internal/xdp/xdp_stats.go:279.2,279.21 1 0
github.com/livp123/netxfw/internal/xdp/xdp_types.go:83.40,85.2 1 0
github.com/livp123/netxfw/internal/xdp/xdp_types.go:87.43,89.2 1 0
github.com/livp123/netxfw/internal/xdp/xdp_types.go:91.41,93.2 1 0
github.com/livp123/netxfw/internal/xdp/xdp_types.go:95.43,97.2 1 0
github.com/livp123/netxfw/internal/xdp/xdp_types.go:99.44,101.2 1 0
github.com/livp123/netxfw/internal/xdp/xdp_types.go:103.47,105.2 1 0
github.com/livp123/netxfw/internal/xdp/xdp_types.go:107.44,109.2 1 0
github.com/livp123/netxfw/internal/xdp/xdp_types.go:111.44,113.2 1 0
github.com/livp123/netxfw/internal/xdp/xdp_utils.go:12.32,16.2 3 7
github.com/livp123/netxfw/internal/xdp/xdp_utils.go:24.40,25.14 1 5
github.com/livp123/netxfw/internal/xdp/xdp_utils.go:25.14,27.3 1 2
github.com/livp123/netxfw/internal/xdp/xdp_utils.go:30.2,30.77 1 3
github.com/livp123/netxfw/pkg/sdk/blacklist.go:42.48,43.51 1 6
github.com/livp123/netxfw/pkg/sdk/blacklist.go:43.51,45.3 1 0
github.com/livp123/netxfw/pkg/sdk/blacklist.go:46.2,46.23 1 6
github.com/livp123/netxfw/pkg/sdk/blacklist.go:46.23,48.3 1 6
github.com/livp123/netxfw/pkg/sdk/blacklist.go:49.2,49.12 1 6
github.com/livp123/netxfw/pkg/sdk/blacklist.go:52.84,53.68 1 1
github.com/livp123/netxfw/pkg/sdk/blacklist.go:53.68,55.3 1 0
github.com/livp123/netxfw/pkg/sdk/blacklist.go:56.2,56.23 1 1
github.com/livp123/netxfw/pkg/sdk/blacklist.go:56.23,58.3 1 1
github.com/livp123/netxfw/pkg/sdk/blacklist.go:59.2,59.12 1 1
github.com/livp123/netxfw/pkg/sdk/blacklist.go:62.69,63.65 1 1
github.com/livp123/netxfw/pkg/sdk/blacklist.go:63.65,65.3 1 0
github.com/livp123/netxfw/pkg/sdk/blacklist.go:66.2,66.23 1 1
github.com/livp123/netxfw/pkg/sdk/blacklist.go:66.23,68.3 1 1
github.com/livp123/netxfw/pkg/sdk/blacklist.go:69.2,69.12 1 1
github.com/livp123/netxfw/pkg/sdk/blacklist.go:72.51,74.2 1 1
github.com/livp123/netxfw/pkg/sdk/blacklist.go:76.39,78.2 1 1
github.com/livp123/netxfw/pkg/sdk/blacklist.go:80.59,82.2 1 2
github.com/livp123/netxfw/pkg/sdk/blacklist.go:84.82,86.2 1 1
github.com/livp123/netxfw/pkg/sdk/conntrack.go:19.58,21.2 1 1
github.com/livp123/netxfw/pkg/sdk/conntrack.go:23.46,25.2 1 1
github.com/livp123/netxfw/pkg/sdk/eventbus.go:27.78,34.2 1 11
github.com/livp123/netxfw/pkg/sdk/eventbus.go:56.37,60.2 1 20
github.com/livp123/netxfw/pkg/sdk/eventbus.go:63.80,67.2 3 3
github.com/livp123/netxfw/pkg/sdk/eventbus.go:70.83,72.2 0 0
github.com/livp123/netxfw/pkg/sdk/eventbus.go:75.48,79.48 3 10
github.com/livp123/netxfw/pkg/sdk/eventbus.go:79.48,80.36 1 2
github.com/livp123/netxfw/pkg/sdk/eventbus.go:80.36,83.4 1 3
github.com/livp123/netxfw/pkg/sdk/rule.go:59.70,61.2 1 1
github.com/livp123/netxfw/pkg/sdk/rule.go:63.59,65.2 1 1
github.com/livp123/netxfw/pkg/sdk/rule.go:67.34,69.2 1 1
github.com/livp123/netxfw/pkg/sdk/rule.go:71.91,73.2 1 0
github.com/livp123/netxfw/pkg/sdk/rule.go:75.80,77.2 1 0
github.com/livp123/netxfw/pkg/sdk/rule.go:79.69,81.2 1 0
github.com/livp123/netxfw/pkg/sdk/rule.go:83.89,85.2 1 0
github.com/livp123/netxfw/pkg/sdk/rule.go:87.49,89.2 1 1
github.com/livp123/netxfw/pkg/sdk/rule.go:91.57,93.2 1 1
github.com/livp123/netxfw/pkg/sdk/rule.go:95.74,97.2 1 1
github.com/livp123/netxfw/pkg/sdk/rule.go:99.57,101.2 1 1
github.com/livp123/netxfw/pkg/sdk/rule.go:103.104,105.2 1 0
github.com/livp123/netxfw/pkg/sdk/sdk.go:33.58,35.2 1 101
github.com/livp123/netxfw/pkg/sdk/sdk.go:37.59,39.2 1 3
github.com/livp123/netxfw/pkg/sdk/sdk.go:41.42,43.2 1 1
github.com/livp123/netxfw/pkg/sdk/sdk.go:47.40,61.2 2 18
github.com/livp123/netxfw/pkg/sdk/sdk.go:67.45,69.2 1 1
github.com/livp123/netxfw/pkg/sdk/security.go:24.58,26.2 1 1
github.com/livp123/netxfw/pkg/sdk/security.go:28.58,30.2 1 1
github.com/livp123/netxfw/pkg/sdk/security.go:32.60,34.2 1 0
github.com/livp123/netxfw/pkg/sdk/security.go:36.56,38.2 1 0
github.com/livp123/netxfw/pkg/sdk/security.go:40.55,42.2 1 0
github.com/livp123/netxfw/pkg/sdk/security.go:44.56,46.2 1 1
github.com/livp123/netxfw/pkg/sdk/security.go:48.73,50.2 1 1
github.com/livp123/netxfw/pkg/sdk/security.go:52.58,54.2 1 0
github.com/livp123/netxfw/pkg/sdk/security.go:56.56,58.2 1 1
github.com/livp123/netxfw/pkg/sdk/security.go:60.73,62.2 1 1
github.com/livp123/netxfw/pkg/sdk/stats.go:27.59,29.16 2 1
github.com/livp123/netxfw/pkg/sdk/stats.go:29.16,31.3 1 0
github.com/livp123/netxfw/pkg/sdk/stats.go:32.2,33.16 2 1
github.com/livp123/netxfw/pkg/sdk/stats.go:33.16,35.3 1 0
github.com/livp123/netxfw/pkg/sdk/stats.go:36.2,36.24 1 1
github.com/livp123/netxfw/pkg/sdk/stats.go:39.65,41.2 1 0
github.com/livp123/netxfw/pkg/sdk/stats.go:43.65,45.2 1 0
github.com/livp123/netxfw/pkg/sdk/stats.go:47.53,50.2 2 1
github.com/livp123/netxfw/pkg/sdk/sync.go:25.60,27.2 1 1
github.com/livp123/netxfw/pkg/sdk/sync.go:29.73,31.2 1 1
github.com/livp123/netxfw/pkg/sdk/sync.go:33.67,35.2 1 1
github.com/livp123/netxfw/pkg/sdk/whitelist.go:36.61,38.2 1 3
github.com/livp123/netxfw/pkg/sdk/whitelist.go:40.69,42.2 1 1
github.com/livp123/netxfw/pkg/sdk/whitelist.go:44.51,46.2 1 1
github.com/livp123/netxfw/pkg/sdk/whitelist.go:48.39,50.2 1 0
github.com/livp123/netxfw/pkg/sdk/whitelist.go:52.59,54.2 1 2
github.com/livp123/netxfw/pkg/sdk/whitelist.go:56.79,58.2 1 1
