mode: set
github.com/livp123/netxfw/internal/daemon/agent.go:15.64,22.47 5 0
github.com/livp123/netxfw/internal/daemon/agent.go:22.47,24.3 1 0
github.com/livp123/netxfw/internal/daemon/agent.go:25.2,29.48 3 0
github.com/livp123/netxfw/internal/daemon/agent.go:29.48,32.3 2 0
github.com/livp123/netxfw/internal/daemon/agent.go:34.2,35.22 2 0
github.com/livp123/netxfw/internal/daemon/agent.go:35.22,38.3 2 0
github.com/livp123/netxfw/internal/daemon/agent.go:41.2,43.32 2 0
github.com/livp123/netxfw/internal/daemon/agent.go:43.32,45.3 1 0
github.com/livp123/netxfw/internal/daemon/agent.go:48.2,49.25 2 0
github.com/livp123/netxfw/internal/daemon/agent.go:49.25,52.3 2 0
github.com/livp123/netxfw/internal/daemon/agent.go:52.8,57.17 3 0
github.com/livp123/netxfw/internal/daemon/agent.go:57.17,59.4 1 0
github.com/livp123/netxfw/internal/daemon/agent.go:60.3,62.36 2 0
github.com/livp123/netxfw/internal/daemon/agent.go:67.2,67.59 1 0
github.com/livp123/netxfw/internal/daemon/agent.go:67.59,69.3 1 0
github.com/livp123/netxfw/internal/daemon/agent.go:69.8,71.3 1 0
github.com/livp123/netxfw/internal/daemon/agent.go:74.2,75.47 2 0
github.com/livp123/netxfw/internal/daemon/agent.go:75.47,77.3 1 0
github.com/livp123/netxfw/internal/daemon/agent.go:79.2,88.41 3 0
github.com/livp123/netxfw/internal/daemon/agent.go:88.41,89.43 1 0
github.com/livp123/netxfw/internal/daemon/agent.go:89.43,91.12 2 0
github.com/livp123/netxfw/internal/daemon/agent.go:93.3,93.44 1 0
github.com/livp123/netxfw/internal/daemon/agent.go:93.44,95.4 1 0
github.com/livp123/netxfw/internal/daemon/agent.go:96.3,96.16 1 0
github.com/livp123/netxfw/internal/daemon/agent.go:96.16,96.32 1 0
github.com/livp123/netxfw/internal/daemon/agent.go:100.2,105.45 5 0
github.com/livp123/netxfw/internal/daemon/check.go:17.45,23.16 5 0
github.com/livp123/netxfw/internal/daemon/check.go:23.16,25.3 1 0
github.com/livp123/netxfw/internal/daemon/check.go:27.2,28.41 2 0
github.com/livp123/netxfw/internal/daemon/check.go:28.41,29.41 1 0
github.com/livp123/netxfw/internal/daemon/check.go:29.41,32.12 3 0
github.com/livp123/netxfw/internal/daemon/check.go:34.3,34.62 1 0
github.com/livp123/netxfw/internal/daemon/check.go:37.2,37.14 1 0
github.com/livp123/netxfw/internal/daemon/check.go:37.14,39.3 1 0
github.com/livp123/netxfw/internal/daemon/check.go:39.8,41.3 1 0
github.com/livp123/netxfw/internal/daemon/common.go:23.39,24.51 1 1
github.com/livp123/netxfw/internal/daemon/common.go:24.51,26.17 2 1
github.com/livp123/netxfw/internal/daemon/common.go:26.17,27.55 1 1
github.com/livp123/netxfw/internal/daemon/common.go:27.55,28.61 1 1
github.com/livp123/netxfw/internal/daemon/common.go:28.61,30.6 1 1
github.com/livp123/netxfw/internal/daemon/common.go:34.3,35.22 2 1
github.com/livp123/netxfw/internal/daemon/common.go:38.2,39.76 2 1
github.com/livp123/netxfw/internal/daemon/common.go:39.76,41.3 1 1
github.com/livp123/netxfw/internal/daemon/common.go:42.2,42.12 1 1
github.com/livp123/netxfw/internal/daemon/common.go:47.33,48.40 1 1
github.com/livp123/netxfw/internal/daemon/common.go:48.40,50.3 1 1
github.com/livp123/netxfw/internal/daemon/common.go:55.27,58.12 3 1
github.com/livp123/netxfw/internal/daemon/common.go:58.12,60.17 2 1
github.com/livp123/netxfw/internal/daemon/common.go:60.17,62.4 1 0
github.com/livp123/netxfw/internal/daemon/common.go:68.85,69.87 1 0
github.com/livp123/netxfw/internal/daemon/common.go:69.87,71.43 2 0
github.com/livp123/netxfw/internal/daemon/common.go:71.43,73.52 2 0
github.com/livp123/netxfw/internal/daemon/common.go:73.52,74.31 1 0
github.com/livp123/netxfw/internal/daemon/common.go:74.31,76.11 2 0
github.com/livp123/netxfw/internal/daemon/common.go:79.4,79.14 1 0
github.com/livp123/netxfw/internal/daemon/common.go:79.14,81.5 1 0
github.com/livp123/netxfw/internal/daemon/common.go:83.3,83.24 1 0
github.com/livp123/netxfw/internal/daemon/common.go:83.24,85.51 2 0
github.com/livp123/netxfw/internal/daemon/common.go:85.51,87.5 1 0
github.com/livp123/netxfw/internal/daemon/common.go:94.114,100.6 4 0
github.com/livp123/netxfw/internal/daemon/common.go:100.6,102.31 2 0
github.com/livp123/netxfw/internal/daemon/common.go:102.31,105.25 2 0
github.com/livp123/netxfw/internal/daemon/common.go:105.25,106.40 1 0
github.com/livp123/netxfw/internal/daemon/common.go:106.40,108.6 1 0
github.com/livp123/netxfw/internal/daemon/common.go:108.11,110.6 1 0
github.com/livp123/netxfw/internal/daemon/common.go:111.10,113.5 1 0
github.com/livp123/netxfw/internal/daemon/common.go:115.9,117.23 2 0
github.com/livp123/netxfw/internal/daemon/common.go:117.23,119.5 1 0
github.com/livp123/netxfw/internal/daemon/common.go:120.4,120.9 1 0
github.com/livp123/netxfw/internal/daemon/common.go:127.73,129.34 2 1
github.com/livp123/netxfw/internal/daemon/common.go:129.34,132.3 2 1
github.com/livp123/netxfw/internal/daemon/common.go:134.2,135.16 2 1
github.com/livp123/netxfw/internal/daemon/common.go:135.16,138.3 2 1
github.com/livp123/netxfw/internal/daemon/common.go:140.2,144.6 4 1
github.com/livp123/netxfw/internal/daemon/common.go:144.6,145.10 1 1
github.com/livp123/netxfw/internal/daemon/common.go:146.21,148.10 2 1
github.com/livp123/netxfw/internal/daemon/common.go:149.19,151.18 2 0
github.com/livp123/netxfw/internal/daemon/common.go:151.18,152.13 1 0
github.com/livp123/netxfw/internal/daemon/common.go:155.4,160.17 5 0
github.com/livp123/netxfw/internal/daemon/common.go:160.17,162.5 1 0
github.com/livp123/netxfw/internal/daemon/common.go:163.4,163.13 1 0
github.com/livp123/netxfw/internal/daemon/dp.go:17.40,24.47 5 0
github.com/livp123/netxfw/internal/daemon/dp.go:24.47,26.3 1 0
github.com/livp123/netxfw/internal/daemon/dp.go:27.2,31.48 3 0
github.com/livp123/netxfw/internal/daemon/dp.go:31.48,34.3 2 0
github.com/livp123/netxfw/internal/daemon/dp.go:36.2,37.22 2 0
github.com/livp123/netxfw/internal/daemon/dp.go:37.22,40.3 2 0
github.com/livp123/netxfw/internal/daemon/dp.go:43.2,48.16 4 0
github.com/livp123/netxfw/internal/daemon/dp.go:48.16,51.17 3 0
github.com/livp123/netxfw/internal/daemon/dp.go:51.17,54.4 2 0
github.com/livp123/netxfw/internal/daemon/dp.go:55.3,55.52 1 0
github.com/livp123/netxfw/internal/daemon/dp.go:55.52,57.4 1 0
github.com/livp123/netxfw/internal/daemon/dp.go:59.2,63.40 3 0
github.com/livp123/netxfw/internal/daemon/dp.go:63.40,66.3 2 0
github.com/livp123/netxfw/internal/daemon/dp.go:66.8,68.17 2 0
github.com/livp123/netxfw/internal/daemon/dp.go:68.17,70.4 1 0
github.com/livp123/netxfw/internal/daemon/dp.go:73.2,73.25 1 0
github.com/livp123/netxfw/internal/daemon/dp.go:73.25,74.52 1 0
github.com/livp123/netxfw/internal/daemon/dp.go:74.52,76.4 1 0
github.com/livp123/netxfw/internal/daemon/dp.go:77.3,77.49 1 0
github.com/livp123/netxfw/internal/daemon/dp.go:78.8,80.3 1 0
github.com/livp123/netxfw/internal/daemon/dp.go:84.2,95.34 4 0
github.com/livp123/netxfw/internal/daemon/dp.go:95.34,96.53 1 0
github.com/livp123/netxfw/internal/daemon/dp.go:96.53,98.4 1 0
github.com/livp123/netxfw/internal/daemon/dp.go:99.3,99.37 1 0
github.com/livp123/netxfw/internal/daemon/dp.go:99.37,101.4 1 0
github.com/livp123/netxfw/internal/daemon/dp.go:109.2,111.29 2 0
github.com/livp123/netxfw/internal/daemon/dp.go:111.29,115.17 3 0
github.com/livp123/netxfw/internal/daemon/dp.go:115.17,118.4 2 0
github.com/livp123/netxfw/internal/daemon/dp.go:120.3,122.20 3 0
github.com/livp123/netxfw/internal/daemon/dp.go:122.20,124.4 1 0
github.com/livp123/netxfw/internal/daemon/dp.go:127.3,127.35 1 0
github.com/livp123/netxfw/internal/daemon/dp.go:127.35,128.45 1 0
github.com/livp123/netxfw/internal/daemon/dp.go:128.45,130.5 1 0
github.com/livp123/netxfw/internal/daemon/dp.go:132.3,132.13 1 0
github.com/livp123/netxfw/internal/daemon/dp.go:135.2,135.52 1 0
github.com/livp123/netxfw/internal/daemon/run.go:11.65,13.17 2 0
github.com/livp123/netxfw/internal/daemon/run.go:13.17,15.3 1 0
github.com/livp123/netxfw/internal/daemon/run.go:17.2,17.14 1 0
github.com/livp123/netxfw/internal/daemon/run.go:18.12,19.20 1 0
github.com/livp123/netxfw/internal/daemon/run.go:20.15,21.29 1 0
github.com/livp123/netxfw/internal/daemon/run.go:22.10,24.18 2 0
github.com/livp123/netxfw/internal/daemon/standalone.go:17.38,22.47 4 0
github.com/livp123/netxfw/internal/daemon/standalone.go:22.47,24.3 1 0
github.com/livp123/netxfw/internal/daemon/standalone.go:25.2,28.16 3 0
github.com/livp123/netxfw/internal/daemon/standalone.go:28.16,31.3 2 0
github.com/livp123/netxfw/internal/daemon/standalone.go:34.2,36.32 2 0
github.com/livp123/netxfw/internal/daemon/standalone.go:36.32,38.3 1 0
github.com/livp123/netxfw/internal/daemon/standalone.go:41.2,43.16 3 0
github.com/livp123/netxfw/internal/daemon/standalone.go:43.16,46.17 3 0
github.com/livp123/netxfw/internal/daemon/standalone.go:46.17,48.4 1 0
github.com/livp123/netxfw/internal/daemon/standalone.go:49.3,49.46 1 0
github.com/livp123/netxfw/internal/daemon/standalone.go:49.46,51.4 1 0
github.com/livp123/netxfw/internal/daemon/standalone.go:53.2,57.40 3 0
github.com/livp123/netxfw/internal/daemon/standalone.go:57.40,59.3 1 0
github.com/livp123/netxfw/internal/daemon/standalone.go:59.8,61.3 1 0
github.com/livp123/netxfw/internal/daemon/standalone.go:63.2,63.25 1 0
github.com/livp123/netxfw/internal/daemon/standalone.go:63.25,66.52 2 0
github.com/livp123/netxfw/internal/daemon/standalone.go:66.52,68.4 1 0
github.com/livp123/netxfw/internal/daemon/standalone.go:73.2,73.59 1 0
github.com/livp123/netxfw/internal/daemon/standalone.go:73.59,75.3 1 0
github.com/livp123/netxfw/internal/daemon/standalone.go:75.8,77.3 1 0
github.com/livp123/netxfw/internal/daemon/standalone.go:81.2,92.34 4 0
github.com/livp123/netxfw/internal/daemon/standalone.go:92.34,93.53 1 0
github.com/livp123/netxfw/internal/daemon/standalone.go:93.53,95.4 1 0
github.com/livp123/netxfw/internal/daemon/standalone.go:96.3,96.37 1 0
github.com/livp123/netxfw/internal/daemon/standalone.go:96.37,98.4 1 0
github.com/livp123/netxfw/internal/daemon/standalone.go:102.2,110.41 2 0
github.com/livp123/netxfw/internal/daemon/standalone.go:110.41,111.43 1 0
github.com/livp123/netxfw/internal/daemon/standalone.go:111.43,113.12 2 0
github.com/livp123/netxfw/internal/daemon/standalone.go:115.3,115.44 1 0
github.com/livp123/netxfw/internal/daemon/standalone.go:115.44,117.4 1 0
github.com/livp123/netxfw/internal/daemon/standalone.go:118.3,118.16 1 0
github.com/livp123/netxfw/internal/daemon/standalone.go:118.16,118.32 1 0
github.com/livp123/netxfw/internal/daemon/standalone.go:122.2,128.29 5 0
github.com/livp123/netxfw/internal/daemon/standalone.go:128.29,132.17 4 0
github.com/livp123/netxfw/internal/daemon/standalone.go:132.17,134.4 1 0
github.com/livp123/netxfw/internal/daemon/standalone.go:137.3,137.35 1 0
github.com/livp123/netxfw/internal/daemon/standalone.go:137.35,138.45 1 0
github.com/livp123/netxfw/internal/daemon/standalone.go:138.45,140.5 1 0
github.com/livp123/netxfw/internal/daemon/standalone.go:144.3,145.42 2 0
github.com/livp123/netxfw/internal/daemon/standalone.go:145.42,146.46 1 0
github.com/livp123/netxfw/internal/daemon/standalone.go:146.46,148.5 1 0
github.com/livp123/netxfw/internal/daemon/standalone.go:150.3,150.13 1 0
github.com/livp123/netxfw/internal/daemon/standalone.go:153.2,153.52 1 0
